<?xml version="1.0" encoding="UTF-8"?>
<testsuite name="net.corda.confidential.identities.SyncKeyMappingFlowTests" tests="1" skipped="0" failures="1" errors="0" timestamp="2019-06-19T10:04:20" hostname="19LDN-MAC107-1.local" time="86.048">
  <properties/>
  <testcase name="don't leak confidential identities" classname="net.corda.confidential.identities.SyncKeyMappingFlowTests" time="86.048">
    <failure message="net.corda.core.flows.UnexpectedFlowEndException: Counter-flow errored" type="net.corda.core.flows.UnexpectedFlowEndException">net.corda.core.flows.UnexpectedFlowEndException: Counter-flow errored
	at Received unexpected counter-flow exception from peer O=Bob Plc, L=Rome, C=IT.()
	at net.corda.node.services.statemachine.FlowStateMachineImpl.fillInLocalStackTrace(FlowStateMachineImpl.kt:175)
	at net.corda.node.services.statemachine.FlowStateMachineImpl.processEventsUntilFlowIsResumed(FlowStateMachineImpl.kt:163)
	at net.corda.node.services.statemachine.FlowStateMachineImpl.suspend(FlowStateMachineImpl.kt:447)
	at net.corda.node.services.statemachine.FlowSessionImpl.receive(FlowSessionImpl.kt:69)
	at net.corda.node.services.statemachine.FlowSessionImpl.receive(FlowSessionImpl.kt:73)
	at net.corda.confidential.identities.SyncKeyMappingInitiator.call(SyncKeyMappingFlowTests.kt:149)
	at net.corda.confidential.identities.SyncKeyMappingInitiator.call(SyncKeyMappingFlowTests.kt:117)
	at net.corda.node.services.statemachine.FlowStateMachineImpl.run(FlowStateMachineImpl.kt:270)
	at net.corda.node.services.statemachine.FlowStateMachineImpl.run(FlowStateMachineImpl.kt:46)
	at co.paralleluniverse.fibers.Fiber.run1(Fiber.java:1092)
	at co.paralleluniverse.fibers.Fiber.exec(Fiber.java:788)
	at co.paralleluniverse.fibers.RunnableFiberTask.doExec(RunnableFiberTask.java:100)
	at co.paralleluniverse.fibers.RunnableFiberTask.run(RunnableFiberTask.java:91)
	at java.util.concurrent.Executors$RunnableAdapter.call(Executors.java:511)
	at java.util.concurrent.FutureTask.run(FutureTask.java:266)
	at java.util.concurrent.ScheduledThreadPoolExecutor$ScheduledFutureTask.access$201(ScheduledThreadPoolExecutor.java:180)
	at java.util.concurrent.ScheduledThreadPoolExecutor$ScheduledFutureTask.run(ScheduledThreadPoolExecutor.java:293)
	at java.util.concurrent.ThreadPoolExecutor.runWorker(ThreadPoolExecutor.java:1149)
	at java.util.concurrent.ThreadPoolExecutor$Worker.run(ThreadPoolExecutor.java:624)
	at net.corda.node.utilities.AffinityExecutor$ServiceAffinityExecutor$1$thread$1.run(AffinityExecutor.kt:63)
</failure>
  </testcase>
  <system-out><![CDATA[?[37m[INFO] 11:04:28,735 [Test worker] cordapp.JarScanningCordappLoader.fromDirectories - Looking for CorDapps in [build/mock-network/20190619-100422.550/nodes/0/cordapps]
?[m?[37m[INFO] 11:04:28,760 [Test worker] cordapp.JarScanningCordappLoader.<init> - Loading CorDapps from RestrictedURL(url=file:/Users/williamhester/Desktop/Applications/confidential-identities/workflows/build/mock-network/20190619-100422.550/nodes/0/cordapps/corda-finance-contracts-5.0-SNAPSHOT-WILLH.jar, rootPackageName=null), RestrictedURL(url=file:/Users/williamhester/Desktop/Applications/confidential-identities/workflows/build/mock-network/20190619-100422.550/nodes/0/cordapps/corda-finance-workflows-5.0-SNAPSHOT-WILLH.jar, rootPackageName=null)
?[m?[37m[INFO] 11:04:28,797 [Test worker] cordapp.JarScanningCordappLoader.scanCordapp - Scanning CorDapp in file:/Users/williamhester/Desktop/Applications/confidential-identities/workflows/build/mock-network/20190619-100422.550/nodes/0/cordapps/corda-finance-contracts-5.0-SNAPSHOT-WILLH.jar
?[m?[37m[INFO] 11:04:28,937 [Test worker] cordapp.JarScanningCordappLoader.scanCordapp - Scanning CorDapp in file:/Users/williamhester/Desktop/Applications/confidential-identities/workflows/build/mock-network/20190619-100422.550/nodes/0/cordapps/corda-finance-workflows-5.0-SNAPSHOT-WILLH.jar
?[m?[37m[INFO] 11:04:30,007 [Test worker] internal.InternalMockNetwork$MockNode.start - Node starting up ...
?[m?[37m[INFO] 11:04:30,085 [Test worker] internal.NodeFlowManager.registerInitiatedFlow - Registered net.corda.finance.flows.CashExitFlow to initiate net.corda.finance.flows.CashExitResponderFlow (version 1)
?[m?[37m[INFO] 11:04:30,086 [Test worker] internal.NodeFlowManager.registerInitiatedFlow - Registered net.corda.finance.flows.CashPaymentFlow to initiate net.corda.finance.flows.CashPaymentReceiverFlow (version 1)
?[m?[37m[INFO] 11:04:30,286 [Test worker] internal.InternalMockNetwork$MockNode.start - Loaded network parameters: NetworkParameters {
      minimumPlatformVersion=1
      notaries=[NotaryInfo(identity=O=Notary Service, L=Zurich, C=CH, validating=true)]
      maxMessageSize=10485760
      maxTransactionSize=524288000
      whitelistedContractImplementations {
        
      }
      eventHorizon=PT720H
      packageOwnership {
        
      }
      modifiedTime=2019-06-19T10:04:22.550Z
      epoch=1
  }
?[m?[37m[INFO] 11:04:30,349 [Test worker] hikari.HikariDataSource.<init> - HikariPool-1 - Started.
?[m?[37m[INFO] 11:04:34,888 [Test worker] liquibase.info - Creating database history table with name: PUBLIC.DATABASECHANGELOG
?[m?[37m[INFO] 11:04:34,901 [Test worker] liquibase.info - Reading from PUBLIC.DATABASECHANGELOG
?[m?[37m[INFO] 11:04:34,936 [Test worker] liquibase.info - master.changelog.json: migration/vault-schema.changelog-pkey.xml::non-clustered_pk-11::R3.Corda: Skipping changeSet migration/vault-schema.changelog-pkey.xml::non-clustered_pk-11::R3.Corda due to validation error(s): clustered is not allowed on h2
?[m?[37m[INFO] 11:04:34,937 [Test worker] liquibase.info - master.changelog.json: migration/vault-schema.changelog-pkey.xml::non-clustered_pk-12::R3.Corda: Skipping changeSet migration/vault-schema.changelog-pkey.xml::non-clustered_pk-12::R3.Corda due to validation error(s): clustered is not allowed on h2
?[m?[37m[INFO] 11:04:34,937 [Test worker] liquibase.info - master.changelog.json: migration/vault-schema.changelog-pkey.xml::non-clustered_pk-13::R3.Corda: Skipping changeSet migration/vault-schema.changelog-pkey.xml::non-clustered_pk-13::R3.Corda due to validation error(s): clustered is not allowed on h2
?[m?[37m[INFO] 11:04:34,964 [Test worker] liquibase.info - master.changelog.json: migration/node-core.changelog-pkey.xml::non-clustered_pk-1::R3.Corda: Skipping changeSet migration/node-core.changelog-pkey.xml::non-clustered_pk-1::R3.Corda due to validation error(s): clustered is not allowed on h2
?[m?[37m[INFO] 11:04:34,965 [Test worker] liquibase.info - master.changelog.json: migration/node-core.changelog-pkey.xml::non-clustered_pk-2::R3.Corda: Skipping changeSet migration/node-core.changelog-pkey.xml::non-clustered_pk-2::R3.Corda due to validation error(s): clustered is not allowed on h2
?[m?[37m[INFO] 11:04:34,965 [Test worker] liquibase.info - master.changelog.json: migration/node-core.changelog-pkey.xml::non-clustered_pk-3::R3.Corda: Skipping changeSet migration/node-core.changelog-pkey.xml::non-clustered_pk-3::R3.Corda due to validation error(s): clustered is not allowed on h2
?[m?[37m[INFO] 11:04:34,966 [Test worker] liquibase.info - master.changelog.json: migration/node-core.changelog-pkey.xml::non-clustered_pk-4::R3.Corda: Skipping changeSet migration/node-core.changelog-pkey.xml::non-clustered_pk-4::R3.Corda due to validation error(s): clustered is not allowed on h2
?[m?[37m[INFO] 11:04:34,966 [Test worker] liquibase.info - master.changelog.json: migration/node-core.changelog-pkey.xml::non-clustered_pk-5::R3.Corda: Skipping changeSet migration/node-core.changelog-pkey.xml::non-clustered_pk-5::R3.Corda due to validation error(s): clustered is not allowed on h2
?[m?[37m[INFO] 11:04:34,967 [Test worker] liquibase.info - master.changelog.json: migration/node-core.changelog-pkey.xml::non-clustered_pk-6::R3.Corda: Skipping changeSet migration/node-core.changelog-pkey.xml::non-clustered_pk-6::R3.Corda due to validation error(s): clustered is not allowed on h2
?[m?[37m[INFO] 11:04:34,967 [Test worker] liquibase.info - master.changelog.json: migration/node-core.changelog-pkey.xml::non-clustered_pk-7::R3.Corda: Skipping changeSet migration/node-core.changelog-pkey.xml::non-clustered_pk-7::R3.Corda due to validation error(s): clustered is not allowed on h2
?[m?[37m[INFO] 11:04:34,972 [Test worker] liquibase.info - master.changelog.json: migration/cash.changelog-init.xml::non-clustered_pk-cash::R3.Corda: Skipping changeSet migration/cash.changelog-init.xml::non-clustered_pk-cash::R3.Corda due to validation error(s): clustered is not allowed on h2
?[m?[37m[INFO] 11:04:34,977 [Test worker] liquibase.info - master.changelog.json: migration/commercial-paper.changelog-init.xml::non-clustered_pk-commercial-paper::R3.Corda: Skipping changeSet migration/commercial-paper.changelog-init.xml::non-clustered_pk-commercial-paper::R3.Corda due to validation error(s): clustered is not allowed on h2
?[m?[37m[INFO] 11:04:34,981 [Test worker] liquibase.info - master.changelog.json: migration/node-notary.changelog-pkey.xml::non-clustered_pk-notary_state::R3.Corda: Skipping changeSet migration/node-notary.changelog-pkey.xml::non-clustered_pk-notary_state::R3.Corda due to validation error(s): clustered is not allowed on h2
?[m?[37m[INFO] 11:04:34,994 [Test worker] liquibase.info - Successfully acquired change log lock
?[m?[37m[INFO] 11:04:34,998 [Test worker] liquibase.info - master.changelog.json: migration/vault-schema.changelog-pkey.xml::non-clustered_pk-11::R3.Corda: Skipping changeSet migration/vault-schema.changelog-pkey.xml::non-clustered_pk-11::R3.Corda due to validation error(s): clustered is not allowed on h2
?[m?[37m[INFO] 11:04:34,998 [Test worker] liquibase.info - master.changelog.json: migration/vault-schema.changelog-pkey.xml::non-clustered_pk-12::R3.Corda: Skipping changeSet migration/vault-schema.changelog-pkey.xml::non-clustered_pk-12::R3.Corda due to validation error(s): clustered is not allowed on h2
?[m?[37m[INFO] 11:04:34,998 [Test worker] liquibase.info - master.changelog.json: migration/vault-schema.changelog-pkey.xml::non-clustered_pk-13::R3.Corda: Skipping changeSet migration/vault-schema.changelog-pkey.xml::non-clustered_pk-13::R3.Corda due to validation error(s): clustered is not allowed on h2
?[m?[37m[INFO] 11:04:35,005 [Test worker] liquibase.info - master.changelog.json: migration/node-core.changelog-pkey.xml::non-clustered_pk-1::R3.Corda: Skipping changeSet migration/node-core.changelog-pkey.xml::non-clustered_pk-1::R3.Corda due to validation error(s): clustered is not allowed on h2
?[m?[37m[INFO] 11:04:35,006 [Test worker] liquibase.info - master.changelog.json: migration/node-core.changelog-pkey.xml::non-clustered_pk-2::R3.Corda: Skipping changeSet migration/node-core.changelog-pkey.xml::non-clustered_pk-2::R3.Corda due to validation error(s): clustered is not allowed on h2
?[m?[37m[INFO] 11:04:35,006 [Test worker] liquibase.info - master.changelog.json: migration/node-core.changelog-pkey.xml::non-clustered_pk-3::R3.Corda: Skipping changeSet migration/node-core.changelog-pkey.xml::non-clustered_pk-3::R3.Corda due to validation error(s): clustered is not allowed on h2
?[m?[37m[INFO] 11:04:35,006 [Test worker] liquibase.info - master.changelog.json: migration/node-core.changelog-pkey.xml::non-clustered_pk-4::R3.Corda: Skipping changeSet migration/node-core.changelog-pkey.xml::non-clustered_pk-4::R3.Corda due to validation error(s): clustered is not allowed on h2
?[m?[37m[INFO] 11:04:35,006 [Test worker] liquibase.info - master.changelog.json: migration/node-core.changelog-pkey.xml::non-clustered_pk-5::R3.Corda: Skipping changeSet migration/node-core.changelog-pkey.xml::non-clustered_pk-5::R3.Corda due to validation error(s): clustered is not allowed on h2
?[m?[37m[INFO] 11:04:35,007 [Test worker] liquibase.info - master.changelog.json: migration/node-core.changelog-pkey.xml::non-clustered_pk-6::R3.Corda: Skipping changeSet migration/node-core.changelog-pkey.xml::non-clustered_pk-6::R3.Corda due to validation error(s): clustered is not allowed on h2
?[m?[37m[INFO] 11:04:35,007 [Test worker] liquibase.info - master.changelog.json: migration/node-core.changelog-pkey.xml::non-clustered_pk-7::R3.Corda: Skipping changeSet migration/node-core.changelog-pkey.xml::non-clustered_pk-7::R3.Corda due to validation error(s): clustered is not allowed on h2
?[m?[37m[INFO] 11:04:35,009 [Test worker] liquibase.info - master.changelog.json: migration/cash.changelog-init.xml::non-clustered_pk-cash::R3.Corda: Skipping changeSet migration/cash.changelog-init.xml::non-clustered_pk-cash::R3.Corda due to validation error(s): clustered is not allowed on h2
?[m?[37m[INFO] 11:04:35,010 [Test worker] liquibase.info - master.changelog.json: migration/commercial-paper.changelog-init.xml::non-clustered_pk-commercial-paper::R3.Corda: Skipping changeSet migration/commercial-paper.changelog-init.xml::non-clustered_pk-commercial-paper::R3.Corda due to validation error(s): clustered is not allowed on h2
?[m?[37m[INFO] 11:04:35,013 [Test worker] liquibase.info - master.changelog.json: migration/node-notary.changelog-pkey.xml::non-clustered_pk-notary_state::R3.Corda: Skipping changeSet migration/node-notary.changelog-pkey.xml::non-clustered_pk-notary_state::R3.Corda due to validation error(s): clustered is not allowed on h2
?[m?[37m[INFO] 11:04:35,021 [Test worker] liquibase.info - master.changelog.json: migration/common.changelog-init.xml::1511451595465-1.1::R3.Corda: Sequence hibernate_sequence created
?[m?[37m[INFO] 11:04:35,022 [Test worker] liquibase.info - master.changelog.json: migration/common.changelog-init.xml::1511451595465-1.1::R3.Corda: ChangeSet migration/common.changelog-init.xml::1511451595465-1.1::R3.Corda ran successfully in 8ms
?[m?[37m[INFO] 11:04:35,033 [Test worker] liquibase.info - master.changelog.json: migration/vault-schema.changelog-init.xml::1511451595465-22::R3.Corda: Table vault_fungible_states created
?[m?[37m[INFO] 11:04:35,033 [Test worker] liquibase.info - master.changelog.json: migration/vault-schema.changelog-init.xml::1511451595465-22::R3.Corda: ChangeSet migration/vault-schema.changelog-init.xml::1511451595465-22::R3.Corda ran successfully in 1ms
?[m?[37m[INFO] 11:04:35,036 [Test worker] liquibase.info - master.changelog.json: migration/vault-schema.changelog-init.xml::1511451595465-23::R3.Corda: Table vault_fungible_states_parts created
?[m?[37m[INFO] 11:04:35,036 [Test worker] liquibase.info - master.changelog.json: migration/vault-schema.changelog-init.xml::1511451595465-23::R3.Corda: ChangeSet migration/vault-schema.changelog-init.xml::1511451595465-23::R3.Corda ran successfully in 1ms
?[m?[37m[INFO] 11:04:35,038 [Test worker] liquibase.info - master.changelog.json: migration/vault-schema.changelog-init.xml::1511451595465-24::R3.Corda: Table vault_linear_states created
?[m?[37m[INFO] 11:04:35,038 [Test worker] liquibase.info - master.changelog.json: migration/vault-schema.changelog-init.xml::1511451595465-24::R3.Corda: ChangeSet migration/vault-schema.changelog-init.xml::1511451595465-24::R3.Corda ran successfully in 1ms
?[m?[37m[INFO] 11:04:35,040 [Test worker] liquibase.info - master.changelog.json: migration/vault-schema.changelog-init.xml::1511451595465-25::R3.Corda: Table vault_linear_states_parts created
?[m?[37m[INFO] 11:04:35,041 [Test worker] liquibase.info - master.changelog.json: migration/vault-schema.changelog-init.xml::1511451595465-25::R3.Corda: ChangeSet migration/vault-schema.changelog-init.xml::1511451595465-25::R3.Corda ran successfully in 1ms
?[m?[37m[INFO] 11:04:35,043 [Test worker] liquibase.info - master.changelog.json: migration/vault-schema.changelog-init.xml::1511451595465-26::R3.Corda: Table vault_states created
?[m?[37m[INFO] 11:04:35,043 [Test worker] liquibase.info - master.changelog.json: migration/vault-schema.changelog-init.xml::1511451595465-26::R3.Corda: ChangeSet migration/vault-schema.changelog-init.xml::1511451595465-26::R3.Corda ran successfully in 1ms
?[m?[37m[INFO] 11:04:35,045 [Test worker] liquibase.info - master.changelog.json: migration/vault-schema.changelog-init.xml::1511451595465-27::R3.Corda: Table vault_transaction_notes created
?[m?[37m[INFO] 11:04:35,045 [Test worker] liquibase.info - master.changelog.json: migration/vault-schema.changelog-init.xml::1511451595465-27::R3.Corda: ChangeSet migration/vault-schema.changelog-init.xml::1511451595465-27::R3.Corda ran successfully in 1ms
?[m?[37m[INFO] 11:04:35,050 [Test worker] liquibase.info - master.changelog.json: migration/vault-schema.changelog-init.xml::1511451595465-47::R3.Corda: Primary key added to vault_fungible_states (output_index, transaction_id)
?[m?[37m[INFO] 11:04:35,050 [Test worker] liquibase.info - master.changelog.json: migration/vault-schema.changelog-init.xml::1511451595465-47::R3.Corda: ChangeSet migration/vault-schema.changelog-init.xml::1511451595465-47::R3.Corda ran successfully in 4ms
?[m?[37m[INFO] 11:04:35,052 [Test worker] liquibase.info - master.changelog.json: migration/vault-schema.changelog-init.xml::1511451595465-48::R3.Corda: Primary key added to vault_linear_states (output_index, transaction_id)
?[m?[37m[INFO] 11:04:35,052 [Test worker] liquibase.info - master.changelog.json: migration/vault-schema.changelog-init.xml::1511451595465-48::R3.Corda: ChangeSet migration/vault-schema.changelog-init.xml::1511451595465-48::R3.Corda ran successfully in 1ms
?[m?[37m[INFO] 11:04:35,054 [Test worker] liquibase.info - master.changelog.json: migration/vault-schema.changelog-init.xml::1511451595465-49::R3.Corda: Primary key added to vault_states (output_index, transaction_id)
?[m?[37m[INFO] 11:04:35,054 [Test worker] liquibase.info - master.changelog.json: migration/vault-schema.changelog-init.xml::1511451595465-49::R3.Corda: ChangeSet migration/vault-schema.changelog-init.xml::1511451595465-49::R3.Corda ran successfully in 1ms
?[m?[37m[INFO] 11:04:35,056 [Test worker] liquibase.info - master.changelog.json: migration/vault-schema.changelog-init.xml::1511451595465-50::R3.Corda: Primary key added to vault_transaction_notes (seq_no)
?[m?[37m[INFO] 11:04:35,056 [Test worker] liquibase.info - master.changelog.json: migration/vault-schema.changelog-init.xml::1511451595465-50::R3.Corda: ChangeSet migration/vault-schema.changelog-init.xml::1511451595465-50::R3.Corda ran successfully in 1ms
?[m?[37m[INFO] 11:04:35,059 [Test worker] liquibase.info - master.changelog.json: migration/vault-schema.changelog-init.xml::1511451595465-53::R3.Corda: Index external_id_index created
?[m?[37m[INFO] 11:04:35,059 [Test worker] liquibase.info - master.changelog.json: migration/vault-schema.changelog-init.xml::1511451595465-53::R3.Corda: ChangeSet migration/vault-schema.changelog-init.xml::1511451595465-53::R3.Corda ran successfully in 2ms
?[m?[37m[INFO] 11:04:35,061 [Test worker] liquibase.info - master.changelog.json: migration/vault-schema.changelog-init.xml::1511451595465-55::R3.Corda: Index lock_id_idx created
?[m?[37m[INFO] 11:04:35,061 [Test worker] liquibase.info - master.changelog.json: migration/vault-schema.changelog-init.xml::1511451595465-55::R3.Corda: ChangeSet migration/vault-schema.changelog-init.xml::1511451595465-55::R3.Corda ran successfully in 1ms
?[m?[37m[INFO] 11:04:35,063 [Test worker] liquibase.info - master.changelog.json: migration/vault-schema.changelog-init.xml::1511451595465-58::R3.Corda: Index state_status_idx created
?[m?[37m[INFO] 11:04:35,064 [Test worker] liquibase.info - master.changelog.json: migration/vault-schema.changelog-init.xml::1511451595465-58::R3.Corda: ChangeSet migration/vault-schema.changelog-init.xml::1511451595465-58::R3.Corda ran successfully in 1ms
?[m?[37m[INFO] 11:04:35,066 [Test worker] liquibase.info - master.changelog.json: migration/vault-schema.changelog-init.xml::1511451595465-59::R3.Corda: Index transaction_id_index created
?[m?[37m[INFO] 11:04:35,066 [Test worker] liquibase.info - master.changelog.json: migration/vault-schema.changelog-init.xml::1511451595465-59::R3.Corda: ChangeSet migration/vault-schema.changelog-init.xml::1511451595465-59::R3.Corda ran successfully in 1ms
?[m?[37m[INFO] 11:04:35,068 [Test worker] liquibase.info - master.changelog.json: migration/vault-schema.changelog-init.xml::1511451595465-60::R3.Corda: Index uuid_index created
?[m?[37m[INFO] 11:04:35,068 [Test worker] liquibase.info - master.changelog.json: migration/vault-schema.changelog-init.xml::1511451595465-60::R3.Corda: ChangeSet migration/vault-schema.changelog-init.xml::1511451595465-60::R3.Corda ran successfully in 1ms
?[m?[37m[INFO] 11:04:35,077 [Test worker] liquibase.info - master.changelog.json: migration/vault-schema.changelog-init.xml::1511451595465-64::R3.Corda: Foreign key constraint added to vault_fungible_states_parts (output_index,transaction_id)
?[m?[37m[INFO] 11:04:35,077 [Test worker] liquibase.info - master.changelog.json: migration/vault-schema.changelog-init.xml::1511451595465-64::R3.Corda: ChangeSet migration/vault-schema.changelog-init.xml::1511451595465-64::R3.Corda ran successfully in 8ms
?[m?[37m[INFO] 11:04:35,080 [Test worker] liquibase.info - master.changelog.json: migration/vault-schema.changelog-init.xml::1511451595465-65::R3.Corda: Foreign key constraint added to vault_linear_states_parts (output_index,transaction_id)
?[m?[37m[INFO] 11:04:35,080 [Test worker] liquibase.info - master.changelog.json: migration/vault-schema.changelog-init.xml::1511451595465-65::R3.Corda: ChangeSet migration/vault-schema.changelog-init.xml::1511451595465-65::R3.Corda ran successfully in 2ms
?[m?[37m[INFO] 11:04:35,082 [Test worker] liquibase.info - master.changelog.json: migration/vault-schema.changelog-v3.xml::clean_vault::R3.Corda: Data deleted from vault_fungible_states_parts
?[m?[37m[INFO] 11:04:35,082 [Test worker] liquibase.info - master.changelog.json: migration/vault-schema.changelog-v3.xml::clean_vault::R3.Corda: Data deleted from vault_fungible_states
?[m?[37m[INFO] 11:04:35,083 [Test worker] liquibase.info - master.changelog.json: migration/vault-schema.changelog-v3.xml::clean_vault::R3.Corda: Data deleted from vault_linear_states_parts
?[m?[37m[INFO] 11:04:35,083 [Test worker] liquibase.info - master.changelog.json: migration/vault-schema.changelog-v3.xml::clean_vault::R3.Corda: Data deleted from vault_linear_states
?[m?[37m[INFO] 11:04:35,083 [Test worker] liquibase.info - master.changelog.json: migration/vault-schema.changelog-v3.xml::clean_vault::R3.Corda: Data deleted from vault_states
?[m?[37m[INFO] 11:04:35,083 [Test worker] liquibase.info - master.changelog.json: migration/vault-schema.changelog-v3.xml::clean_vault::R3.Corda: Data deleted from vault_transaction_notes
?[m?[37m[INFO] 11:04:35,083 [Test worker] liquibase.info - master.changelog.json: migration/vault-schema.changelog-v3.xml::clean_vault::R3.Corda: ChangeSet migration/vault-schema.changelog-v3.xml::clean_vault::R3.Corda ran successfully in 2ms
?[m?[37m[INFO] 11:04:35,088 [Test worker] liquibase.info - master.changelog.json: migration/vault-schema.changelog-v4.xml::nullability::R3.Corda: Null constraint has been added to vault_fungible_states.quantity
?[m?[37m[INFO] 11:04:35,089 [Test worker] liquibase.info - master.changelog.json: migration/vault-schema.changelog-v4.xml::nullability::R3.Corda: Null constraint has been added to vault_states.contract_state_class_name
?[m?[37m[INFO] 11:04:35,089 [Test worker] liquibase.info - master.changelog.json: migration/vault-schema.changelog-v4.xml::nullability::R3.Corda: Null constraint has been added to vault_states.notary_name
?[m?[37m[INFO] 11:04:35,090 [Test worker] liquibase.info - master.changelog.json: migration/vault-schema.changelog-v4.xml::nullability::R3.Corda: Null constraint has been added to vault_states.recorded_timestamp
?[m?[37m[INFO] 11:04:35,092 [Test worker] liquibase.info - master.changelog.json: migration/vault-schema.changelog-v4.xml::nullability::R3.Corda: Index state_status_idx dropped from table vault_states
?[m?[37m[INFO] 11:04:35,093 [Test worker] liquibase.info - master.changelog.json: migration/vault-schema.changelog-v4.xml::nullability::R3.Corda: Index lock_id_idx dropped from table vault_states
?[m?[37m[INFO] 11:04:35,094 [Test worker] liquibase.info - master.changelog.json: migration/vault-schema.changelog-v4.xml::nullability::R3.Corda: Null constraint has been added to vault_states.state_status
?[m?[37m[INFO] 11:04:35,094 [Test worker] liquibase.info - master.changelog.json: migration/vault-schema.changelog-v4.xml::nullability::R3.Corda: Index state_status_idx created
?[m?[37m[INFO] 11:04:35,095 [Test worker] liquibase.info - master.changelog.json: migration/vault-schema.changelog-v4.xml::nullability::R3.Corda: Index lock_id_idx created
?[m?[37m[INFO] 11:04:35,095 [Test worker] liquibase.info - master.changelog.json: migration/vault-schema.changelog-v4.xml::nullability::R3.Corda: Index transaction_id_index dropped from table vault_transaction_notes
?[m?[37m[INFO] 11:04:35,096 [Test worker] liquibase.info - master.changelog.json: migration/vault-schema.changelog-v4.xml::nullability::R3.Corda: Null constraint has been added to vault_transaction_notes.note
?[m?[37m[INFO] 11:04:35,097 [Test worker] liquibase.info - master.changelog.json: migration/vault-schema.changelog-v4.xml::nullability::R3.Corda: Null constraint has been added to vault_transaction_notes.transaction_id
?[m?[37m[INFO] 11:04:35,097 [Test worker] liquibase.info - master.changelog.json: migration/vault-schema.changelog-v4.xml::nullability::R3.Corda: Index transaction_id_index created
?[m?[37m[INFO] 11:04:35,098 [Test worker] liquibase.info - master.changelog.json: migration/vault-schema.changelog-v4.xml::nullability::R3.Corda: ChangeSet migration/vault-schema.changelog-v4.xml::nullability::R3.Corda ran successfully in 12ms
?[m?[37m[INFO] 11:04:35,116 [Test worker] liquibase.info - master.changelog.json: migration/vault-schema.changelog-v5.xml::add_relevancy_status_column::R3.Corda: Columns relevancy_status(INT) added to vault_states
?[m?[37m[INFO] 11:04:35,116 [Test worker] liquibase.info - master.changelog.json: migration/vault-schema.changelog-v5.xml::add_relevancy_status_column::R3.Corda: Data updated in vault_states
?[m?[37m[INFO] 11:04:35,117 [Test worker] liquibase.info - master.changelog.json: migration/vault-schema.changelog-v5.xml::add_relevancy_status_column::R3.Corda: Null constraint has been added to vault_states.relevancy_status
?[m?[37m[INFO] 11:04:35,117 [Test worker] liquibase.info - master.changelog.json: migration/vault-schema.changelog-v5.xml::add_relevancy_status_column::R3.Corda: ChangeSet migration/vault-schema.changelog-v5.xml::add_relevancy_status_column::R3.Corda ran successfully in 13ms
?[m?[37m[INFO] 11:04:35,128 [Test worker] liquibase.info - master.changelog.json: migration/vault-schema.changelog-v6.xml::add_is_constraint_information_columns::R3.Corda: Columns constraint_type(INT) added to vault_states
?[m?[37m[INFO] 11:04:35,133 [Test worker] liquibase.info - master.changelog.json: migration/vault-schema.changelog-v6.xml::add_is_constraint_information_columns::R3.Corda: Columns constraint_data(varbinary(563)) added to vault_states
?[m?[37m[INFO] 11:04:35,134 [Test worker] liquibase.info - master.changelog.json: migration/vault-schema.changelog-v6.xml::add_is_constraint_information_columns::R3.Corda: ChangeSet migration/vault-schema.changelog-v6.xml::add_is_constraint_information_columns::R3.Corda ran successfully in 15ms
?[m?[37m[INFO] 11:04:35,135 [Test worker] liquibase.info - master.changelog.json: migration/vault-schema.changelog-v7.xml::make_issuer_ref_nullable::R3.Corda: Null constraint dropped from vault_fungible_states.issuer_ref
?[m?[37m[INFO] 11:04:35,135 [Test worker] liquibase.info - master.changelog.json: migration/vault-schema.changelog-v7.xml::make_issuer_ref_nullable::R3.Corda: ChangeSet migration/vault-schema.changelog-v7.xml::make_issuer_ref_nullable::R3.Corda ran successfully in 0ms
?[m?[37m[INFO] 11:04:35,137 [Test worker] liquibase.info - master.changelog.json: migration/vault-schema.changelog-v8.xml::create-external-id-to-state-party-view::R3.Corda: Table state_party created
?[m?[37m[INFO] 11:04:35,138 [Test worker] liquibase.info - master.changelog.json: migration/vault-schema.changelog-v8.xml::create-external-id-to-state-party-view::R3.Corda: Index state_pk_hash_idx created
?[m?[37m[INFO] 11:04:35,138 [Test worker] liquibase.info - master.changelog.json: migration/vault-schema.changelog-v8.xml::create-external-id-to-state-party-view::R3.Corda: Table pk_hash_to_ext_id_map created
?[m?[37m[INFO] 11:04:35,139 [Test worker] liquibase.info - master.changelog.json: migration/vault-schema.changelog-v8.xml::create-external-id-to-state-party-view::R3.Corda: Index pk_hash_to_xid_idx created
?[m?[37m[INFO] 11:04:35,142 [Test worker] liquibase.info - master.changelog.json: migration/vault-schema.changelog-v8.xml::create-external-id-to-state-party-view::R3.Corda: View v_pkey_hash_ex_id_map created
?[m?[37m[INFO] 11:04:35,142 [Test worker] liquibase.info - master.changelog.json: migration/vault-schema.changelog-v8.xml::create-external-id-to-state-party-view::R3.Corda: ChangeSet migration/vault-schema.changelog-v8.xml::create-external-id-to-state-party-view::R3.Corda ran successfully in 5ms
?[m?[37m[INFO] 11:04:35,144 [Test worker] liquibase.info - master.changelog.json: migration/node-info.changelog-init.xml::1511451595465-4::R3.Corda: Table node_link_nodeinfo_party created
?[m?[37m[INFO] 11:04:35,144 [Test worker] liquibase.info - master.changelog.json: migration/node-info.changelog-init.xml::1511451595465-4::R3.Corda: ChangeSet migration/node-info.changelog-init.xml::1511451595465-4::R3.Corda ran successfully in 1ms
?[m?[37m[INFO] 11:04:35,146 [Test worker] liquibase.info - master.changelog.json: migration/node-info.changelog-init.xml::1511451595465-10::R3.Corda: Table node_info_hosts created
?[m?[37m[INFO] 11:04:35,146 [Test worker] liquibase.info - master.changelog.json: migration/node-info.changelog-init.xml::1511451595465-10::R3.Corda: ChangeSet migration/node-info.changelog-init.xml::1511451595465-10::R3.Corda ran successfully in 1ms
?[m?[37m[INFO] 11:04:35,148 [Test worker] liquibase.info - master.changelog.json: migration/node-info.changelog-init.xml::1511451595465-11::R3.Corda: Table node_info_party_cert created
?[m?[37m[INFO] 11:04:35,148 [Test worker] liquibase.info - master.changelog.json: migration/node-info.changelog-init.xml::1511451595465-11::R3.Corda: ChangeSet migration/node-info.changelog-init.xml::1511451595465-11::R3.Corda ran successfully in 1ms
?[m?[37m[INFO] 11:04:35,150 [Test worker] liquibase.info - master.changelog.json: migration/node-info.changelog-init.xml::1511451595465-12::R3.Corda: Table node_infos created
?[m?[37m[INFO] 11:04:35,151 [Test worker] liquibase.info - master.changelog.json: migration/node-info.changelog-init.xml::1511451595465-12::R3.Corda: ChangeSet migration/node-info.changelog-init.xml::1511451595465-12::R3.Corda ran successfully in 2ms
?[m?[37m[INFO] 11:04:35,153 [Test worker] liquibase.info - master.changelog.json: migration/node-info.changelog-init.xml::1511451595465-35::R3.Corda: Primary key added to node_info_hosts (host, port)
?[m?[37m[INFO] 11:04:35,153 [Test worker] liquibase.info - master.changelog.json: migration/node-info.changelog-init.xml::1511451595465-35::R3.Corda: ChangeSet migration/node-info.changelog-init.xml::1511451595465-35::R3.Corda ran successfully in 1ms
?[m?[37m[INFO] 11:04:35,156 [Test worker] liquibase.info - master.changelog.json: migration/node-info.changelog-init.xml::1511451595465-36::R3.Corda: Primary key added to node_info_party_cert (party_name)
?[m?[37m[INFO] 11:04:35,156 [Test worker] liquibase.info - master.changelog.json: migration/node-info.changelog-init.xml::1511451595465-36::R3.Corda: ChangeSet migration/node-info.changelog-init.xml::1511451595465-36::R3.Corda ran successfully in 1ms
?[m?[37m[INFO] 11:04:35,158 [Test worker] liquibase.info - master.changelog.json: migration/node-info.changelog-init.xml::1511451595465-37::R3.Corda: Primary key added to node_infos (node_info_id)
?[m?[37m[INFO] 11:04:35,158 [Test worker] liquibase.info - master.changelog.json: migration/node-info.changelog-init.xml::1511451595465-37::R3.Corda: ChangeSet migration/node-info.changelog-init.xml::1511451595465-37::R3.Corda ran successfully in 1ms
?[m?[37m[INFO] 11:04:35,162 [Test worker] liquibase.info - master.changelog.json: migration/node-info.changelog-init.xml::1511451595465-62::R3.Corda: Foreign key constraint added to node_link_nodeinfo_party (node_info_id)
?[m?[37m[INFO] 11:04:35,163 [Test worker] liquibase.info - master.changelog.json: migration/node-info.changelog-init.xml::1511451595465-62::R3.Corda: ChangeSet migration/node-info.changelog-init.xml::1511451595465-62::R3.Corda ran successfully in 2ms
?[m?[37m[INFO] 11:04:35,166 [Test worker] liquibase.info - master.changelog.json: migration/node-info.changelog-init.xml::1511451595465-63::R3.Corda: Foreign key constraint added to node_info_hosts (node_info_id)
?[m?[37m[INFO] 11:04:35,166 [Test worker] liquibase.info - master.changelog.json: migration/node-info.changelog-init.xml::1511451595465-63::R3.Corda: ChangeSet migration/node-info.changelog-init.xml::1511451595465-63::R3.Corda ran successfully in 2ms
?[m?[37m[INFO] 11:04:35,169 [Test worker] liquibase.info - master.changelog.json: migration/node-info.changelog-init.xml::remove_host_port_pk::R3.Corda: Data deleted from node_infos
?[m?[37m[INFO] 11:04:35,169 [Test worker] liquibase.info - master.changelog.json: migration/node-info.changelog-init.xml::remove_host_port_pk::R3.Corda: Data deleted from node_link_nodeinfo_party
?[m?[37m[INFO] 11:04:35,169 [Test worker] liquibase.info - master.changelog.json: migration/node-info.changelog-init.xml::remove_host_port_pk::R3.Corda: Data deleted from node_info_hosts
?[m?[37m[INFO] 11:04:35,170 [Test worker] liquibase.info - master.changelog.json: migration/node-info.changelog-init.xml::remove_host_port_pk::R3.Corda: Data deleted from node_info_party_cert
?[m?[37m[INFO] 11:04:35,171 [Test worker] liquibase.info - master.changelog.json: migration/node-info.changelog-init.xml::remove_host_port_pk::R3.Corda: Primary key dropped from node_info_hosts
?[m?[37m[INFO] 11:04:35,177 [Test worker] liquibase.info - master.changelog.json: migration/node-info.changelog-init.xml::remove_host_port_pk::R3.Corda: Columns hosts_id(INT) added to node_info_hosts
?[m?[37m[INFO] 11:04:35,177 [Test worker] liquibase.info - master.changelog.json: migration/node-info.changelog-init.xml::remove_host_port_pk::R3.Corda: Primary key added to node_info_hosts (hosts_id)
?[m?[37m[INFO] 11:04:35,178 [Test worker] liquibase.info - master.changelog.json: migration/node-info.changelog-init.xml::remove_host_port_pk::R3.Corda: ChangeSet migration/node-info.changelog-init.xml::remove_host_port_pk::R3.Corda ran successfully in 9ms
?[m?[37m[INFO] 11:04:35,180 [Test worker] liquibase.info - master.changelog.json: migration/node-info.changelog-v1.xml::key/value node properties table::R3.Corda: Table node_properties created
?[m?[37m[INFO] 11:04:35,181 [Test worker] liquibase.info - master.changelog.json: migration/node-info.changelog-v1.xml::key/value node properties table::R3.Corda: ChangeSet migration/node-info.changelog-v1.xml::key/value node properties table::R3.Corda ran successfully in 1ms
?[m?[37m[INFO] 11:04:35,183 [Test worker] liquibase.info - master.changelog.json: migration/node-info.changelog-v2.xml::1525962920::R3.Corda: Null constraint has been added to node_infos.node_info_hash
?[m?[37m[INFO] 11:04:35,184 [Test worker] liquibase.info - master.changelog.json: migration/node-info.changelog-v2.xml::1525962920::R3.Corda: Null constraint has been added to node_infos.platform_version
?[m?[37m[INFO] 11:04:35,185 [Test worker] liquibase.info - master.changelog.json: migration/node-info.changelog-v2.xml::1525962920::R3.Corda: Null constraint has been added to node_infos.serial
?[m?[37m[INFO] 11:04:35,186 [Test worker] liquibase.info - master.changelog.json: migration/node-info.changelog-v2.xml::1525962920::R3.Corda: Null constraint dropped from node_info_hosts.host
?[m?[37m[INFO] 11:04:35,187 [Test worker] liquibase.info - master.changelog.json: migration/node-info.changelog-v2.xml::1525962920::R3.Corda: Null constraint dropped from node_info_hosts.port
?[m?[37m[INFO] 11:04:35,188 [Test worker] liquibase.info - master.changelog.json: migration/node-info.changelog-v2.xml::1525962920::R3.Corda: Null constraint has been added to node_info_party_cert.owning_key_hash
?[m?[37m[INFO] 11:04:35,188 [Test worker] liquibase.info - master.changelog.json: migration/node-info.changelog-v2.xml::1525962920::R3.Corda: Null constraint has been added to node_info_party_cert.party_cert_binary
?[m?[37m[INFO] 11:04:35,188 [Test worker] liquibase.info - master.changelog.json: migration/node-info.changelog-v2.xml::1525962920::R3.Corda: ChangeSet migration/node-info.changelog-v2.xml::1525962920::R3.Corda ran successfully in 6ms
?[m?[37m[INFO] 11:04:35,192 [Test worker] liquibase.info - master.changelog.json: migration/node-info.changelog-v3.xml::column_host_name::R3.Corda: Column node_info_hosts.host renamed to host_name
?[m?[37m[INFO] 11:04:35,193 [Test worker] liquibase.info - master.changelog.json: migration/node-info.changelog-v3.xml::column_host_name::R3.Corda: ChangeSet migration/node-info.changelog-v3.xml::column_host_name::R3.Corda ran successfully in 3ms
?[m?[37m[INFO] 11:04:35,195 [Test worker] liquibase.info - master.changelog.json: migration/node-services.changelog-init.xml::1511451595465-5::R3.Corda: Table node_attachments created
?[m?[37m[INFO] 11:04:35,195 [Test worker] liquibase.info - master.changelog.json: migration/node-services.changelog-init.xml::1511451595465-5::R3.Corda: ChangeSet migration/node-services.changelog-init.xml::1511451595465-5::R3.Corda ran successfully in 1ms
?[m?[37m[INFO] 11:04:35,197 [Test worker] liquibase.info - master.changelog.json: migration/node-services.changelog-init.xml::1511451595465-7::R3.Corda: Table node_checkpoints created
?[m?[37m[INFO] 11:04:35,197 [Test worker] liquibase.info - master.changelog.json: migration/node-services.changelog-init.xml::1511451595465-7::R3.Corda: ChangeSet migration/node-services.changelog-init.xml::1511451595465-7::R3.Corda ran successfully in 1ms
?[m?[37m[INFO] 11:04:35,199 [Test worker] liquibase.info - master.changelog.json: migration/node-services.changelog-init.xml::1511451595465-8::R3.Corda: Table node_contract_upgrades created
?[m?[37m[INFO] 11:04:35,199 [Test worker] liquibase.info - master.changelog.json: migration/node-services.changelog-init.xml::1511451595465-8::R3.Corda: ChangeSet migration/node-services.changelog-init.xml::1511451595465-8::R3.Corda ran successfully in 1ms
?[m?[37m[INFO] 11:04:35,201 [Test worker] liquibase.info - master.changelog.json: migration/node-services.changelog-init.xml::1511451595465-9::R3.Corda: Table node_identities created
?[m?[37m[INFO] 11:04:35,202 [Test worker] liquibase.info - master.changelog.json: migration/node-services.changelog-init.xml::1511451595465-9::R3.Corda: ChangeSet migration/node-services.changelog-init.xml::1511451595465-9::R3.Corda ran successfully in 1ms
?[m?[37m[INFO] 11:04:35,203 [Test worker] liquibase.info - master.changelog.json: migration/node-services.changelog-init.xml::1511451595465-13::R3.Corda: Table node_message_ids created
?[m?[37m[INFO] 11:04:35,204 [Test worker] liquibase.info - master.changelog.json: migration/node-services.changelog-init.xml::1511451595465-13::R3.Corda: ChangeSet migration/node-services.changelog-init.xml::1511451595465-13::R3.Corda ran successfully in 1ms
?[m?[37m[INFO] 11:04:35,206 [Test worker] liquibase.info - master.changelog.json: migration/node-services.changelog-init.xml::1511451595465-14::R3.Corda: Table node_message_retry created
?[m?[37m[INFO] 11:04:35,206 [Test worker] liquibase.info - master.changelog.json: migration/node-services.changelog-init.xml::1511451595465-14::R3.Corda: ChangeSet migration/node-services.changelog-init.xml::1511451595465-14::R3.Corda ran successfully in 1ms
?[m?[37m[INFO] 11:04:35,208 [Test worker] liquibase.info - master.changelog.json: migration/node-services.changelog-init.xml::1511451595465-15::R3.Corda: Table node_named_identities created
?[m?[37m[INFO] 11:04:35,208 [Test worker] liquibase.info - master.changelog.json: migration/node-services.changelog-init.xml::1511451595465-15::R3.Corda: ChangeSet migration/node-services.changelog-init.xml::1511451595465-15::R3.Corda ran successfully in 1ms
?[m?[37m[INFO] 11:04:35,210 [Test worker] liquibase.info - master.changelog.json: migration/node-services.changelog-init.xml::1511451595465-17::R3.Corda: Table node_our_key_pairs created
?[m?[37m[INFO] 11:04:35,210 [Test worker] liquibase.info - master.changelog.json: migration/node-services.changelog-init.xml::1511451595465-17::R3.Corda: ChangeSet migration/node-services.changelog-init.xml::1511451595465-17::R3.Corda ran successfully in 1ms
?[m?[37m[INFO] 11:04:35,212 [Test worker] liquibase.info - master.changelog.json: migration/node-services.changelog-init.xml::1511451595465-19::R3.Corda: Table node_scheduled_states created
?[m?[37m[INFO] 11:04:35,212 [Test worker] liquibase.info - master.changelog.json: migration/node-services.changelog-init.xml::1511451595465-19::R3.Corda: ChangeSet migration/node-services.changelog-init.xml::1511451595465-19::R3.Corda ran successfully in 1ms
?[m?[37m[INFO] 11:04:35,214 [Test worker] liquibase.info - master.changelog.json: migration/node-services.changelog-init.xml::1511451595465-20::R3.Corda: Table node_transaction_mappings created
?[m?[37m[INFO] 11:04:35,214 [Test worker] liquibase.info - master.changelog.json: migration/node-services.changelog-init.xml::1511451595465-20::R3.Corda: ChangeSet migration/node-services.changelog-init.xml::1511451595465-20::R3.Corda ran successfully in 0ms
?[m?[37m[INFO] 11:04:35,217 [Test worker] liquibase.info - master.changelog.json: migration/node-services.changelog-init.xml::1511451595465-21::R3.Corda: Table node_transactions created
?[m?[37m[INFO] 11:04:35,217 [Test worker] liquibase.info - master.changelog.json: migration/node-services.changelog-init.xml::1511451595465-21::R3.Corda: ChangeSet migration/node-services.changelog-init.xml::1511451595465-21::R3.Corda ran successfully in 1ms
?[m?[37m[INFO] 11:04:35,219 [Test worker] liquibase.info - master.changelog.json: migration/node-services.changelog-init.xml::1511451595465-30::R3.Corda: Primary key added to node_attachments (att_id)
?[m?[37m[INFO] 11:04:35,219 [Test worker] liquibase.info - master.changelog.json: migration/node-services.changelog-init.xml::1511451595465-30::R3.Corda: ChangeSet migration/node-services.changelog-init.xml::1511451595465-30::R3.Corda ran successfully in 1ms
?[m?[37m[INFO] 11:04:35,221 [Test worker] liquibase.info - master.changelog.json: migration/node-services.changelog-init.xml::1511451595465-32::R3.Corda: Primary key added to node_checkpoints (checkpoint_id)
?[m?[37m[INFO] 11:04:35,222 [Test worker] liquibase.info - master.changelog.json: migration/node-services.changelog-init.xml::1511451595465-32::R3.Corda: ChangeSet migration/node-services.changelog-init.xml::1511451595465-32::R3.Corda ran successfully in 1ms
?[m?[37m[INFO] 11:04:35,224 [Test worker] liquibase.info - master.changelog.json: migration/node-services.changelog-init.xml::1511451595465-33::R3.Corda: Primary key added to node_contract_upgrades (state_ref)
?[m?[37m[INFO] 11:04:35,224 [Test worker] liquibase.info - master.changelog.json: migration/node-services.changelog-init.xml::1511451595465-33::R3.Corda: ChangeSet migration/node-services.changelog-init.xml::1511451595465-33::R3.Corda ran successfully in 1ms
?[m?[37m[INFO] 11:04:35,226 [Test worker] liquibase.info - master.changelog.json: migration/node-services.changelog-init.xml::1511451595465-34::R3.Corda: Primary key added to node_identities (pk_hash)
?[m?[37m[INFO] 11:04:35,226 [Test worker] liquibase.info - master.changelog.json: migration/node-services.changelog-init.xml::1511451595465-34::R3.Corda: ChangeSet migration/node-services.changelog-init.xml::1511451595465-34::R3.Corda ran successfully in 1ms
?[m?[37m[INFO] 11:04:35,229 [Test worker] liquibase.info - master.changelog.json: migration/node-services.changelog-init.xml::1511451595465-38::R3.Corda: Primary key added to node_message_ids (message_id)
?[m?[37m[INFO] 11:04:35,229 [Test worker] liquibase.info - master.changelog.json: migration/node-services.changelog-init.xml::1511451595465-38::R3.Corda: ChangeSet migration/node-services.changelog-init.xml::1511451595465-38::R3.Corda ran successfully in 1ms
?[m?[37m[INFO] 11:04:35,231 [Test worker] liquibase.info - master.changelog.json: migration/node-services.changelog-init.xml::1511451595465-39::R3.Corda: Primary key added to node_message_retry (message_id)
?[m?[37m[INFO] 11:04:35,231 [Test worker] liquibase.info - master.changelog.json: migration/node-services.changelog-init.xml::1511451595465-39::R3.Corda: ChangeSet migration/node-services.changelog-init.xml::1511451595465-39::R3.Corda ran successfully in 1ms
?[m?[37m[INFO] 11:04:35,233 [Test worker] liquibase.info - master.changelog.json: migration/node-services.changelog-init.xml::1511451595465-40::R3.Corda: Primary key added to node_named_identities (name)
?[m?[37m[INFO] 11:04:35,233 [Test worker] liquibase.info - master.changelog.json: migration/node-services.changelog-init.xml::1511451595465-40::R3.Corda: ChangeSet migration/node-services.changelog-init.xml::1511451595465-40::R3.Corda ran successfully in 1ms
?[m?[37m[INFO] 11:04:35,236 [Test worker] liquibase.info - master.changelog.json: migration/node-services.changelog-init.xml::1511451595465-42::R3.Corda: Primary key added to node_our_key_pairs (public_key_hash)
?[m?[37m[INFO] 11:04:35,236 [Test worker] liquibase.info - master.changelog.json: migration/node-services.changelog-init.xml::1511451595465-42::R3.Corda: ChangeSet migration/node-services.changelog-init.xml::1511451595465-42::R3.Corda ran successfully in 1ms
?[m?[37m[INFO] 11:04:35,238 [Test worker] liquibase.info - master.changelog.json: migration/node-services.changelog-init.xml::1511451595465-44::R3.Corda: Primary key added to node_scheduled_states (output_index, transaction_id)
?[m?[37m[INFO] 11:04:35,238 [Test worker] liquibase.info - master.changelog.json: migration/node-services.changelog-init.xml::1511451595465-44::R3.Corda: ChangeSet migration/node-services.changelog-init.xml::1511451595465-44::R3.Corda ran successfully in 1ms
?[m?[37m[INFO] 11:04:35,240 [Test worker] liquibase.info - master.changelog.json: migration/node-services.changelog-init.xml::1511451595465-45::R3.Corda: Primary key added to node_transaction_mappings (tx_id)
?[m?[37m[INFO] 11:04:35,241 [Test worker] liquibase.info - master.changelog.json: migration/node-services.changelog-init.xml::1511451595465-45::R3.Corda: ChangeSet migration/node-services.changelog-init.xml::1511451595465-45::R3.Corda ran successfully in 2ms
?[m?[37m[INFO] 11:04:35,243 [Test worker] liquibase.info - master.changelog.json: migration/node-services.changelog-init.xml::1511451595465-46::R3.Corda: Primary key added to node_transactions (tx_id)
?[m?[37m[INFO] 11:04:35,243 [Test worker] liquibase.info - master.changelog.json: migration/node-services.changelog-init.xml::1511451595465-46::R3.Corda: ChangeSet migration/node-services.changelog-init.xml::1511451595465-46::R3.Corda ran successfully in 1ms
?[m?[37m[INFO] 11:04:35,246 [Test worker] liquibase.info - master.changelog.json: migration/node-services.changelog-init.xml::1511451595465-61::R3.Corda: Foreign key constraint added to node_link_nodeinfo_party (party_name)
?[m?[37m[INFO] 11:04:35,247 [Test worker] liquibase.info - master.changelog.json: migration/node-services.changelog-init.xml::1511451595465-61::R3.Corda: ChangeSet migration/node-services.changelog-init.xml::1511451595465-61::R3.Corda ran successfully in 2ms
?[m?[37m[INFO] 11:04:35,248 [Test worker] liquibase.info - master.changelog.json: migration/node-services.changelog-init.xml::add index att_id::R3.Corda: Index att_id_idx created
?[m?[37m[INFO] 11:04:35,249 [Test worker] liquibase.info - master.changelog.json: migration/node-services.changelog-init.xml::add index att_id::R3.Corda: ChangeSet migration/node-services.changelog-init.xml::add index att_id::R3.Corda ran successfully in 1ms
?[m?[37m[INFO] 11:04:35,251 [Test worker] liquibase.info - master.changelog.json: migration/node-services.changelog-init.xml::add_contract_attachment::R3.Corda: Table node_attchments_contracts created
?[m?[37m[INFO] 11:04:35,252 [Test worker] liquibase.info - master.changelog.json: migration/node-services.changelog-init.xml::add_contract_attachment::R3.Corda: Foreign key constraint added to node_attchments_contracts (att_id)
?[m?[37m[INFO] 11:04:35,253 [Test worker] liquibase.info - master.changelog.json: migration/node-services.changelog-init.xml::add_contract_attachment::R3.Corda: Data deleted from node_attachments
?[m?[37m[INFO] 11:04:35,253 [Test worker] liquibase.info - master.changelog.json: migration/node-services.changelog-init.xml::add_contract_attachment::R3.Corda: ChangeSet migration/node-services.changelog-init.xml::add_contract_attachment::R3.Corda ran successfully in 3ms
?[m?[37m[INFO] 11:04:35,261 [Test worker] liquibase.info - master.changelog.json: migration/node-services.changelog-init.xml::add_dedup_columns::R3.Corda: Columns sender(NVARCHAR(64)),sequence_number(BIGINT) added to node_message_ids
?[m?[37m[INFO] 11:04:35,261 [Test worker] liquibase.info - master.changelog.json: migration/node-services.changelog-init.xml::add_dedup_columns::R3.Corda: ChangeSet migration/node-services.changelog-init.xml::add_dedup_columns::R3.Corda ran successfully in 7ms
?[m?[37m[INFO] 11:04:35,264 [Test worker] liquibase.info - master.changelog.json: migration/node-core.changelog-v4.xml::attchments_rename::R3.Corda: Table node_attchments_contracts renamed to node_attachments_contracts
?[m?[37m[INFO] 11:04:35,264 [Test worker] liquibase.info - master.changelog.json: migration/node-core.changelog-v4.xml::attchments_rename::R3.Corda: ChangeSet migration/node-core.changelog-v4.xml::attchments_rename::R3.Corda ran successfully in 2ms
?[m?[37m[INFO] 11:04:35,266 [Test worker] liquibase.info - master.changelog.json: migration/node-core.changelog-v4.xml::nullability::R3.Corda: Null constraint has been added to node_identities.identity_value
?[m?[37m[INFO] 11:04:35,266 [Test worker] liquibase.info - master.changelog.json: migration/node-core.changelog-v4.xml::nullability::R3.Corda: Null constraint has been added to node_attachments.content
?[m?[37m[INFO] 11:04:35,267 [Test worker] liquibase.info - master.changelog.json: migration/node-core.changelog-v4.xml::nullability::R3.Corda: Null constraint has been added to node_attachments_contracts.contract_class_name
?[m?[37m[INFO] 11:04:35,267 [Test worker] liquibase.info - master.changelog.json: migration/node-core.changelog-v4.xml::nullability::R3.Corda: Null constraint has been added to node_checkpoints.checkpoint_value
?[m?[37m[INFO] 11:04:35,268 [Test worker] liquibase.info - master.changelog.json: migration/node-core.changelog-v4.xml::nullability::R3.Corda: Null constraint has been added to node_contract_upgrades.contract_class_name
?[m?[37m[INFO] 11:04:35,269 [Test worker] liquibase.info - master.changelog.json: migration/node-core.changelog-v4.xml::nullability::R3.Corda: Null constraint has been added to node_message_ids.insertion_time
?[m?[37m[INFO] 11:04:35,269 [Test worker] liquibase.info - master.changelog.json: migration/node-core.changelog-v4.xml::nullability::R3.Corda: Null constraint has been added to node_message_retry.message
?[m?[37m[INFO] 11:04:35,270 [Test worker] liquibase.info - master.changelog.json: migration/node-core.changelog-v4.xml::nullability::R3.Corda: Null constraint has been added to node_message_retry.recipients
?[m?[37m[INFO] 11:04:35,270 [Test worker] liquibase.info - master.changelog.json: migration/node-core.changelog-v4.xml::nullability::R3.Corda: Null constraint has been added to node_named_identities.pk_hash
?[m?[37m[INFO] 11:04:35,271 [Test worker] liquibase.info - master.changelog.json: migration/node-core.changelog-v4.xml::nullability::R3.Corda: Null constraint has been added to node_our_key_pairs.private_key
?[m?[37m[INFO] 11:04:35,271 [Test worker] liquibase.info - master.changelog.json: migration/node-core.changelog-v4.xml::nullability::R3.Corda: Null constraint has been added to node_our_key_pairs.public_key
?[m?[37m[INFO] 11:04:35,272 [Test worker] liquibase.info - master.changelog.json: migration/node-core.changelog-v4.xml::nullability::R3.Corda: Null constraint has been added to node_transaction_mappings.state_machine_run_id
?[m?[37m[INFO] 11:04:35,273 [Test worker] liquibase.info - master.changelog.json: migration/node-core.changelog-v4.xml::nullability::R3.Corda: Null constraint has been added to node_transactions.transaction_value
?[m?[37m[INFO] 11:04:35,273 [Test worker] liquibase.info - master.changelog.json: migration/node-core.changelog-v4.xml::nullability::R3.Corda: ChangeSet migration/node-core.changelog-v4.xml::nullability::R3.Corda ran successfully in 8ms
?[m?[37m[INFO] 11:04:35,278 [Test worker] liquibase.info - master.changelog.json: migration/node-core.changelog-v5.xml::remove_unused_node_message_retry::R3.Corda: Table node_message_retry dropped
?[m?[37m[INFO] 11:04:35,278 [Test worker] liquibase.info - master.changelog.json: migration/node-core.changelog-v5.xml::remove_unused_node_message_retry::R3.Corda: ChangeSet migration/node-core.changelog-v5.xml::remove_unused_node_message_retry::R3.Corda ran successfully in 3ms
?[m?[37m[INFO] 11:04:35,316 [Test worker] liquibase.info - master.changelog.json: migration/node-core.changelog-v8.xml::conditional_attchments_rename::R3.Corda: Marking ChangeSet: migration/node-core.changelog-v8.xml::conditional_attchments_rename::R3.Corda ran despite precondition failure due to onFail='MARK_RAN': 
          master.changelog.json : Table PUBLIC.NODE_ATTCHMENTS_CONTRACTS does not exist

?[m?[37m[INFO] 11:04:35,346 [Test worker] liquibase.info - master.changelog.json: migration/node-core.changelog-v8.xml::conditional_attchments_contracts::R3.Corda: Marking ChangeSet: migration/node-core.changelog-v8.xml::conditional_attchments_contracts::R3.Corda ran despite precondition failure due to onFail='MARK_RAN': 
          master.changelog.json : Table PUBLIC.NODE_ATTACHMENTS_CONTRACT_CLASS_NAME does not exist

?[m?[37m[INFO] 11:04:35,349 [Test worker] liquibase.info - master.changelog.json: migration/node-core.changelog-v8.xml::add_signers::R3.Corda: Table node_attachments_signers created
?[m?[37m[INFO] 11:04:35,351 [Test worker] liquibase.info - master.changelog.json: migration/node-core.changelog-v8.xml::add_signers::R3.Corda: Foreign key constraint added to node_attachments_signers (att_id)
?[m?[37m[INFO] 11:04:35,351 [Test worker] liquibase.info - master.changelog.json: migration/node-core.changelog-v8.xml::add_signers::R3.Corda: ChangeSet migration/node-core.changelog-v8.xml::add_signers::R3.Corda ran successfully in 3ms
?[m?[37m[INFO] 11:04:35,356 [Test worker] liquibase.info - master.changelog.json: migration/node-core.changelog-tx-mapping.xml::add_tx_mapping_column::R3.Corda: Columns state_machine_run_id(NVARCHAR(36)) added to node_transactions
?[m?[37m[INFO] 11:04:35,358 [Test worker] liquibase.info - master.changelog.json: migration/node-core.changelog-tx-mapping.xml::add_tx_mapping_column::R3.Corda: Custom SQL executed
?[m?[37m[INFO] 11:04:35,359 [Test worker] liquibase.info - master.changelog.json: migration/node-core.changelog-tx-mapping.xml::add_tx_mapping_column::R3.Corda: Table node_transaction_mappings dropped
?[m?[37m[INFO] 11:04:35,359 [Test worker] liquibase.info - master.changelog.json: migration/node-core.changelog-tx-mapping.xml::add_tx_mapping_column::R3.Corda: ChangeSet migration/node-core.changelog-tx-mapping.xml::add_tx_mapping_column::R3.Corda ran successfully in 7ms
?[m?[37m[INFO] 11:04:35,361 [Test worker] liquibase.info - master.changelog.json: migration/node-services.changelog-init.xml::add_network_parameters_storage::R3.Corda: Table node_network_parameters created
?[m?[37m[INFO] 11:04:35,361 [Test worker] liquibase.info - master.changelog.json: migration/node-services.changelog-init.xml::add_network_parameters_storage::R3.Corda: ChangeSet migration/node-services.changelog-init.xml::add_network_parameters_storage::R3.Corda ran successfully in 1ms
?[m?[37m[INFO] 11:04:35,363 [Test worker] liquibase.info - master.changelog.json: migration/node-services.changelog-init.xml::network_parameters_pk::R3.Corda: Primary key added to node_network_parameters (hash)
?[m?[37m[INFO] 11:04:35,363 [Test worker] liquibase.info - master.changelog.json: migration/node-services.changelog-init.xml::network_parameters_pk::R3.Corda: ChangeSet migration/node-services.changelog-init.xml::network_parameters_pk::R3.Corda ran successfully in 1ms
?[m?[37m[INFO] 11:04:35,370 [Test worker] liquibase.info - master.changelog.json: migration/node-services.changelog-init.xml::add_version_column::R3.Corda: Columns version(INT) added to node_attachments
?[m?[37m[INFO] 11:04:35,370 [Test worker] liquibase.info - master.changelog.json: migration/node-services.changelog-init.xml::add_version_column::R3.Corda: Custom SQL executed
?[m?[37m[INFO] 11:04:35,371 [Test worker] liquibase.info - master.changelog.json: migration/node-services.changelog-init.xml::add_version_column::R3.Corda: Null constraint has been added to node_attachments.version
?[m?[37m[INFO] 11:04:35,371 [Test worker] liquibase.info - master.changelog.json: migration/node-services.changelog-init.xml::add_version_column::R3.Corda: ChangeSet migration/node-services.changelog-init.xml::add_version_column::R3.Corda ran successfully in 6ms
?[m?[37m[INFO] 11:04:35,372 [Test worker] persistence.AttachmentVersionNumberMigration.execute - Start executing...
?[m?[37m[INFO] 11:04:35,376 [Test worker] persistence.AttachmentVersionNumberMigration.execute - Attachment version creation from whitelisted JARs using network parameters from build/mock-network/20190619-100422.550/nodes/0/network-parameters, whitelistedContractImplementations: {}.
?[m?[37m[INFO] 11:04:35,376 [Test worker] persistence.AttachmentVersionNumberMigration.execute - Attachment version creation from whitelisted JARs skipped, no attachments not found.
?[m?[37m[INFO] 11:04:35,376 [Test worker] liquibase.info - master.changelog.json: migration/node-services.changelog-init.xml::update-version-of-whitelisted-jars::R3.Corda: null
?[m?[37m[INFO] 11:04:35,376 [Test worker] liquibase.info - master.changelog.json: migration/node-services.changelog-init.xml::update-version-of-whitelisted-jars::R3.Corda: ChangeSet migration/node-services.changelog-init.xml::update-version-of-whitelisted-jars::R3.Corda ran successfully in 4ms
?[m?[37m[INFO] 11:04:35,378 [Test worker] liquibase.info - master.changelog.json: migration/node-services.changelog-init.xml::add-new-persitence-table::R3.Corda: Table identities_no_cert created
?[m?[37m[INFO] 11:04:35,378 [Test worker] liquibase.info - master.changelog.json: migration/node-services.changelog-init.xml::add-new-persitence-table::R3.Corda: ChangeSet migration/node-services.changelog-init.xml::add-new-persitence-table::R3.Corda ran successfully in 1ms
?[m?[37m[INFO] 11:04:35,380 [Test worker] migration.PersistentIdentitiesMigration.execute - Migrating persistent identities with certificates table into persistent table with no certificate data.
?[m?[37m[INFO] 11:04:35,433 [Test worker] persistence.HibernateConfiguration.<init> - Init HibernateConfiguration for schemas: [PersistentIdentitiesMigrationSchemaV1(name=net.corda.node.migration.PersistentIdentitiesMigrationSchema, version=1)]
?[m?[37m[INFO] 11:04:35,439 [Test worker] persistence.HibernateConfiguration.makeSessionFactoryForSchemas - Creating session factory for schemas: [PersistentIdentitiesMigrationSchemaV1(name=net.corda.node.migration.PersistentIdentitiesMigrationSchema, version=1)]
?[m?[37m[INFO] 11:04:35,773 [Test worker] hibernate.Version.logVersion - HHH000412: Hibernate Core {5.3.10.Final}
?[m?[37m[INFO] 11:04:35,775 [Test worker] cfg.Environment.<clinit> - HHH000206: hibernate.properties not found
?[m?[37m[INFO] 11:04:35,896 [Test worker] common.Version.<clinit> - HCANN000001: Hibernate Commons Annotations {5.0.4.Final}
?[m?[37m[INFO] 11:04:36,081 [Test worker] internal.ConnectionProviderInitiator.initiateService - HHH000130: Instantiating explicit connection provider: net.corda.nodeapi.internal.persistence.HibernateConfiguration$NodeDatabaseConnectionProvider
?[m?[37m[INFO] 11:04:36,118 [Test worker] dialect.Dialect.<init> - HHH000400: Using dialect: org.hibernate.dialect.H2Dialect
?[m?[37m[INFO] 11:04:36,186 [Test worker] type.BasicTypeRegistry.register - HHH000270: Type registration [materialized_blob] overrides previous : org.hibernate.type.MaterializedBlobType@39773eff
?[m?[37m[INFO] 11:04:37,215 [Test worker] connections.access.getIsolatedConnection - HHH10001501: Connection obtained from JdbcConnectionAccess [org.hibernate.engine.jdbc.env.internal.JdbcEnvironmentInitiator$ConnectionProviderJdbcConnectionAccess@6d22fa43] for (non-JTA) DDL execution was not in auto-commit mode; the Connection 'local transaction' will be committed and the Connection will be set into auto-commit mode.
?[m?[37m[INFO] 11:04:37,308 [Test worker] persistence.HibernateConfiguration.makeSessionFactoryForSchemas - Created session factory for schemas: [PersistentIdentitiesMigrationSchemaV1(name=net.corda.node.migration.PersistentIdentitiesMigrationSchema, version=1)]
?[m?[37m[INFO] 11:04:37,654 [Test worker] internal.QueryTranslatorFactoryInitiator.initiateService - HHH000397: Using ASTQueryTranslatorFactory
?[m?[37m[INFO] 11:04:38,049 [Test worker] liquibase.info - master.changelog.json: migration/node-services.changelog-init.xml::transfer-to-new-persistence-table::R3.Corda: null
?[m?[37m[INFO] 11:04:38,050 [Test worker] liquibase.info - master.changelog.json: migration/node-services.changelog-init.xml::transfer-to-new-persistence-table::R3.Corda: ChangeSet migration/node-services.changelog-init.xml::transfer-to-new-persistence-table::R3.Corda ran successfully in 2671ms
?[m?[37m[INFO] 11:04:38,052 [Test worker] migration.VaultStateMigration.execute - Migrating vault state data to V4 tables
?[m?[37m[INFO] 11:04:38,056 [Test worker] persistence.HibernateConfiguration.<init> - Init HibernateConfiguration for schemas: [VaultMigrationSchemaV1(name=net.corda.node.migration.VaultMigrationSchema, version=1), VaultSchemaV1(name=net.corda.node.services.vault.VaultSchema, version=1)]
?[m?[37m[INFO] 11:04:38,056 [Test worker] persistence.HibernateConfiguration.makeSessionFactoryForSchemas - Creating session factory for schemas: [VaultMigrationSchemaV1(name=net.corda.node.migration.VaultMigrationSchema, version=1), VaultSchemaV1(name=net.corda.node.services.vault.VaultSchema, version=1)]
?[m?[37m[INFO] 11:04:38,061 [Test worker] internal.ConnectionProviderInitiator.initiateService - HHH000130: Instantiating explicit connection provider: net.corda.nodeapi.internal.persistence.HibernateConfiguration$NodeDatabaseConnectionProvider
?[m?[37m[INFO] 11:04:38,061 [Test worker] dialect.Dialect.<init> - HHH000400: Using dialect: org.hibernate.dialect.H2Dialect
?[m?[37m[INFO] 11:04:38,064 [Test worker] type.BasicTypeRegistry.register - HHH000270: Type registration [materialized_blob] overrides previous : org.hibernate.type.MaterializedBlobType@39773eff
?[m?[37m[INFO] 11:04:38,243 [Test worker] connections.access.getIsolatedConnection - HHH10001501: Connection obtained from JdbcConnectionAccess [org.hibernate.engine.jdbc.env.internal.JdbcEnvironmentInitiator$ConnectionProviderJdbcConnectionAccess@746b41a5] for (non-JTA) DDL execution was not in auto-commit mode; the Connection 'local transaction' will be committed and the Connection will be set into auto-commit mode.
?[m?[37m[INFO] 11:04:38,298 [Test worker] persistence.HibernateConfiguration.makeSessionFactoryForSchemas - Created session factory for schemas: [VaultMigrationSchemaV1(name=net.corda.node.migration.VaultMigrationSchema, version=1), VaultSchemaV1(name=net.corda.node.services.vault.VaultSchema, version=1)]
?[m?[37m[INFO] 11:04:38,299 [Test worker] internal.QueryTranslatorFactoryInitiator.initiateService - HHH000397: Using ASTQueryTranslatorFactory
?[m?[37m[INFO] 11:04:38,372 [Test worker] migration.VaultStateMigration.execute - Finished performing vault state data migration for 0 states
?[m?[37m[INFO] 11:04:38,373 [Test worker] liquibase.info - master.changelog.json: migration/vault-schema.changelog-v9.xml::update-vault-states::R3.Corda: null
?[m?[37m[INFO] 11:04:38,373 [Test worker] liquibase.info - master.changelog.json: migration/vault-schema.changelog-v9.xml::update-vault-states::R3.Corda: ChangeSet migration/vault-schema.changelog-v9.xml::update-vault-states::R3.Corda ran successfully in 321ms
?[m?[37m[INFO] 11:04:38,377 [Test worker] liquibase.info - master.changelog.json: migration/cash.changelog-init.xml::1511451595465-2::R3.Corda: Table contract_cash_states created
?[m?[37m[INFO] 11:04:38,378 [Test worker] liquibase.info - master.changelog.json: migration/cash.changelog-init.xml::1511451595465-2::R3.Corda: ChangeSet migration/cash.changelog-init.xml::1511451595465-2::R3.Corda ran successfully in 2ms
?[m?[37m[INFO] 11:04:38,379 [Test worker] liquibase.info - master.changelog.json: migration/cash.changelog-init.xml::1511451595465-28::R3.Corda: Primary key added to contract_cash_states (output_index, transaction_id)
?[m?[37m[INFO] 11:04:38,380 [Test worker] liquibase.info - master.changelog.json: migration/cash.changelog-init.xml::1511451595465-28::R3.Corda: ChangeSet migration/cash.changelog-init.xml::1511451595465-28::R3.Corda ran successfully in 0ms
?[m?[37m[INFO] 11:04:38,381 [Test worker] liquibase.info - master.changelog.json: migration/cash.changelog-init.xml::1511451595465-51::R3.Corda: Index ccy_code_idx created
?[m?[37m[INFO] 11:04:38,382 [Test worker] liquibase.info - master.changelog.json: migration/cash.changelog-init.xml::1511451595465-51::R3.Corda: ChangeSet migration/cash.changelog-init.xml::1511451595465-51::R3.Corda ran successfully in 1ms
?[m?[37m[INFO] 11:04:38,383 [Test worker] liquibase.info - master.changelog.json: migration/cash.changelog-init.xml::1511451595465-57::R3.Corda: Index pennies_idx created
?[m?[37m[INFO] 11:04:38,383 [Test worker] liquibase.info - master.changelog.json: migration/cash.changelog-init.xml::1511451595465-57::R3.Corda: ChangeSet migration/cash.changelog-init.xml::1511451595465-57::R3.Corda ran successfully in 0ms
?[m?[37m[INFO] 11:04:38,387 [Test worker] liquibase.info - master.changelog.json: migration/node-services.changelog-init.xml::1525793504::R3.Corda: Index ccy_code_idx dropped from table contract_cash_states
?[m?[37m[INFO] 11:04:38,388 [Test worker] liquibase.info - master.changelog.json: migration/node-services.changelog-init.xml::1525793504::R3.Corda: Null constraint has been added to contract_cash_states.ccy_code
?[m?[37m[INFO] 11:04:38,388 [Test worker] liquibase.info - master.changelog.json: migration/node-services.changelog-init.xml::1525793504::R3.Corda: Index ccy_code_idx created
?[m?[37m[INFO] 11:04:38,389 [Test worker] liquibase.info - master.changelog.json: migration/node-services.changelog-init.xml::1525793504::R3.Corda: Null constraint has been added to contract_cash_states.issuer_key_hash
?[m?[37m[INFO] 11:04:38,389 [Test worker] liquibase.info - master.changelog.json: migration/node-services.changelog-init.xml::1525793504::R3.Corda: Null constraint has been added to contract_cash_states.issuer_ref
?[m?[37m[INFO] 11:04:38,390 [Test worker] liquibase.info - master.changelog.json: migration/node-services.changelog-init.xml::1525793504::R3.Corda: Index pennies_idx dropped from table contract_cash_states
?[m?[37m[INFO] 11:04:38,390 [Test worker] liquibase.info - master.changelog.json: migration/node-services.changelog-init.xml::1525793504::R3.Corda: Null constraint has been added to contract_cash_states.pennies
?[m?[37m[INFO] 11:04:38,391 [Test worker] liquibase.info - master.changelog.json: migration/node-services.changelog-init.xml::1525793504::R3.Corda: Index pennies_idx created
?[m?[37m[INFO] 11:04:38,391 [Test worker] liquibase.info - master.changelog.json: migration/node-services.changelog-init.xml::1525793504::R3.Corda: ChangeSet migration/node-services.changelog-init.xml::1525793504::R3.Corda ran successfully in 5ms
?[m?[37m[INFO] 11:04:38,394 [Test worker] liquibase.info - master.changelog.json: migration/commercial-paper.changelog-init.xml::1511451595465-3::R3.Corda: Table cp_states created
?[m?[37m[INFO] 11:04:38,394 [Test worker] liquibase.info - master.changelog.json: migration/commercial-paper.changelog-init.xml::1511451595465-3::R3.Corda: ChangeSet migration/commercial-paper.changelog-init.xml::1511451595465-3::R3.Corda ran successfully in 1ms
?[m?[37m[INFO] 11:04:38,396 [Test worker] liquibase.info - master.changelog.json: migration/commercial-paper.changelog-init.xml::1511451595465-29::R3.Corda: Primary key added to cp_states (output_index, transaction_id)
?[m?[37m[INFO] 11:04:38,397 [Test worker] liquibase.info - master.changelog.json: migration/commercial-paper.changelog-init.xml::1511451595465-29::R3.Corda: ChangeSet migration/commercial-paper.changelog-init.xml::1511451595465-29::R3.Corda ran successfully in 1ms
?[m?[37m[INFO] 11:04:38,399 [Test worker] liquibase.info - master.changelog.json: migration/commercial-paper.changelog-init.xml::1511451595465-52::R3.Corda: Index ccy_code_index created
?[m?[37m[INFO] 11:04:38,399 [Test worker] liquibase.info - master.changelog.json: migration/commercial-paper.changelog-init.xml::1511451595465-52::R3.Corda: ChangeSet migration/commercial-paper.changelog-init.xml::1511451595465-52::R3.Corda ran successfully in 1ms
?[m?[37m[INFO] 11:04:38,401 [Test worker] liquibase.info - master.changelog.json: migration/commercial-paper.changelog-init.xml::1511451595465-54::R3.Corda: Index face_value_index created
?[m?[37m[INFO] 11:04:38,401 [Test worker] liquibase.info - master.changelog.json: migration/commercial-paper.changelog-init.xml::1511451595465-54::R3.Corda: ChangeSet migration/commercial-paper.changelog-init.xml::1511451595465-54::R3.Corda ran successfully in 0ms
?[m?[37m[INFO] 11:04:38,403 [Test worker] liquibase.info - master.changelog.json: migration/commercial-paper.changelog-init.xml::1511451595465-56::R3.Corda: Index maturity_index created
?[m?[37m[INFO] 11:04:38,403 [Test worker] liquibase.info - master.changelog.json: migration/commercial-paper.changelog-init.xml::1511451595465-56::R3.Corda: ChangeSet migration/commercial-paper.changelog-init.xml::1511451595465-56::R3.Corda ran successfully in 1ms
?[m?[37m[INFO] 11:04:38,406 [Test worker] liquibase.info - master.changelog.json: migration/commercial-paper.changelog-v1.xml::1525962920::R3.Corda: Index ccy_code_index dropped from table cp_states
?[m?[37m[INFO] 11:04:38,407 [Test worker] liquibase.info - master.changelog.json: migration/commercial-paper.changelog-v1.xml::1525962920::R3.Corda: Null constraint has been added to cp_states.ccy_code
?[m?[37m[INFO] 11:04:38,407 [Test worker] liquibase.info - master.changelog.json: migration/commercial-paper.changelog-v1.xml::1525962920::R3.Corda: Index ccy_code_index created
?[m?[37m[INFO] 11:04:38,408 [Test worker] liquibase.info - master.changelog.json: migration/commercial-paper.changelog-v1.xml::1525962920::R3.Corda: Index face_value_index dropped from table cp_states
?[m?[37m[INFO] 11:04:38,409 [Test worker] liquibase.info - master.changelog.json: migration/commercial-paper.changelog-v1.xml::1525962920::R3.Corda: Null constraint has been added to cp_states.face_value
?[m?[37m[INFO] 11:04:38,409 [Test worker] liquibase.info - master.changelog.json: migration/commercial-paper.changelog-v1.xml::1525962920::R3.Corda: Index face_value_index created
?[m?[37m[INFO] 11:04:38,410 [Test worker] liquibase.info - master.changelog.json: migration/commercial-paper.changelog-v1.xml::1525962920::R3.Corda: Null constraint has been added to cp_states.face_value_issuer_key_hash
?[m?[37m[INFO] 11:04:38,411 [Test worker] liquibase.info - master.changelog.json: migration/commercial-paper.changelog-v1.xml::1525962920::R3.Corda: Null constraint has been added to cp_states.face_value_issuer_ref
?[m?[37m[INFO] 11:04:38,412 [Test worker] liquibase.info - master.changelog.json: migration/commercial-paper.changelog-v1.xml::1525962920::R3.Corda: Null constraint has been added to cp_states.issuance_key_hash
?[m?[37m[INFO] 11:04:38,412 [Test worker] liquibase.info - master.changelog.json: migration/commercial-paper.changelog-v1.xml::1525962920::R3.Corda: Null constraint has been added to cp_states.issuance_ref
?[m?[37m[INFO] 11:04:38,412 [Test worker] liquibase.info - master.changelog.json: migration/commercial-paper.changelog-v1.xml::1525962920::R3.Corda: Index maturity_index dropped from table cp_states
?[m?[37m[INFO] 11:04:38,413 [Test worker] liquibase.info - master.changelog.json: migration/commercial-paper.changelog-v1.xml::1525962920::R3.Corda: Null constraint has been added to cp_states.maturity_instant
?[m?[37m[INFO] 11:04:38,414 [Test worker] liquibase.info - master.changelog.json: migration/commercial-paper.changelog-v1.xml::1525962920::R3.Corda: Index maturity_index created
?[m?[37m[INFO] 11:04:38,414 [Test worker] liquibase.info - master.changelog.json: migration/commercial-paper.changelog-v1.xml::1525962920::R3.Corda: Null constraint has been added to cp_states.owner_key_hash
?[m?[37m[INFO] 11:04:38,415 [Test worker] liquibase.info - master.changelog.json: migration/commercial-paper.changelog-v1.xml::1525962920::R3.Corda: ChangeSet migration/commercial-paper.changelog-v1.xml::1525962920::R3.Corda ran successfully in 9ms
?[m?[37m[INFO] 11:04:38,418 [Test worker] liquibase.info - master.changelog.json: migration/node-services.changelog-init.xml::1511451595465-16::R3.Corda: Table node_notary_committed_states created
?[m?[37m[INFO] 11:04:38,418 [Test worker] liquibase.info - master.changelog.json: migration/node-services.changelog-init.xml::1511451595465-16::R3.Corda: ChangeSet migration/node-services.changelog-init.xml::1511451595465-16::R3.Corda ran successfully in 1ms
?[m?[37m[INFO] 11:04:38,420 [Test worker] liquibase.info - master.changelog.json: migration/node-services.changelog-init.xml::1521131680317-17::R3.Corda: Table node_notary_request_log created
?[m?[37m[INFO] 11:04:38,420 [Test worker] liquibase.info - master.changelog.json: migration/node-services.changelog-init.xml::1521131680317-17::R3.Corda: ChangeSet migration/node-services.changelog-init.xml::1521131680317-17::R3.Corda ran successfully in 1ms
?[m?[37m[INFO] 11:04:38,423 [Test worker] liquibase.info - master.changelog.json: migration/node-services.changelog-init.xml::1511451595465-41::R3.Corda: Primary key added to node_notary_committed_states (output_index, transaction_id)
?[m?[37m[INFO] 11:04:38,423 [Test worker] liquibase.info - master.changelog.json: migration/node-services.changelog-init.xml::1511451595465-41::R3.Corda: ChangeSet migration/node-services.changelog-init.xml::1511451595465-41::R3.Corda ran successfully in 1ms
?[m?[37m[INFO] 11:04:38,425 [Test worker] liquibase.info - master.changelog.json: migration/node-services.changelog-init.xml::1521131680317-48::R3.Corda: Primary key added to node_notary_request_log (id)
?[m?[37m[INFO] 11:04:38,425 [Test worker] liquibase.info - master.changelog.json: migration/node-services.changelog-init.xml::1521131680317-48::R3.Corda: ChangeSet migration/node-services.changelog-init.xml::1521131680317-48::R3.Corda ran successfully in 1ms
?[m?[37m[INFO] 11:04:38,427 [Test worker] liquibase.info - master.changelog.json: migration/node-services.changelog-init.xml::nullability::R3.Corda: Null constraint has been added to node_notary_committed_states.consuming_transaction_id
?[m?[37m[INFO] 11:04:38,427 [Test worker] liquibase.info - master.changelog.json: migration/node-services.changelog-init.xml::nullability::R3.Corda: ChangeSet migration/node-services.changelog-init.xml::nullability::R3.Corda ran successfully in 1ms
?[m?[37m[INFO] 11:04:38,448 [Test worker] liquibase.info - master.changelog.json: migration/node-notary.changelog-v2.xml::rename-table-notary-commit-log::R3.Corda: Marking ChangeSet: migration/node-notary.changelog-v2.xml::rename-table-notary-commit-log::R3.Corda ran despite precondition failure due to onFail='MARK_RAN': 
          master.changelog.json : Table PUBLIC.node_notary_commit_log does not exist

?[m?[37m[INFO] 11:04:38,452 [Test worker] liquibase.info - master.changelog.json: migration/node-notary.changelog-v2.xml::create-notary-request-log-table::R3.Corda: Marking ChangeSet: migration/node-notary.changelog-v2.xml::create-notary-request-log-table::R3.Corda ran despite precondition failure due to onFail='MARK_RAN': 
          master.changelog.json : Not precondition failed

?[m?[37m[INFO] 11:04:38,455 [Test worker] liquibase.info - master.changelog.json: migration/node-notary.changelog-committed-transactions-table.xml::create-notary-committed-transactions-table::R3.Corda: Table node_notary_committed_txs created
?[m?[37m[INFO] 11:04:38,455 [Test worker] liquibase.info - master.changelog.json: migration/node-notary.changelog-committed-transactions-table.xml::create-notary-committed-transactions-table::R3.Corda: Primary key added to node_notary_committed_txs (transaction_id)
?[m?[37m[INFO] 11:04:38,456 [Test worker] liquibase.info - master.changelog.json: migration/node-notary.changelog-committed-transactions-table.xml::create-notary-committed-transactions-table::R3.Corda: ChangeSet migration/node-notary.changelog-committed-transactions-table.xml::create-notary-committed-transactions-table::R3.Corda ran successfully in 1ms
?[m?[37m[INFO] 11:04:38,458 [Test worker] liquibase.info - Successfully released change log lock
?[m?[37m[INFO] 11:04:38,461 [Test worker] internal.InternalMockNetwork$MockNode.invoke - Connected to H2 database.
?[m?[37m[INFO] 11:04:38,479 [Test worker] persistence.HibernateConfiguration.<init> - Init HibernateConfiguration for schemas: [CommonSchemaV1(name=net.corda.core.schemas.CommonSchema, version=1), VaultSchemaV1(name=net.corda.node.services.vault.VaultSchema, version=1), NodeInfoSchemaV1(name=net.corda.node.internal.schemas.NodeInfoSchema, version=1), NodeCoreV1(name=net.corda.node.services.schema.NodeSchemaService$NodeCore, version=1), CashSchemaV1(name=net.corda.finance.schemas.CashSchema, version=1), CommercialPaperSchemaV1(name=net.corda.finance.schemas.CommercialPaperSchema, version=1), NodeNotarySchemaV1(name=net.corda.node.services.transactions.NodeNotarySchema, version=1)]
?[m?[37m[INFO] 11:04:38,479 [Test worker] persistence.HibernateConfiguration.makeSessionFactoryForSchemas - Creating session factory for schemas: [CommonSchemaV1(name=net.corda.core.schemas.CommonSchema, version=1), VaultSchemaV1(name=net.corda.node.services.vault.VaultSchema, version=1), NodeInfoSchemaV1(name=net.corda.node.internal.schemas.NodeInfoSchema, version=1), NodeCoreV1(name=net.corda.node.services.schema.NodeSchemaService$NodeCore, version=1), CashSchemaV1(name=net.corda.finance.schemas.CashSchema, version=1), CommercialPaperSchemaV1(name=net.corda.finance.schemas.CommercialPaperSchema, version=1), NodeNotarySchemaV1(name=net.corda.node.services.transactions.NodeNotarySchema, version=1)]
?[m?[37m[INFO] 11:04:38,484 [Test worker] internal.ConnectionProviderInitiator.initiateService - HHH000130: Instantiating explicit connection provider: net.corda.nodeapi.internal.persistence.HibernateConfiguration$NodeDatabaseConnectionProvider
?[m?[37m[INFO] 11:04:38,485 [Test worker] dialect.Dialect.<init> - HHH000400: Using dialect: org.hibernate.dialect.H2Dialect
[...]
    []
    [DataSessionMessage(payload=class net.corda.core.serialization.SerializedBytes)]
pendingDeduplicationHandlers: 
    [net.corda.testing.node.internal.MockNodeMessagingService$InMemoryDeduplicationHandler@7c621421]
    [net.corda.testing.node.internal.MockNodeMessagingService$InMemoryDeduplicationHandler@7c621421, net.corda.testing.node.internal.MockNodeMessagingService$InMemoryDeduplicationHandler@6999c53]


 --- Transition of flow [684d513c-8f6f-4946-8d37-10ee00ec3ddf] ---
  Timestamp: 2019-06-19T10:05:45.696Z
  Event: DoRemainingWork
  Actions: 
    CreateTransaction
  Continuation: Resume(result=class java.util.LinkedHashMap)
  Diff between previous and next state:
isFlowResumed: 
    false
    true
checkpoint.sessions.SessionId(toLong=-4873336252316108106).receivedMessages: 
    [DataSessionMessage(payload=class net.corda.core.serialization.SerializedBytes)]
    []


 --- Transition of flow [684d513c-8f6f-4946-8d37-10ee00ec3ddf] ---
  Timestamp: 2019-06-19T10:05:45.702Z
  Event: Suspend(ioRequest=Send(sessionToMessage={FlowSessionImpl(counterparty=O=Bob Plc, L=Rome, C=IT, sourceSessionId=SessionId(toLong=-4873336252316108106))=A0A4F00FF9B0293F9853347C24C68F28A447F979F670260DBD0A7E6E4C2EA9ED}), maySkipCheckpoint=false, fiber=16ACCB4BD7A87EF541775DA3E36E4950290A49F66B638C8223BFF96C81EB1859, )
  Actions: 
    PersistCheckpoint(id=[684d513c-8f6f-4946-8d37-10ee00ec3ddf], checkpoint=Checkpoint(invocationContext=InvocationContext(origin=RPC(actor=Actor(id=Id(value=Only For Testing), serviceId=AuthServiceId(value=TEST), owningLegalIdentity=O=Alice Corp, L=Madrid, C=ES)), trace=Trace(invocationId=cab16cd2-2837-4939-a8b3-4b51fe06b46b, timestamp: 2019-06-19T10:05:08.476Z, entityType: Invocation, sessionId=cab16cd2-2837-4939-a8b3-4b51fe06b46b, timestamp: 2019-06-19T10:05:08.476Z, entityType: Session), actor=Actor(id=Id(value=Only For Testing), serviceId=AuthServiceId(value=TEST), owningLegalIdentity=O=Alice Corp, L=Madrid, C=ES), externalTrace=null, impersonatedActor=null), ourIdentity=O=Alice Corp, L=Madrid, C=ES, sessions={SessionId(toLong=-4873336252316108106)=Initiated(peerParty=O=Bob Plc, L=Rome, C=IT, peerFlowInfo=FlowInfo(flowVersion=1, appName=<unknown>), receivedMessages=[], initiatedState=Live(peerSinkSessionId=SessionId(toLong=-4545441079345385607)), errors=[], deduplicationSeed=R--4873336252316108106-4866209298269395493)}, subFlowStack=[Initiating(flowClass=class net.corda.confidential.identities.SyncKeyMappingInitiator, classToInitiateWith=class net.corda.confidential.identities.SyncKeyMappingInitiator, flowInfo=FlowInfo(flowVersion=1, appName=<unknown>), subFlowVersion=CoreFlow(platformVersion=5), isEnabledTimedFlow=false), Inlined(flowClass=class net.corda.confidential.identities.SyncKeyMappingFlow, subFlowVersion=CoreFlow(platformVersion=5), isEnabledTimedFlow=false)], flowState=Started(flowIORequest=Send(sessionToMessage={FlowSessionImpl(counterparty=O=Bob Plc, L=Rome, C=IT, sourceSessionId=SessionId(toLong=-4873336252316108106))=A0A4F00FF9B0293F9853347C24C68F28A447F979F670260DBD0A7E6E4C2EA9ED}), frozenFiber=16ACCB4BD7A87EF541775DA3E36E4950290A49F66B638C8223BFF96C81EB1859), errorState=Clean, numberOfSuspends=2), isCheckpointUpdate=true)
    PersistDeduplicationFacts(deduplicationHandlers=[net.corda.testing.node.internal.MockNodeMessagingService$InMemoryDeduplicationHandler@7c621421, net.corda.testing.node.internal.MockNodeMessagingService$InMemoryDeduplicationHandler@6999c53])
    CommitTransaction
    AcknowledgeMessages(deduplicationHandlers=[net.corda.testing.node.internal.MockNodeMessagingService$InMemoryDeduplicationHandler@7c621421, net.corda.testing.node.internal.MockNodeMessagingService$InMemoryDeduplicationHandler@6999c53])
    ScheduleEvent(event=DoRemainingWork)
  Continuation: ProcessEvents
  Diff between previous and next state:
isFlowResumed: 
    true
    false
checkpoint.flowState.flowIORequest: 
    Receive(sessions=[FlowSessionImpl(counterparty=O=Bob Plc, L=Rome, C=IT, sourceSessionId=SessionId(toLong=-4873336252316108106))])
    Send(sessionToMessage={FlowSessionImpl(counterparty=O=Bob Plc, L=Rome, C=IT, sourceSessionId=SessionId(toLong=-4873336252316108106))=A0A4F00FF9B0293F9853347C24C68F28A447F979F670260DBD0A7E6E4C2EA9ED})
checkpoint.flowState.frozenFiber.hash: 
    359C932AE17849D31F219C5D88BC29DF218ED8B661335B4E84CE358B263523C2
    16ACCB4BD7A87EF541775DA3E36E4950290A49F66B638C8223BFF96C81EB1859
checkpoint.numberOfSuspends: 
    1
    2
pendingDeduplicationHandlers: 
    [net.corda.testing.node.internal.MockNodeMessagingService$InMemoryDeduplicationHandler@7c621421, net.corda.testing.node.internal.MockNodeMessagingService$InMemoryDeduplicationHandler@6999c53]
    []


 --- Transition of flow [684d513c-8f6f-4946-8d37-10ee00ec3ddf] ---
  Timestamp: 2019-06-19T10:05:45.702Z
  Event: DoRemainingWork
  Actions: 
    SendExisting(peerParty=O=Bob Plc, L=Rome, C=IT, message=ExistingSessionMessage(recipientSessionId=SessionId(toLong=-4545441079345385607), payload=DataSessionMessage(payload=class net.corda.core.serialization.SerializedBytes)), deduplicationId=SenderDeduplicationId(deduplicationId=DeduplicationId(toString=N-R--4873336252316108106-4866209298269395493-2-0), senderUUID=8152e7c8-6540-4430-ba67-f1cbc5e382d7))
    CreateTransaction
  Continuation: Resume(result=class kotlin.Unit)
  Diff between previous and next state:
isFlowResumed: 
    false
    true


 --- Transition of flow [684d513c-8f6f-4946-8d37-10ee00ec3ddf] ---
  Timestamp: 2019-06-19T10:05:45.702Z
  Event: LeaveSubFlow
  Actions: 
    
  Continuation: ProcessEvents
  Diff between previous and next state:
checkpoint.subFlowStack: 
    [Initiating(flowClass=class net.corda.confidential.identities.SyncKeyMappingInitiator, classToInitiateWith=class net.corda.confidential.identities.SyncKeyMappingInitiator, flowInfo=FlowInfo(flowVersion=1, appName=<unknown>), subFlowVersion=CoreFlow(platformVersion=5), isEnabledTimedFlow=false), Inlined(flowClass=class net.corda.confidential.identities.SyncKeyMappingFlow, subFlowVersion=CoreFlow(platformVersion=5), isEnabledTimedFlow=false)]
    [Initiating(flowClass=class net.corda.confidential.identities.SyncKeyMappingInitiator, classToInitiateWith=class net.corda.confidential.identities.SyncKeyMappingInitiator, flowInfo=FlowInfo(flowVersion=1, appName=<unknown>), subFlowVersion=CoreFlow(platformVersion=5), isEnabledTimedFlow=false)]


 --- Transition of flow [684d513c-8f6f-4946-8d37-10ee00ec3ddf] ---
  Timestamp: 2019-06-19T10:05:45.706Z
  Event: Suspend(ioRequest=Receive(sessions=[FlowSessionImpl(counterparty=O=Bob Plc, L=Rome, C=IT, sourceSessionId=SessionId(toLong=-4873336252316108106))]), maySkipCheckpoint=false, fiber=430E59582FD6BD6B405529082E9E1EC814893597A169FA2997C3D94AC2BD3260, )
  Actions: 
    PersistCheckpoint(id=[684d513c-8f6f-4946-8d37-10ee00ec3ddf], checkpoint=Checkpoint(invocationContext=InvocationContext(origin=RPC(actor=Actor(id=Id(value=Only For Testing), serviceId=AuthServiceId(value=TEST), owningLegalIdentity=O=Alice Corp, L=Madrid, C=ES)), trace=Trace(invocationId=cab16cd2-2837-4939-a8b3-4b51fe06b46b, timestamp: 2019-06-19T10:05:08.476Z, entityType: Invocation, sessionId=cab16cd2-2837-4939-a8b3-4b51fe06b46b, timestamp: 2019-06-19T10:05:08.476Z, entityType: Session), actor=Actor(id=Id(value=Only For Testing), serviceId=AuthServiceId(value=TEST), owningLegalIdentity=O=Alice Corp, L=Madrid, C=ES), externalTrace=null, impersonatedActor=null), ourIdentity=O=Alice Corp, L=Madrid, C=ES, sessions={SessionId(toLong=-4873336252316108106)=Initiated(peerParty=O=Bob Plc, L=Rome, C=IT, peerFlowInfo=FlowInfo(flowVersion=1, appName=<unknown>), receivedMessages=[], initiatedState=Live(peerSinkSessionId=SessionId(toLong=-4545441079345385607)), errors=[], deduplicationSeed=R--4873336252316108106-4866209298269395493)}, subFlowStack=[Initiating(flowClass=class net.corda.confidential.identities.SyncKeyMappingInitiator, classToInitiateWith=class net.corda.confidential.identities.SyncKeyMappingInitiator, flowInfo=FlowInfo(flowVersion=1, appName=<unknown>), subFlowVersion=CoreFlow(platformVersion=5), isEnabledTimedFlow=false)], flowState=Started(flowIORequest=Receive(sessions=[FlowSessionImpl(counterparty=O=Bob Plc, L=Rome, C=IT, sourceSessionId=SessionId(toLong=-4873336252316108106))]), frozenFiber=430E59582FD6BD6B405529082E9E1EC814893597A169FA2997C3D94AC2BD3260), errorState=Clean, numberOfSuspends=3), isCheckpointUpdate=true)
    PersistDeduplicationFacts(deduplicationHandlers=[])
    CommitTransaction
    AcknowledgeMessages(deduplicationHandlers=[])
    ScheduleEvent(event=DoRemainingWork)
  Continuation: ProcessEvents
  Diff between previous and next state:
isFlowResumed: 
    true
    false
checkpoint.flowState.flowIORequest: 
    Send(sessionToMessage={FlowSessionImpl(counterparty=O=Bob Plc, L=Rome, C=IT, sourceSessionId=SessionId(toLong=-4873336252316108106))=A0A4F00FF9B0293F9853347C24C68F28A447F979F670260DBD0A7E6E4C2EA9ED})
    Receive(sessions=[FlowSessionImpl(counterparty=O=Bob Plc, L=Rome, C=IT, sourceSessionId=SessionId(toLong=-4873336252316108106))])
checkpoint.flowState.frozenFiber.hash: 
    16ACCB4BD7A87EF541775DA3E36E4950290A49F66B638C8223BFF96C81EB1859
    430E59582FD6BD6B405529082E9E1EC814893597A169FA2997C3D94AC2BD3260
checkpoint.numberOfSuspends: 
    2
    3


 --- Transition of flow [684d513c-8f6f-4946-8d37-10ee00ec3ddf] ---
  Timestamp: 2019-06-19T10:05:45.707Z
  Event: DoRemainingWork
  Actions: 
    
  Continuation: ProcessEvents
  Diff between previous and next state:
null

 --- Transition of flow [684d513c-8f6f-4946-8d37-10ee00ec3ddf] ---
  Timestamp: 2019-06-19T10:05:45.817Z
  Event: DeliverSessionMessage(sessionMessage=ExistingSessionMessage(recipientSessionId=SessionId(toLong=-4873336252316108106), payload=ErrorSessionMessage(flowException=null, errorId=4826110934388457881)), deduplicationHandler=net.corda.testing.node.internal.MockNodeMessagingService$InMemoryDeduplicationHandler@2683d08b, sender=O=Bob Plc, L=Rome, C=IT)
  Actions: 
    ScheduleEvent(event=DoRemainingWork)
  Continuation: ProcessEvents
  Diff between previous and next state:
checkpoint.sessions.SessionId(toLong=-4873336252316108106).errors: 
    []
    [FlowError(errorId=4826110934388457881, exception=net.corda.core.flows.UnexpectedFlowEndException: Counter-flow errored)]
pendingDeduplicationHandlers: 
    []
    [net.corda.testing.node.internal.MockNodeMessagingService$InMemoryDeduplicationHandler@2683d08b]


 --- Transition of flow [684d513c-8f6f-4946-8d37-10ee00ec3ddf] ---
  Timestamp: 2019-06-19T10:05:45.817Z
  Event: DoRemainingWork
  Actions: 
    CreateTransaction
  Continuation: Throw(throwable=net.corda.core.flows.UnexpectedFlowEndException: Counter-flow errored)
  Diff between previous and next state:
isFlowResumed: 
    false
    true


 --- Transition of flow [684d513c-8f6f-4946-8d37-10ee00ec3ddf] ---
  Timestamp: 2019-06-19T10:05:45.819Z
  Event: Error(exception=net.corda.core.flows.UnexpectedFlowEndException: Counter-flow errored)
  Actions: 
    RollbackTransaction
    ScheduleEvent(event=DoRemainingWork)
  Continuation: ProcessEvents
  Diff between previous and next state:
isFlowResumed: 
    true
    false
checkpoint.errorState: 
    Clean
    Errored(errors=[FlowError(errorId=4826110934388457881, exception=net.corda.core.flows.UnexpectedFlowEndException: Counter-flow errored)], propagatedIndex=0, propagating=false)


 --- Transition of flow [684d513c-8f6f-4946-8d37-10ee00ec3ddf] ---
  Timestamp: 2019-06-19T10:05:45.819Z
  Event: DoRemainingWork
  Actions: 
    
  Continuation: ProcessEvents
  Diff between previous and next state:
null

 --- Transition of flow [684d513c-8f6f-4946-8d37-10ee00ec3ddf] ---
  Timestamp: 2019-06-19T10:05:45.819Z
  Event: StartErrorPropagation
  Actions: 
    ScheduleEvent(event=DoRemainingWork)
  Continuation: ProcessEvents
  Diff between previous and next state:
checkpoint.errorState.propagating: 
    false
    true


 --- Transition of flow [684d513c-8f6f-4946-8d37-10ee00ec3ddf] ---
  Timestamp: 2019-06-19T10:05:46.137Z
  Event: DoRemainingWork
  Actions: 
    PropagateErrors(errorMessages=[ErrorSessionMessage(flowException=null, errorId=4826110934388457881)], sessions=[], senderUUID=8152e7c8-6540-4430-ba67-f1cbc5e382d7)
    CreateTransaction
    RemoveCheckpoint(id=[684d513c-8f6f-4946-8d37-10ee00ec3ddf])
    PersistDeduplicationFacts(deduplicationHandlers=[net.corda.testing.node.internal.MockNodeMessagingService$InMemoryDeduplicationHandler@2683d08b])
    ReleaseSoftLocks(uuid=684d513c-8f6f-4946-8d37-10ee00ec3ddf)
    CommitTransaction
    AcknowledgeMessages(deduplicationHandlers=[net.corda.testing.node.internal.MockNodeMessagingService$InMemoryDeduplicationHandler@2683d08b])
    RemoveSessionBindings(sessionIds=[SessionId(toLong=-4873336252316108106)])
    RemoveFlow(flowId=[684d513c-8f6f-4946-8d37-10ee00ec3ddf], removalReason=ErrorFinish(flowErrors=[FlowError(errorId=4826110934388457881, exception=net.corda.core.flows.UnexpectedFlowEndException: Counter-flow errored)]), lastState=StateMachineState(checkpoint=Checkpoint(invocationContext=InvocationContext(origin=RPC(actor=Actor(id=Id(value=Only For Testing), serviceId=AuthServiceId(value=TEST), owningLegalIdentity=O=Alice Corp, L=Madrid, C=ES)), trace=Trace(invocationId=cab16cd2-2837-4939-a8b3-4b51fe06b46b, timestamp: 2019-06-19T10:05:08.476Z, entityType: Invocation, sessionId=cab16cd2-2837-4939-a8b3-4b51fe06b46b, timestamp: 2019-06-19T10:05:08.476Z, entityType: Session), actor=Actor(id=Id(value=Only For Testing), serviceId=AuthServiceId(value=TEST), owningLegalIdentity=O=Alice Corp, L=Madrid, C=ES), externalTrace=null, impersonatedActor=null), ourIdentity=O=Alice Corp, L=Madrid, C=ES, sessions={SessionId(toLong=-4873336252316108106)=Initiated(peerParty=O=Bob Plc, L=Rome, C=IT, peerFlowInfo=FlowInfo(flowVersion=1, appName=<unknown>), receivedMessages=[], initiatedState=Live(peerSinkSessionId=SessionId(toLong=-4545441079345385607)), errors=[FlowError(errorId=4826110934388457881, exception=net.corda.core.flows.UnexpectedFlowEndException: Counter-flow errored)], deduplicationSeed=R--4873336252316108106-4866209298269395493)}, subFlowStack=[Initiating(flowClass=class net.corda.confidential.identities.SyncKeyMappingInitiator, classToInitiateWith=class net.corda.confidential.identities.SyncKeyMappingInitiator, flowInfo=FlowInfo(flowVersion=1, appName=<unknown>), subFlowVersion=CoreFlow(platformVersion=5), isEnabledTimedFlow=false)], flowState=Started(flowIORequest=Receive(sessions=[FlowSessionImpl(counterparty=O=Bob Plc, L=Rome, C=IT, sourceSessionId=SessionId(toLong=-4873336252316108106))]), frozenFiber=430E59582FD6BD6B405529082E9E1EC814893597A169FA2997C3D94AC2BD3260), errorState=Errored(errors=[FlowError(errorId=4826110934388457881, exception=net.corda.core.flows.UnexpectedFlowEndException: Counter-flow errored)], propagatedIndex=1, propagating=true), numberOfSuspends=3), flowLogic=net.corda.confidential.identities.SyncKeyMappingInitiator@418fcada, pendingDeduplicationHandlers=[], isFlowResumed=false, isTransactionTracked=false, isAnyCheckpointPersisted=true, isStartIdempotent=false, isRemoved=true, senderUUID=8152e7c8-6540-4430-ba67-f1cbc5e382d7))
  Continuation: Abort
  Diff between previous and next state:
checkpoint.errorState.propagatedIndex: 
    0
    1
pendingDeduplicationHandlers: 
    [net.corda.testing.node.internal.MockNodeMessagingService$InMemoryDeduplicationHandler@2683d08b]
    []
isRemoved: 
    false
    true
 {actor_id=Only For Testing, actor_owning_identity=O=Alice Corp, L=Madrid, C=ES, actor_store_id=TEST, fiber-id=10000008, flow-id=684d513c-8f6f-4946-8d37-10ee00ec3ddf, invocation_id=cab16cd2-2837-4939-a8b3-4b51fe06b46b, invocation_timestamp=2019-06-19T10:05:08.476Z, origin=Only For Testing, session_id=cab16cd2-2837-4939-a8b3-4b51fe06b46b, session_timestamp=2019-06-19T10:05:08.476Z, thread-id=355}
?[m?[31m[WARN] 11:05:46,145 [Mock node 1 thread] interceptors.DumpHistoryOnErrorInterceptor.executeTransition - Flow [684d513c-8f6f-4946-8d37-10ee00ec3ddf] error [errorCode=112u0jo, moreInformationAt=https://errors.corda.net/OS/5.0-SNAPSHOT-WILLH/112u0jo] {actor_id=Only For Testing, actor_owning_identity=O=Alice Corp, L=Madrid, C=ES, actor_store_id=TEST, fiber-id=10000008, flow-id=684d513c-8f6f-4946-8d37-10ee00ec3ddf, invocation_id=cab16cd2-2837-4939-a8b3-4b51fe06b46b, invocation_timestamp=2019-06-19T10:05:08.476Z, origin=Only For Testing, session_id=cab16cd2-2837-4939-a8b3-4b51fe06b46b, session_timestamp=2019-06-19T10:05:08.476Z, thread-id=355}
?[m net.corda.core.flows.UnexpectedFlowEndException: Counter-flow errored
	at Received unexpected counter-flow exception from peer O=Bob Plc, L=Rome, C=IT.() ~[?:?]
	at net.corda.node.services.statemachine.FlowStateMachineImpl.fillInLocalStackTrace(FlowStateMachineImpl.kt:175) ~[corda-node-5.0-SNAPSHOT-WILLH.jar:?]
	at net.corda.node.services.statemachine.FlowStateMachineImpl.processEventsUntilFlowIsResumed(FlowStateMachineImpl.kt:163) ~[corda-node-5.0-SNAPSHOT-WILLH.jar:?]
	at net.corda.node.services.statemachine.FlowStateMachineImpl.suspend(FlowStateMachineImpl.kt:447) ~[corda-node-5.0-SNAPSHOT-WILLH.jar:?]
	at net.corda.node.services.statemachine.FlowSessionImpl.receive(FlowSessionImpl.kt:69) ~[corda-node-5.0-SNAPSHOT-WILLH.jar:?]
	at net.corda.node.services.statemachine.FlowSessionImpl.receive(FlowSessionImpl.kt:73) ~[corda-node-5.0-SNAPSHOT-WILLH.jar:?]
	at net.corda.confidential.identities.SyncKeyMappingInitiator.call(SyncKeyMappingFlowTests.kt:149) ~[test/:?]
	at net.corda.confidential.identities.SyncKeyMappingInitiator.call(SyncKeyMappingFlowTests.kt:117) ~[test/:?]
	at net.corda.node.services.statemachine.FlowStateMachineImpl.run(FlowStateMachineImpl.kt:270) ~[corda-node-5.0-SNAPSHOT-WILLH.jar:?]
	at net.corda.node.services.statemachine.FlowStateMachineImpl.run(FlowStateMachineImpl.kt:46) ~[corda-node-5.0-SNAPSHOT-WILLH.jar:?]
	at co.paralleluniverse.fibers.Fiber.run1(Fiber.java:1092) ~[quasar-core-0.7.10-jdk8.jar:0.7.10]
	at co.paralleluniverse.fibers.Fiber.exec(Fiber.java:788) ~[quasar-core-0.7.10-jdk8.jar:0.7.10]
	at co.paralleluniverse.fibers.RunnableFiberTask.doExec(RunnableFiberTask.java:100) ~[quasar-core-0.7.10-jdk8.jar:0.7.10]
	at co.paralleluniverse.fibers.RunnableFiberTask.run(RunnableFiberTask.java:91) ~[quasar-core-0.7.10-jdk8.jar:0.7.10]
	at java.util.concurrent.Executors$RunnableAdapter.call(Executors.java:511) ~[?:1.8.0_201]
	at java.util.concurrent.FutureTask.run(FutureTask.java:266) ~[?:1.8.0_201]
	at java.util.concurrent.ScheduledThreadPoolExecutor$ScheduledFutureTask.access$201(ScheduledThreadPoolExecutor.java:180) ~[?:1.8.0_201]
	at java.util.concurrent.ScheduledThreadPoolExecutor$ScheduledFutureTask.run(ScheduledThreadPoolExecutor.java:293) ~[?:1.8.0_201]
	at java.util.concurrent.ThreadPoolExecutor.runWorker(ThreadPoolExecutor.java:1149) ~[?:1.8.0_201]
	at java.util.concurrent.ThreadPoolExecutor$Worker.run(ThreadPoolExecutor.java:624) ~[?:1.8.0_201]
	at net.corda.node.utilities.AffinityExecutor$ServiceAffinityExecutor$1$thread$1.run(AffinityExecutor.kt:63) ~[corda-node-5.0-SNAPSHOT-WILLH.jar:?]
?[37m[INFO] 11:05:46,146 [Test worker] pool.HikariPool.shutdown - HikariPool-1 - Closed.
?[m?[37m[INFO] 11:05:46,164 [Test worker] pool.HikariPool.shutdown - HikariPool-2 - Close initiated...
?[m?[37m[INFO] 11:05:46,167 [Test worker] pool.HikariPool.shutdown - HikariPool-2 - Closed.
?[m?[37m[INFO] 11:05:46,169 [Test worker] pool.HikariPool.shutdown - HikariPool-3 - Close initiated...
?[m?[37m[INFO] 11:05:46,171 [Test worker] pool.HikariPool.shutdown - HikariPool-3 - Closed.
?[m?[37m[INFO] 11:05:46,172 [Test worker] pool.HikariPool.shutdown - HikariPool-4 - Close initiated...
?[m?[37m[INFO] 11:05:46,174 [Test worker] pool.HikariPool.shutdown - HikariPool-4 - Closed.
?[m]]></system-out>
  <system-err><![CDATA[QUASAR WARNING: Assertions enabled. This may harm performance.
QUASAR WARNING: Fibers are set to verify instrumentation. This may *severely* harm performance.
]]></system-err>
</testsuite>
