<?xml version="1.0" encoding="UTF-8"?>
<testsuite name="net.corda.confidential.identities.RequestKeyFlowTests" tests="2" skipped="0" failures="0" errors="0" timestamp="2019-06-19T09:34:03" hostname="19LDN-MAC107-1.local" time="6.657">
  <properties/>
  <testcase name="request new key from another party" classname="net.corda.confidential.identities.RequestKeyFlowTests" time="3.052"/>
  <testcase name="verify a known key with another party" classname="net.corda.confidential.identities.RequestKeyFlowTests" time="3.605"/>
  <system-out><![CDATA[?[37m[INFO] 10:34:03,649 [Test worker] pool.HikariPool.shutdown - HikariPool-9 - Close initiated...
?[m?[31m[WARN] 10:34:03,649 [Mock node 2 thread] interceptors.DumpHistoryOnErrorInterceptor.executeTransition - Flow [4f15496f-7e76-4772-9ac5-a27d281c5452] errored, dumping all transitions:

 --- Transition of flow [4f15496f-7e76-4772-9ac5-a27d281c5452] ---
  Timestamp: 2019-06-19T09:34:03.533Z
  Event: DoRemainingWork
  Actions: 
    CreateTransaction
    PersistCheckpoint(id=[4f15496f-7e76-4772-9ac5-a27d281c5452], checkpoint=Checkpoint(invocationContext=InvocationContext(origin=Peer(party=O=Alice Corp, L=Madrid, C=ES), trace=Trace(invocationId=080d3261-edc5-4963-a043-0d795290217c, timestamp: 2019-06-19T09:34:03.528Z, entityType: Invocation, sessionId=080d3261-edc5-4963-a043-0d795290217c, timestamp: 2019-06-19T09:34:03.528Z, entityType: Session), actor=null, externalTrace=null, impersonatedActor=null), ourIdentity=O=Bob Plc, L=Rome, C=IT, sessions={}, subFlowStack=[Inlined(flowClass=class net.corda.confidential.identities.SyncKeyMappingResponse, subFlowVersion=CoreFlow(platformVersion=5), isEnabledTimedFlow=false)], flowState=Unstarted(flowStart=Initiated, frozenFlowLogic=9BB5A35B349A606FA2F08D82F8730BD4A337734A4CD1193023FEF9B02F77A712), errorState=Clean, numberOfSuspends=0), isCheckpointUpdate=false)
    PersistDeduplicationFacts(deduplicationHandlers=[net.corda.testing.node.internal.MockNodeMessagingService$InMemoryDeduplicationHandler@7d6a25cb])
    CommitTransaction
    AcknowledgeMessages(deduplicationHandlers=[net.corda.testing.node.internal.MockNodeMessagingService$InMemoryDeduplicationHandler@7d6a25cb])
    SignalFlowHasStarted(flowId=[4f15496f-7e76-4772-9ac5-a27d281c5452])
    SendExisting(peerParty=O=Alice Corp, L=Madrid, C=ES, message=ExistingSessionMessage(recipientSessionId=SessionId(toLong=1953014859611848863), payload=ConfirmSessionMessage(initiatedSessionId=SessionId(toLong=638980050707302791), initiatedFlowInfo=FlowInfo(flowVersion=1, appName=<unknown>))), deduplicationId=SenderDeduplicationId(deduplicationId=DeduplicationId(toString=N-D-1953014859611848863--6406797140790486523-0-0), senderUUID=7aef62f0-2180-439d-bd97-b5c8b49a6c38))
    CreateTransaction
  Continuation: Resume(result=null)
  Diff between previous and next state:
checkpoint.sessions.SessionId(toLong=638980050707302791): 
    null
    Initiated(peerParty=O=Alice Corp, L=Madrid, C=ES, peerFlowInfo=FlowInfo(flowVersion=1, appName=<unknown>), receivedMessages=[DataSessionMessage(payload=class net.corda.core.serialization.SerializedBytes)], initiatedState=Live(peerSinkSessionId=SessionId(toLong=1953014859611848863)), errors=[], deduplicationSeed=D-1953014859611848863--6406797140790486523)
isAnyCheckpointPersisted: 
    false
    true
pendingDeduplicationHandlers: 
    [net.corda.testing.node.internal.MockNodeMessagingService$InMemoryDeduplicationHandler@7d6a25cb]
    []
isFlowResumed: 
    false
    true


 --- Transition of flow [4f15496f-7e76-4772-9ac5-a27d281c5452] ---
  Timestamp: 2019-06-19T09:34:03.533Z
  Event: EnterSubFlow(subFlowClass=class net.corda.confidential.identities.SyncKeyMappingFlowHandler, subFlowVersion=CoreFlow(platformVersion=5), isEnabledTimedFlow=false)
  Actions: 
    
  Continuation: ProcessEvents
  Diff between previous and next state:
checkpoint.subFlowStack: 
    [Inlined(flowClass=class net.corda.confidential.identities.SyncKeyMappingResponse, subFlowVersion=CoreFlow(platformVersion=5), isEnabledTimedFlow=false)]
    [Inlined(flowClass=class net.corda.confidential.identities.SyncKeyMappingResponse, subFlowVersion=CoreFlow(platformVersion=5), isEnabledTimedFlow=false), Inlined(flowClass=class net.corda.confidential.identities.SyncKeyMappingFlowHandler, subFlowVersion=CoreFlow(platformVersion=5), isEnabledTimedFlow=false)]


 --- Transition of flow [4f15496f-7e76-4772-9ac5-a27d281c5452] ---
  Timestamp: 2019-06-19T09:34:03.535Z
  Event: Suspend(ioRequest=Receive(sessions=[FlowSessionImpl(counterparty=O=Alice Corp, L=Madrid, C=ES, sourceSessionId=SessionId(toLong=638980050707302791))]), maySkipCheckpoint=false, fiber=0BC2D0F1D3D8B1EE66418D7D52FA27548FCC9149D24DDF1047437A02044530FB, )
  Actions: 
    PersistCheckpoint(id=[4f15496f-7e76-4772-9ac5-a27d281c5452], checkpoint=Checkpoint(invocationContext=InvocationContext(origin=Peer(party=O=Alice Corp, L=Madrid, C=ES), trace=Trace(invocationId=080d3261-edc5-4963-a043-0d795290217c, timestamp: 2019-06-19T09:34:03.528Z, entityType: Invocation, sessionId=080d3261-edc5-4963-a043-0d795290217c, timestamp: 2019-06-19T09:34:03.528Z, entityType: Session), actor=null, externalTrace=null, impersonatedActor=null), ourIdentity=O=Bob Plc, L=Rome, C=IT, sessions={SessionId(toLong=638980050707302791)=Initiated(peerParty=O=Alice Corp, L=Madrid, C=ES, peerFlowInfo=FlowInfo(flowVersion=1, appName=<unknown>), receivedMessages=[DataSessionMessage(payload=class net.corda.core.serialization.SerializedBytes)], initiatedState=Live(peerSinkSessionId=SessionId(toLong=1953014859611848863)), errors=[], deduplicationSeed=D-1953014859611848863--6406797140790486523)}, subFlowStack=[Inlined(flowClass=class net.corda.confidential.identities.SyncKeyMappingResponse, subFlowVersion=CoreFlow(platformVersion=5), isEnabledTimedFlow=false), Inlined(flowClass=class net.corda.confidential.identities.SyncKeyMappingFlowHandler, subFlowVersion=CoreFlow(platformVersion=5), isEnabledTimedFlow=false)], flowState=Started(flowIORequest=Receive(sessions=[FlowSessionImpl(counterparty=O=Alice Corp, L=Madrid, C=ES, sourceSessionId=SessionId(toLong=638980050707302791))]), frozenFiber=0BC2D0F1D3D8B1EE66418D7D52FA27548FCC9149D24DDF1047437A02044530FB), errorState=Clean, numberOfSuspends=1), isCheckpointUpdate=true)
    PersistDeduplicationFacts(deduplicationHandlers=[])
    CommitTransaction
    AcknowledgeMessages(deduplicationHandlers=[])
    ScheduleEvent(event=DoRemainingWork)
  Continuation: ProcessEvents
  Diff between previous and next state:
checkpoint.flowState: 
    Unstarted(flowStart=Initiated, frozenFlowLogic=9BB5A35B349A606FA2F08D82F8730BD4A337734A4CD1193023FEF9B02F77A712)
    Started(flowIORequest=Receive(sessions=[FlowSessionImpl(counterparty=O=Alice Corp, L=Madrid, C=ES, sourceSessionId=SessionId(toLong=638980050707302791))]), frozenFiber=0BC2D0F1D3D8B1EE66418D7D52FA27548FCC9149D24DDF1047437A02044530FB)
checkpoint.numberOfSuspends: 
    0
    1
isFlowResumed: 
    true
    false


 --- Transition of flow [4f15496f-7e76-4772-9ac5-a27d281c5452] ---
  Timestamp: 2019-06-19T09:34:03.535Z
  Event: DoRemainingWork
  Actions: 
    CreateTransaction
  Continuation: Resume(result=class java.util.LinkedHashMap)
  Diff between previous and next state:
checkpoint.sessions.SessionId(toLong=638980050707302791).receivedMessages: 
    [DataSessionMessage(payload=class net.corda.core.serialization.SerializedBytes)]
    []
isFlowResumed: 
    false
    true


 --- Transition of flow [4f15496f-7e76-4772-9ac5-a27d281c5452] ---
  Timestamp: 2019-06-19T09:34:03.540Z
  Event: Suspend(ioRequest=Send(sessionToMessage={FlowSessionImpl(counterparty=O=Alice Corp, L=Madrid, C=ES, sourceSessionId=SessionId(toLong=638980050707302791))=DA4E8759BE72809E90CDC898880639C04C78EB2B35BC3D20BC7C5B60B26330B9}), maySkipCheckpoint=false, fiber=9691B91B41B323FA6F9A47BFDADDAE04C7E982FC0AE7AA1D5BBA2AF43198A956, )
  Actions: 
    PersistCheckpoint(id=[4f15496f-7e76-4772-9ac5-a27d281c5452], checkpoint=Checkpoint(invocationContext=InvocationContext(origin=Peer(party=O=Alice Corp, L=Madrid, C=ES), trace=Trace(invocationId=080d3261-edc5-4963-a043-0d795290217c, timestamp: 2019-06-19T09:34:03.528Z, entityType: Invocation, sessionId=080d3261-edc5-4963-a043-0d795290217c, timestamp: 2019-06-19T09:34:03.528Z, entityType: Session), actor=null, externalTrace=null, impersonatedActor=null), ourIdentity=O=Bob Plc, L=Rome, C=IT, sessions={SessionId(toLong=638980050707302791)=Initiated(peerParty=O=Alice Corp, L=Madrid, C=ES, peerFlowInfo=FlowInfo(flowVersion=1, appName=<unknown>), receivedMessages=[], initiatedState=Live(peerSinkSessionId=SessionId(toLong=1953014859611848863)), errors=[], deduplicationSeed=D-1953014859611848863--6406797140790486523)}, subFlowStack=[Inlined(flowClass=class net.corda.confidential.identities.SyncKeyMappingResponse, subFlowVersion=CoreFlow(platformVersion=5), isEnabledTimedFlow=false), Inlined(flowClass=class net.corda.confidential.identities.SyncKeyMappingFlowHandler, subFlowVersion=CoreFlow(platformVersion=5), isEnabledTimedFlow=false)], flowState=Started(flowIORequest=Send(sessionToMessage={FlowSessionImpl(counterparty=O=Alice Corp, L=Madrid, C=ES, sourceSessionId=SessionId(toLong=638980050707302791))=DA4E8759BE72809E90CDC898880639C04C78EB2B35BC3D20BC7C5B60B26330B9}), frozenFiber=9691B91B41B323FA6F9A47BFDADDAE04C7E982FC0AE7AA1D5BBA2AF43198A956), errorState=Clean, numberOfSuspends=2), isCheckpointUpdate=true)
    PersistDeduplicationFacts(deduplicationHandlers=[])
    CommitTransaction
    AcknowledgeMessages(deduplicationHandlers=[])
    ScheduleEvent(event=DoRemainingWork)
  Continuation: ProcessEvents
  Diff between previous and next state:
checkpoint.flowState.flowIORequest: 
    Receive(sessions=[FlowSessionImpl(counterparty=O=Alice Corp, L=Madrid, C=ES, sourceSessionId=SessionId(toLong=638980050707302791))])
    Send(sessionToMessage={FlowSessionImpl(counterparty=O=Alice Corp, L=Madrid, C=ES, sourceSessionId=SessionId(toLong=638980050707302791))=DA4E8759BE72809E90CDC898880639C04C78EB2B35BC3D20BC7C5B60B26330B9})
checkpoint.flowState.frozenFiber.hash: 
    0BC2D0F1D3D8B1EE66418D7D52FA27548FCC9149D24DDF1047437A02044530FB
    9691B91B41B323FA6F9A47BFDADDAE04C7E982FC0AE7AA1D5BBA2AF43198A956
checkpoint.numberOfSuspends: 
    1
    2
isFlowResumed: 
    true
    false


 --- Transition of flow [4f15496f-7e76-4772-9ac5-a27d281c5452] ---
  Timestamp: 2019-06-19T09:34:03.540Z
  Event: DoRemainingWork
  Actions: 
    SendExisting(peerParty=O=Alice Corp, L=Madrid, C=ES, message=ExistingSessionMessage(recipientSessionId=SessionId(toLong=1953014859611848863), payload=DataSessionMessage(payload=class net.corda.core.serialization.SerializedBytes)), deduplicationId=SenderDeduplicationId(deduplicationId=DeduplicationId(toString=N-D-1953014859611848863--6406797140790486523-2-0), senderUUID=7aef62f0-2180-439d-bd97-b5c8b49a6c38))
    CreateTransaction
  Continuation: Resume(result=class kotlin.Unit)
  Diff between previous and next state:
isFlowResumed: 
    false
    true


 --- Transition of flow [4f15496f-7e76-4772-9ac5-a27d281c5452] ---
  Timestamp: 2019-06-19T09:34:03.542Z
  Event: Suspend(ioRequest=Receive(sessions=[FlowSessionImpl(counterparty=O=Alice Corp, L=Madrid, C=ES, sourceSessionId=SessionId(toLong=638980050707302791))]), maySkipCheckpoint=false, fiber=3C7B266154C1450412F78E4C459815AC37181F6EE342F808354322273C549705, )
  Actions: 
    PersistCheckpoint(id=[4f15496f-7e76-4772-9ac5-a27d281c5452], checkpoint=Checkpoint(invocationContext=InvocationContext(origin=Peer(party=O=Alice Corp, L=Madrid, C=ES), trace=Trace(invocationId=080d3261-edc5-4963-a043-0d795290217c, timestamp: 2019-06-19T09:34:03.528Z, entityType: Invocation, sessionId=080d3261-edc5-4963-a043-0d795290217c, timestamp: 2019-06-19T09:34:03.528Z, entityType: Session), actor=null, externalTrace=null, impersonatedActor=null), ourIdentity=O=Bob Plc, L=Rome, C=IT, sessions={SessionId(toLong=638980050707302791)=Initiated(peerParty=O=Alice Corp, L=Madrid, C=ES, peerFlowInfo=FlowInfo(flowVersion=1, appName=<unknown>), receivedMessages=[], initiatedState=Live(peerSinkSessionId=SessionId(toLong=1953014859611848863)), errors=[], deduplicationSeed=D-1953014859611848863--6406797140790486523)}, subFlowStack=[Inlined(flowClass=class net.corda.confidential.identities.SyncKeyMappingResponse, subFlowVersion=CoreFlow(platformVersion=5), isEnabledTimedFlow=false), Inlined(flowClass=class net.corda.confidential.identities.SyncKeyMappingFlowHandler, subFlowVersion=CoreFlow(platformVersion=5), isEnabledTimedFlow=false)], flowState=Started(flowIORequest=Receive(sessions=[FlowSessionImpl(counterparty=O=Alice Corp, L=Madrid, C=ES, sourceSessionId=SessionId(toLong=638980050707302791))]), frozenFiber=3C7B266154C1450412F78E4C459815AC37181F6EE342F808354322273C549705), errorState=Clean, numberOfSuspends=3), isCheckpointUpdate=true)
    PersistDeduplicationFacts(deduplicationHandlers=[])
    CommitTransaction
    AcknowledgeMessages(deduplicationHandlers=[])
    ScheduleEvent(event=DoRemainingWork)
  Continuation: ProcessEvents
  Diff between previous and next state:
checkpoint.flowState.flowIORequest: 
    Send(sessionToMessage={FlowSessionImpl(counterparty=O=Alice Corp, L=Madrid, C=ES, sourceSessionId=SessionId(toLong=638980050707302791))=DA4E8759BE72809E90CDC898880639C04C78EB2B35BC3D20BC7C5B60B26330B9})
    Receive(sessions=[FlowSessionImpl(counterparty=O=Alice Corp, L=Madrid, C=ES, sourceSessionId=SessionId(toLong=638980050707302791))])
checkpoint.flowState.frozenFiber.hash: 
    9691B91B41B323FA6F9A47BFDADDAE04C7E982FC0AE7AA1D5BBA2AF43198A956
    3C7B266154C1450412F78E4C459815AC37181F6EE342F808354322273C549705
checkpoint.numberOfSuspends: 
    2
    3
isFlowResumed: 
    true
    false


 --- Transition of flow [4f15496f-7e76-4772-9ac5-a27d281c5452] ---
  Timestamp: 2019-06-19T09:34:03.542Z
  Event: DoRemainingWork
  Actions: 
    
  Continuation: ProcessEvents
  Diff between previous and next state:
null

 --- Transition of flow [4f15496f-7e76-4772-9ac5-a27d281c5452] ---
  Timestamp: 2019-06-19T09:34:03.545Z
  Event: DeliverSessionMessage(sessionMessage=ExistingSessionMessage(recipientSessionId=SessionId(toLong=638980050707302791), payload=DataSessionMessage(payload=class net.corda.core.serialization.SerializedBytes)), deduplicationHandler=net.corda.testing.node.internal.MockNodeMessagingService$InMemoryDeduplicationHandler@55672de6, sender=O=Alice Corp, L=Madrid, C=ES)
  Actions: 
    ScheduleEvent(event=DoRemainingWork)
  Continuation: ProcessEvents
  Diff between previous and next state:
checkpoint.sessions.SessionId(toLong=638980050707302791).receivedMessages: 
    []
    [DataSessionMessage(payload=class net.corda.core.serialization.SerializedBytes)]
pendingDeduplicationHandlers: 
    []
    [net.corda.testing.node.internal.MockNodeMessagingService$InMemoryDeduplicationHandler@55672de6]


 --- Transition of flow [4f15496f-7e76-4772-9ac5-a27d281c5452] ---
  Timestamp: 2019-06-19T09:34:03.545Z
  Event: DoRemainingWork
  Actions: 
    CreateTransaction
  Continuation: Resume(result=class java.util.LinkedHashMap)
  Diff between previous and next state:
checkpoint.sessions.SessionId(toLong=638980050707302791).receivedMessages: 
    [DataSessionMessage(payload=class net.corda.core.serialization.SerializedBytes)]
    []
isFlowResumed: 
    false
    true


 --- Transition of flow [4f15496f-7e76-4772-9ac5-a27d281c5452] ---
  Timestamp: 2019-06-19T09:34:03.546Z
  Event: EnterSubFlow(subFlowClass=class net.corda.confidential.identities.RequestKeyFlowWrapper, subFlowVersion=CoreFlow(platformVersion=5), isEnabledTimedFlow=false)
  Actions: 
    
  Continuation: ProcessEvents
  Diff between previous and next state:
checkpoint.subFlowStack: 
    [Inlined(flowClass=class net.corda.confidential.identities.SyncKeyMappingResponse, subFlowVersion=CoreFlow(platformVersion=5), isEnabledTimedFlow=false), Inlined(flowClass=class net.corda.confidential.identities.SyncKeyMappingFlowHandler, subFlowVersion=CoreFlow(platformVersion=5), isEnabledTimedFlow=false)]
    [Inlined(flowClass=class net.corda.confidential.identities.SyncKeyMappingResponse, subFlowVersion=CoreFlow(platformVersion=5), isEnabledTimedFlow=false), Inlined(flowClass=class net.corda.confidential.identities.SyncKeyMappingFlowHandler, subFlowVersion=CoreFlow(platformVersion=5), isEnabledTimedFlow=false), Initiating(flowClass=class net.corda.confidential.identities.RequestKeyFlowWrapper, classToInitiateWith=class net.corda.confidential.identities.RequestKeyFlowWrapper, flowInfo=FlowInfo(flowVersion=1, appName=<unknown>), subFlowVersion=CoreFlow(platformVersion=5), isEnabledTimedFlow=false)]


 --- Transition of flow [4f15496f-7e76-4772-9ac5-a27d281c5452] ---
  Timestamp: 2019-06-19T09:34:03.546Z
  Event: InitiateFlow(wellKnownParty=O=Charlie Ltd, L=Athens, C=GR, requestedParty=null)
  Actions: 
    AddSessionBinding(flowId=[4f15496f-7e76-4772-9ac5-a27d281c5452], sessionId=SessionId(toLong=9124130210210132774))
  Continuation: Resume(result=class net.corda.node.services.statemachine.FlowSessionImpl)
  Diff between previous and next state:
checkpoint.sessions.SessionId(toLong=9124130210210132774): 
    null
    Uninitiated(party=O=Charlie Ltd, L=Athens, C=GR, initiatingSubFlow=Initiating(flowClass=class net.corda.confidential.identities.RequestKeyFlowWrapper, classToInitiateWith=class net.corda.confidential.identities.RequestKeyFlowWrapper, flowInfo=FlowInfo(flowVersion=1, appName=<unknown>), subFlowVersion=CoreFlow(platformVersion=5), isEnabledTimedFlow=false), sourceSessionId=SessionId(toLong=9124130210210132774), additionalEntropy=-4566457154872016394)


 --- Transition of flow [4f15496f-7e76-4772-9ac5-a27d281c5452] ---
  Timestamp: 2019-06-19T09:34:03.546Z
  Event: EnterSubFlow(subFlowClass=class net.corda.confidential.identities.RequestKeyFlow, subFlowVersion=CoreFlow(platformVersion=5), isEnabledTimedFlow=false)
  Actions: 
    
  Continuation: ProcessEvents
  Diff between previous and next state:
checkpoint.subFlowStack: 
    [Inlined(flowClass=class net.corda.confidential.identities.SyncKeyMappingResponse, subFlowVersion=CoreFlow(platformVersion=5), isEnabledTimedFlow=false), Inlined(flowClass=class net.corda.confidential.identities.SyncKeyMappingFlowHandler, subFlowVersion=CoreFlow(platformVersion=5), isEnabledTimedFlow=false), Initiating(flowClass=class net.corda.confidential.identities.RequestKeyFlowWrapper, classToInitiateWith=class net.corda.confidential.identities.RequestKeyFlowWrapper, flowInfo=FlowInfo(flowVersion=1, appName=<unknown>), subFlowVersion=CoreFlow(platformVersion=5), isEnabledTimedFlow=false)]
    [Inlined(flowClass=class net.corda.confidential.identities.SyncKeyMappingResponse, subFlowVersion=CoreFlow(platformVersion=5), isEnabledTimedFlow=false), Inlined(flowClass=class net.corda.confidential.identities.SyncKeyMappingFlowHandler, subFlowVersion=CoreFlow(platformVersion=5), isEnabledTimedFlow=false), Initiating(flowClass=class net.corda.confidential.identities.RequestKeyFlowWrapper, classToInitiateWith=class net.corda.confidential.identities.RequestKeyFlowWrapper, flowInfo=FlowInfo(flowVersion=1, appName=<unknown>), subFlowVersion=CoreFlow(platformVersion=5), isEnabledTimedFlow=false), Inlined(flowClass=class net.corda.confidential.identities.RequestKeyFlow, subFlowVersion=CoreFlow(platformVersion=5), isEnabledTimedFlow=false)]


 --- Transition of flow [4f15496f-7e76-4772-9ac5-a27d281c5452] ---
  Timestamp: 2019-06-19T09:34:03.549Z
  Event: Suspend(ioRequest=SendAndReceive({FlowSessionImpl(counterparty=O=Charlie Ltd, L=Athens, C=GR, sourceSessionId=SessionId(toLong=9124130210210132774))=FlowSessionImpl(counterparty=O=Charlie Ltd, L=Athens, C=GR, sourceSessionId=SessionId(toLong=9124130210210132774))=7B83DA3A44E9EE12DDFE6170D7D17590BACD9456268D9B97CD2BC5E41DBA9012}, shouldRetrySend=false), maySkipCheckpoint=false, fiber=81A20D01EB134EF0D45682A40CBE02BBF2C3682BC3E4B4B88DF01F5DA1495E63, )
  Actions: 
    PersistCheckpoint(id=[4f15496f-7e76-4772-9ac5-a27d281c5452], checkpoint=Checkpoint(invocationContext=InvocationContext(origin=Peer(party=O=Alice Corp, L=Madrid, C=ES), trace=Trace(invocationId=080d3261-edc5-4963-a043-0d795290217c, timestamp: 2019-06-19T09:34:03.528Z, entityType: Invocation, sessionId=080d3261-edc5-4963-a043-0d795290217c, timestamp: 2019-06-19T09:34:03.528Z, entityType: Session), actor=null, externalTrace=null, impersonatedActor=null), ourIdentity=O=Bob Plc, L=Rome, C=IT, sessions={SessionId(toLong=638980050707302791)=Initiated(peerParty=O=Alice Corp, L=Madrid, C=ES, peerFlowInfo=FlowInfo(flowVersion=1, appName=<unknown>), receivedMessages=[], initiatedState=Live(peerSinkSessionId=SessionId(toLong=1953014859611848863)), errors=[], deduplicationSeed=D-1953014859611848863--6406797140790486523), SessionId(toLong=9124130210210132774)=Uninitiated(party=O=Charlie Ltd, L=Athens, C=GR, initiatingSubFlow=Initiating(flowClass=class net.corda.confidential.identities.RequestKeyFlowWrapper, classToInitiateWith=class net.corda.confidential.identities.RequestKeyFlowWrapper, flowInfo=FlowInfo(flowVersion=1, appName=<unknown>), subFlowVersion=CoreFlow(platformVersion=5), isEnabledTimedFlow=false), sourceSessionId=SessionId(toLong=9124130210210132774), additionalEntropy=-4566457154872016394)}, subFlowStack=[Inlined(flowClass=class net.corda.confidential.identities.SyncKeyMappingResponse, subFlowVersion=CoreFlow(platformVersion=5), isEnabledTimedFlow=false), Inlined(flowClass=class net.corda.confidential.identities.SyncKeyMappingFlowHandler, subFlowVersion=CoreFlow(platformVersion=5), isEnabledTimedFlow=false), Initiating(flowClass=class net.corda.confidential.identities.RequestKeyFlowWrapper, classToInitiateWith=class net.corda.confidential.identities.RequestKeyFlowWrapper, flowInfo=FlowInfo(flowVersion=1, appName=<unknown>), subFlowVersion=CoreFlow(platformVersion=5), isEnabledTimedFlow=false), Inlined(flowClass=class net.corda.confidential.identities.RequestKeyFlow, subFlowVersion=CoreFlow(platformVersion=5), isEnabledTimedFlow=false)], flowState=Started(flowIORequest=SendAndReceive({FlowSessionImpl(counterparty=O=Charlie Ltd, L=Athens, C=GR, sourceSessionId=SessionId(toLong=9124130210210132774))=FlowSessionImpl(counterparty=O=Charlie Ltd, L=Athens, C=GR, sourceSessionId=SessionId(toLong=9124130210210132774))=7B83DA3A44E9EE12DDFE6170D7D17590BACD9456268D9B97CD2BC5E41DBA9012}, shouldRetrySend=false), frozenFiber=81A20D01EB134EF0D45682A40CBE02BBF2C3682BC3E4B4B88DF01F5DA1495E63), errorState=Clean, numberOfSuspends=4), isCheckpointUpdate=true)
    PersistDeduplicationFacts(deduplicationHandlers=[net.corda.testing.node.internal.MockNodeMessagingService$InMemoryDeduplicationHandler@55672de6])
    CommitTransaction
    AcknowledgeMessages(deduplicationHandlers=[net.corda.testing.node.internal.MockNodeMessagingService$InMemoryDeduplicationHandler@55672de6])
    ScheduleEvent(event=DoRemainingWork)
  Continuation: ProcessEvents
  Diff between previous and next state:
checkpoint.flowState.flowIORequest: 
    Receive(sessions=[FlowSessionImpl(counterparty=O=Alice Corp, L=Madrid, C=ES, sourceSessionId=SessionId(toLong=638980050707302791))])
    SendAndReceive({FlowSessionImpl(counterparty=O=Charlie Ltd, L=Athens, C=GR, sourceSessionId=SessionId(toLong=9124130210210132774))=FlowSessionImpl(counterparty=O=Charlie Ltd, L=Athens, C=GR, sourceSessionId=SessionId(toLong=9124130210210132774))=7B83DA3A44E9EE12DDFE6170D7D17590BACD9456268D9B97CD2BC5E41DBA9012}, shouldRetrySend=false)
checkpoint.flowState.frozenFiber.hash: 
    3C7B266154C1450412F78E4C459815AC37181F6EE342F808354322273C549705
    81A20D01EB134EF0D45682A40CBE02BBF2C3682BC3E4B4B88DF01F5DA1495E63
checkpoint.numberOfSuspends: 
    3
    4
pendingDeduplicationHandlers: 
    [net.corda.testing.node.internal.MockNodeMessagingService$InMemoryDeduplicationHandler@55672de6]
    []
isFlowResumed: 
    true
    false


 --- Transition of flow [4f15496f-7e76-4772-9ac5-a27d281c5452] ---
  Timestamp: 2019-06-19T09:34:03.552Z
  Event: DoRemainingWork
  Actions: 
    SendInitial(party=O=Charlie Ltd, L=Athens, C=GR, initialise=InitialSessionMessage(initiatorSessionId=SessionId(toLong=9124130210210132774), initiationEntropy=-4566457154872016394, initiatorFlowClassName=net.corda.confidential.identities.RequestKeyFlowWrapper, appName=<unknown>, firstPayload=class net.corda.core.serialization.SerializedBytes), deduplicationId=SenderDeduplicationId(deduplicationId=DeduplicationId(toString=N-R-9124130210210132774--4566457154872016394-4-0), senderUUID=7aef62f0-2180-439d-bd97-b5c8b49a6c38))
  Continuation: ProcessEvents
  Diff between previous and next state:
checkpoint.flowState.flowIORequest: 
    SendAndReceive({FlowSessionImpl(counterparty=O=Charlie Ltd, L=Athens, C=GR, sourceSessionId=SessionId(toLong=9124130210210132774))=FlowSessionImpl(counterparty=O=Charlie Ltd, L=Athens, C=GR, sourceSessionId=SessionId(toLong=9124130210210132774))=7B83DA3A44E9EE12DDFE6170D7D17590BACD9456268D9B97CD2BC5E41DBA9012}, shouldRetrySend=false)
    Receive(sessions=[FlowSessionImpl(counterparty=O=Charlie Ltd, L=Athens, C=GR, sourceSessionId=SessionId(toLong=9124130210210132774))])
checkpoint.sessions.SessionId(toLong=9124130210210132774): 
    Uninitiated(party=O=Charlie Ltd, L=Athens, C=GR, initiatingSubFlow=Initiating(flowClass=class net.corda.confidential.identities.RequestKeyFlowWrapper, classToInitiateWith=class net.corda.confidential.identities.RequestKeyFlowWrapper, flowInfo=FlowInfo(flowVersion=1, appName=<unknown>), subFlowVersion=CoreFlow(platformVersion=5), isEnabledTimedFlow=false), sourceSessionId=SessionId(toLong=9124130210210132774), additionalEntropy=-4566457154872016394)
    Initiating(bufferedMessages=[], rejectionError=null, deduplicationSeed=R-9124130210210132774--4566457154872016394)


 --- Transition of flow [4f15496f-7e76-4772-9ac5-a27d281c5452] ---
  Timestamp: 2019-06-19T09:34:03.564Z
  Event: DeliverSessionMessage(sessionMessage=ExistingSessionMessage(recipientSessionId=SessionId(toLong=9124130210210132774), payload=RejectSessionMessage(message=net.corda.confidential.identities.RequestKeyFlowWrapper is not registered, errorId=8846550760029296164)), deduplicationHandler=net.corda.testing.node.internal.MockNodeMessagingService$InMemoryDeduplicationHandler@5e0adbbf, sender=O=Charlie Ltd, L=Athens, C=GR)
  Actions: 
    ScheduleEvent(event=DoRemainingWork)
  Continuation: ProcessEvents
  Diff between previous and next state:
checkpoint.sessions.SessionId(toLong=9124130210210132774).rejectionError: 
    null
    FlowError(errorId=8846550760029296164, exception=net.corda.core.flows.UnexpectedFlowEndException: net.corda.confidential.identities.RequestKeyFlowWrapper is not registered)
pendingDeduplicationHandlers: 
    []
    [net.corda.testing.node.internal.MockNodeMessagingService$InMemoryDeduplicationHandler@5e0adbbf]


 --- Transition of flow [4f15496f-7e76-4772-9ac5-a27d281c5452] ---
  Timestamp: 2019-06-19T09:34:03.564Z
  Event: DoRemainingWork
  Actions: 
    CreateTransaction
  Continuation: Throw(throwable=net.corda.core.flows.UnexpectedFlowEndException: net.corda.confidential.identities.RequestKeyFlowWrapper is not registered)
  Diff between previous and next state:
isFlowResumed: 
    false
    true


 --- Transition of flow [4f15496f-7e76-4772-9ac5-a27d281c5452] ---
  Timestamp: 2019-06-19T09:34:03.565Z
  Event: LeaveSubFlow
  Actions: 
    
  Continuation: ProcessEvents
  Diff between previous and next state:
checkpoint.subFlowStack: 
    [Inlined(flowClass=class net.corda.confidential.identities.SyncKeyMappingResponse, subFlowVersion=CoreFlow(platformVersion=5), isEnabledTimedFlow=false), Inlined(flowClass=class net.corda.confidential.identities.SyncKeyMappingFlowHandler, subFlowVersion=CoreFlow(platformVersion=5), isEnabledTimedFlow=false), Initiating(flowClass=class net.corda.confidential.identities.RequestKeyFlowWrapper, classToInitiateWith=class net.corda.confidential.identities.RequestKeyFlowWrapper, flowInfo=FlowInfo(flowVersion=1, appName=<unknown>), subFlowVersion=CoreFlow(platformVersion=5), isEnabledTimedFlow=false), Inlined(flowClass=class net.corda.confidential.identities.RequestKeyFlow, subFlowVersion=CoreFlow(platformVersion=5), isEnabledTimedFlow=false)]
    [Inlined(flowClass=class net.corda.confidential.identities.SyncKeyMappingResponse, subFlowVersion=CoreFlow(platformVersion=5), isEnabledTimedFlow=false), Inlined(flowClass=class net.corda.confidential.identities.SyncKeyMappingFlowHandler, subFlowVersion=CoreFlow(platformVersion=5), isEnabledTimedFlow=false), Initiating(flowClass=class net.corda.confidential.identities.RequestKeyFlowWrapper, classToInitiateWith=class net.corda.confidential.identities.RequestKeyFlowWrapper, flowInfo=FlowInfo(flowVersion=1, appName=<unknown>), subFlowVersion=CoreFlow(platformVersion=5), isEnabledTimedFlow=false)]


 --- Transition of flow [4f15496f-7e76-4772-9ac5-a27d281c5452] ---
  Timestamp: 2019-06-19T09:34:03.565Z
  Event: LeaveSubFlow
  Actions: 
    
  Continuation: ProcessEvents
  Diff between previous and next state:
checkpoint.subFlowStack: 
    [Inlined(flowClass=class net.corda.confidential.identities.SyncKeyMappingResponse, subFlowVersion=CoreFlow(platformVersion=5), isEnabledTimedFlow=false), Inlined(flowClass=class net.corda.confidential.identities.SyncKeyMappingFlowHandler, subFlowVersion=CoreFlow(platformVersion=5), isEnabledTimedFlow=false), Initiating(flowClass=class net.corda.confidential.identities.RequestKeyFlowWrapper, classToInitiateWith=class net.corda.confidential.identities.RequestKeyFlowWrapper, flowInfo=FlowInfo(flowVersion=1, appName=<unknown>), subFlowVersion=CoreFlow(platformVersion=5), isEnabledTimedFlow=false)]
    [Inlined(flowClass=class net.corda.confidential.identities.SyncKeyMappingResponse, subFlowVersion=CoreFlow(platformVersion=5), isEnabledTimedFlow=false), Inlined(flowClass=class net.corda.confidential.identities.SyncKeyMappingFlowHandler, subFlowVersion=CoreFlow(platformVersion=5), isEnabledTimedFlow=false)]


 --- Transition of flow [4f15496f-7e76-4772-9ac5-a27d281c5452] ---
  Timestamp: 2019-06-19T09:34:03.565Z
  Event: LeaveSubFlow
  Actions: 
    
  Continuation: ProcessEvents
  Diff between previous and next state:
checkpoint.subFlowStack: 
    [Inlined(flowClass=class net.corda.confidential.identities.SyncKeyMappingResponse, subFlowVersion=CoreFlow(platformVersion=5), isEnabledTimedFlow=false), Inlined(flowClass=class net.corda.confidential.identities.SyncKeyMappingFlowHandler, subFlowVersion=CoreFlow(platformVersion=5), isEnabledTimedFlow=false)]
    [Inlined(flowClass=class net.corda.confidential.identities.SyncKeyMappingResponse, subFlowVersion=CoreFlow(platformVersion=5), isEnabledTimedFlow=false)]


 --- Transition of flow [4f15496f-7e76-4772-9ac5-a27d281c5452] ---
  Timestamp: 2019-06-19T09:34:03.572Z
  Event: Error(exception=net.corda.core.flows.UnexpectedFlowEndException: net.corda.confidential.identities.RequestKeyFlowWrapper is not registered)
  Actions: 
    RollbackTransaction
    ScheduleEvent(event=DoRemainingWork)
  Continuation: ProcessEvents
  Diff between previous and next state:
checkpoint.errorState: 
    Clean
    Errored(errors=[FlowError(errorId=8846550760029296164, exception=net.corda.core.flows.UnexpectedFlowEndException: net.corda.confidential.identities.RequestKeyFlowWrapper is not registered)], propagatedIndex=0, propagating=false)
isFlowResumed: 
    true
    false


 --- Transition of flow [4f15496f-7e76-4772-9ac5-a27d281c5452] ---
  Timestamp: 2019-06-19T09:34:03.575Z
  Event: DoRemainingWork
  Actions: 
    
  Continuation: ProcessEvents
  Diff between previous and next state:
null

 --- Transition of flow [4f15496f-7e76-4772-9ac5-a27d281c5452] ---
  Timestamp: 2019-06-19T09:34:03.576Z
  Event: StartErrorPropagation
  Actions: 
    ScheduleEvent(event=DoRemainingWork)
  Continuation: ProcessEvents
  Diff between previous and next state:
checkpoint.errorState.propagating: 
    false
    true


 --- Transition of flow [4f15496f-7e76-4772-9ac5-a27d281c5452] ---
  Timestamp: 2019-06-19T09:34:03.643Z
  Event: DoRemainingWork
  Actions: 
    PropagateErrors(errorMessages=[ErrorSessionMessage(flowException=null, errorId=8846550760029296164)], sessions=[Initiated(peerParty=O=Alice Corp, L=Madrid, C=ES, peerFlowInfo=FlowInfo(flowVersion=1, appName=<unknown>), receivedMessages=[], initiatedState=Live(peerSinkSessionId=SessionId(toLong=1953014859611848863)), errors=[], deduplicationSeed=D-1953014859611848863--6406797140790486523)], senderUUID=7aef62f0-2180-439d-bd97-b5c8b49a6c38)
    CreateTransaction
    RemoveCheckpoint(id=[4f15496f-7e76-4772-9ac5-a27d281c5452])
    PersistDeduplicationFacts(deduplicationHandlers=[net.corda.testing.node.internal.MockNodeMessagingService$InMemoryDeduplicationHandler@5e0adbbf])
    ReleaseSoftLocks(uuid=4f15496f-7e76-4772-9ac5-a27d281c5452)
    CommitTransaction
    AcknowledgeMessages(deduplicationHandlers=[net.corda.testing.node.internal.MockNodeMessagingService$InMemoryDeduplicationHandler@5e0adbbf])
    RemoveSessionBindings(sessionIds=[SessionId(toLong=638980050707302791), SessionId(toLong=9124130210210132774)])
    RemoveFlow(flowId=[4f15496f-7e76-4772-9ac5-a27d281c5452], removalReason=ErrorFinish(flowErrors=[FlowError(errorId=8846550760029296164, exception=net.corda.core.flows.UnexpectedFlowEndException: net.corda.confidential.identities.RequestKeyFlowWrapper is not registered)]), lastState=StateMachineState(checkpoint=Checkpoint(invocationContext=InvocationContext(origin=Peer(party=O=Alice Corp, L=Madrid, C=ES), trace=Trace(invocationId=080d3261-edc5-4963-a043-0d795290217c, timestamp: 2019-06-19T09:34:03.528Z, entityType: Invocation, sessionId=080d3261-edc5-4963-a043-0d795290217c, timestamp: 2019-06-19T09:34:03.528Z, entityType: Session), actor=null, externalTrace=null, impersonatedActor=null), ourIdentity=O=Bob Plc, L=Rome, C=IT, sessions={SessionId(toLong=638980050707302791)=Initiated(peerParty=O=Alice Corp, L=Madrid, C=ES, peerFlowInfo=FlowInfo(flowVersion=1, appName=<unknown>), receivedMessages=[], initiatedState=Live(peerSinkSessionId=SessionId(toLong=1953014859611848863)), errors=[], deduplicationSeed=D-1953014859611848863--6406797140790486523), SessionId(toLong=9124130210210132774)=Initiating(bufferedMessages=[], rejectionError=FlowError(errorId=8846550760029296164, exception=net.corda.core.flows.UnexpectedFlowEndException: net.corda.confidential.identities.RequestKeyFlowWrapper is not registered), deduplicationSeed=R-9124130210210132774--4566457154872016394)}, subFlowStack=[Inlined(flowClass=class net.corda.confidential.identities.SyncKeyMappingResponse, subFlowVersion=CoreFlow(platformVersion=5), isEnabledTimedFlow=false)], flowState=Started(flowIORequest=Receive(sessions=[FlowSessionImpl(counterparty=O=Charlie Ltd, L=Athens, C=GR, sourceSessionId=SessionId(toLong=9124130210210132774))]), frozenFiber=81A20D01EB134EF0D45682A40CBE02BBF2C3682BC3E4B4B88DF01F5DA1495E63), errorState=Errored(errors=[FlowError(errorId=8846550760029296164, exception=net.corda.core.flows.UnexpectedFlowEndException: net.corda.confidential.identities.RequestKeyFlowWrapper is not registered)], propagatedIndex=1, propagating=true), numberOfSuspends=4), flowLogic=net.corda.confidential.identities.SyncKeyMappingResponse@2c6c5e46, pendingDeduplicationHandlers=[], isFlowResumed=false, isTransactionTracked=false, isAnyCheckpointPersisted=true, isStartIdempotent=false, isRemoved=true, senderUUID=7aef62f0-2180-439d-bd97-b5c8b49a6c38))
  Continuation: Abort
  Diff between previous and next state:
checkpoint.errorState.propagatedIndex: 
    0
    1
pendingDeduplicationHandlers: 
    [net.corda.testing.node.internal.MockNodeMessagingService$InMemoryDeduplicationHandler@5e0adbbf]
    []
isRemoved: 
    false
    true
 {fiber-id=10000017, flow-id=4f15496f-7e76-4772-9ac5-a27d281c5452, invocation_id=080d3261-edc5-4963-a043-0d795290217c, invocation_timestamp=2019-06-19T09:34:03.528Z, origin=O=Alice Corp, L=Madrid, C=ES, session_id=080d3261-edc5-4963-a043-0d795290217c, session_timestamp=2019-06-19T09:34:03.528Z, thread-id=926}
?[m?[31m[WARN] 10:34:03,649 [Mock node 2 thread] interceptors.DumpHistoryOnErrorInterceptor.executeTransition - Flow [4f15496f-7e76-4772-9ac5-a27d281c5452] error [errorCode=1ggjwsp, moreInformationAt=https://errors.corda.net/OS/5.0-SNAPSHOT-WILLH/1ggjwsp] {fiber-id=10000017, flow-id=4f15496f-7e76-4772-9ac5-a27d281c5452, invocation_id=080d3261-edc5-4963-a043-0d795290217c, invocation_timestamp=2019-06-19T09:34:03.528Z, origin=O=Alice Corp, L=Madrid, C=ES, session_id=080d3261-edc5-4963-a043-0d795290217c, session_timestamp=2019-06-19T09:34:03.528Z, thread-id=926}
?[m net.corda.core.flows.UnexpectedFlowEndException: net.corda.confidential.identities.RequestKeyFlowWrapper is not registered
	at net.corda.node.services.statemachine.FlowStateMachineImpl.fillInLocalStackTrace(FlowStateMachineImpl.kt:175) ~[corda-node-5.0-SNAPSHOT-WILLH.jar:?]
	at net.corda.node.services.statemachine.FlowStateMachineImpl.processEventsUntilFlowIsResumed(FlowStateMachineImpl.kt:163) ~[corda-node-5.0-SNAPSHOT-WILLH.jar:?]
	at net.corda.node.services.statemachine.FlowStateMachineImpl.suspend(FlowStateMachineImpl.kt:447) ~[corda-node-5.0-SNAPSHOT-WILLH.jar:?]
	at net.corda.node.services.statemachine.FlowSessionImpl.sendAndReceive(FlowSessionImpl.kt:56) ~[corda-node-5.0-SNAPSHOT-WILLH.jar:?]
	at net.corda.node.services.statemachine.FlowSessionImpl.sendAndReceive(FlowSessionImpl.kt:63) ~[corda-node-5.0-SNAPSHOT-WILLH.jar:?]
	at net.corda.confidential.identities.RequestKeyFlow.call(RequestKeyFlow.kt:88) ~[main/:?]
	at net.corda.confidential.identities.RequestKeyFlow.call(RequestKeyFlow.kt:15) ~[main/:?]
	at net.corda.node.services.statemachine.FlowStateMachineImpl.subFlow(FlowStateMachineImpl.kt:330) ~[corda-node-5.0-SNAPSHOT-WILLH.jar:?]
	at net.corda.core.flows.FlowLogic.subFlow(FlowLogic.kt:327) ~[corda-core-5.0-SNAPSHOT-WILLH.jar:?]
	at net.corda.confidential.identities.RequestKeyFlowWrapper.call(RequestKeyFlow.kt:76) ~[main/:?]
	at net.corda.confidential.identities.RequestKeyFlowWrapper.call(RequestKeyFlow.kt:73) ~[main/:?]
	at net.corda.node.services.statemachine.FlowStateMachineImpl.subFlow(FlowStateMachineImpl.kt:330) ~[corda-node-5.0-SNAPSHOT-WILLH.jar:?]
	at net.corda.core.flows.FlowLogic.subFlow(FlowLogic.kt:327) ~[corda-core-5.0-SNAPSHOT-WILLH.jar:?]
	at net.corda.confidential.identities.SyncKeyMappingFlowHandler.call(SyncKeyMappingFlow.kt:91) ~[main/:?]
	at net.corda.confidential.identities.SyncKeyMappingFlowHandler.call(SyncKeyMappingFlow.kt:58) ~[main/:?]
	at net.corda.node.services.statemachine.FlowStateMachineImpl.subFlow(FlowStateMachineImpl.kt:330) ~[corda-node-5.0-SNAPSHOT-WILLH.jar:?]
	at net.corda.core.flows.FlowLogic.subFlow(FlowLogic.kt:327) ~[corda-core-5.0-SNAPSHOT-WILLH.jar:?]
	at net.corda.confidential.identities.SyncKeyMappingResponse.call(SyncKeyMappingFlowTests.kt:130) ~[test/:?]
	at net.corda.confidential.identities.SyncKeyMappingResponse.call(SyncKeyMappingFlowTests.kt:127) ~[test/:?]
	at net.corda.node.services.statemachine.FlowStateMachineImpl.run(FlowStateMachineImpl.kt:270) ~[corda-node-5.0-SNAPSHOT-WILLH.jar:?]
	at net.corda.node.services.statemachine.FlowStateMachineImpl.run(FlowStateMachineImpl.kt:46) ~[corda-node-5.0-SNAPSHOT-WILLH.jar:?]
	at co.paralleluniverse.fibers.Fiber.run1(Fiber.java:1092) ~[quasar-core-0.7.10-jdk8.jar:0.7.10]
	at co.paralleluniverse.fibers.Fiber.exec(Fiber.java:788) ~[quasar-core-0.7.10-jdk8.jar:0.7.10]
	at co.paralleluniverse.fibers.RunnableFiberTask.doExec(RunnableFiberTask.java:100) ~[quasar-core-0.7.10-jdk8.jar:0.7.10]
	at co.paralleluniverse.fibers.RunnableFiberTask.run(RunnableFiberTask.java:91) ~[quasar-core-0.7.10-jdk8.jar:0.7.10]
	at java.util.concurrent.Executors$RunnableAdapter.call(Executors.java:511) ~[?:1.8.0_201]
	at java.util.concurrent.FutureTask.run(FutureTask.java:266) ~[?:1.8.0_201]
	at java.util.concurrent.ScheduledThreadPoolExecutor$ScheduledFutureTask.access$201(ScheduledThreadPoolExecutor.java:180) ~[?:1.8.0_201]
	at java.util.concurrent.ScheduledThreadPoolExecutor$ScheduledFutureTask.run(ScheduledThreadPoolExecutor.java:293) ~[?:1.8.0_201]
	at java.util.concurrent.ThreadPoolExecutor.runWorker(ThreadPoolExecutor.java:1149) ~[?:1.8.0_201]
	at java.util.concurrent.ThreadPoolExecutor$Worker.run(ThreadPoolExecutor.java:624) ~[?:1.8.0_201]
	at net.corda.node.utilities.AffinityExecutor$ServiceAffinityExecutor$1$thread$1.run(AffinityExecutor.kt:63) ~[corda-node-5.0-SNAPSHOT-WILLH.jar:?]
?[37m[INFO] 10:34:03,650 [Test worker] pool.HikariPool.shutdown - HikariPool-9 - Closed.
?[m?[37m[INFO] 10:34:03,651 [Test worker] pool.HikariPool.shutdown - HikariPool-10 - Close initiated...
?[m?[37m[INFO] 10:34:03,652 [Test worker] pool.HikariPool.shutdown - HikariPool-10 - Closed.
?[m?[31m[WARN] 10:34:03,654 [Mock node 1 thread] interceptors.DumpHistoryOnErrorInterceptor.executeTransition - Flow [1b33f154-c5f1-431a-9dad-9805af157ad1] errored, dumping all transitions:

 --- Transition of flow [1b33f154-c5f1-431a-9dad-9805af157ad1] ---
  Timestamp: 2019-06-19T09:34:03.514Z
  Event: DoRemainingWork
  Actions: 
    CreateTransaction
    PersistCheckpoint(id=[1b33f154-c5f1-431a-9dad-9805af157ad1], checkpoint=Checkpoint(invocationContext=InvocationContext(origin=RPC(actor=Actor(id=Id(value=Only For Testing), serviceId=AuthServiceId(value=TEST), owningLegalIdentity=O=Alice Corp, L=Madrid, C=ES)), trace=Trace(invocationId=80c8904a-69ab-4881-ae2f-97108d6a5293, timestamp: 2019-06-19T09:34:03.478Z, entityType: Invocation, sessionId=80c8904a-69ab-4881-ae2f-97108d6a5293, timestamp: 2019-06-19T09:34:03.478Z, entityType: Session), actor=Actor(id=Id(value=Only For Testing), serviceId=AuthServiceId(value=TEST), owningLegalIdentity=O=Alice Corp, L=Madrid, C=ES), externalTrace=null, impersonatedActor=null), ourIdentity=O=Alice Corp, L=Madrid, C=ES, sessions={}, subFlowStack=[Initiating(flowClass=class net.corda.confidential.identities.SyncKeyMappingInitiator, classToInitiateWith=class net.corda.confidential.identities.SyncKeyMappingInitiator, flowInfo=FlowInfo(flowVersion=1, appName=<unknown>), subFlowVersion=CoreFlow(platformVersion=5), isEnabledTimedFlow=false)], flowState=Unstarted(flowStart=Explicit, frozenFlowLogic=A9483F821619723BD4509263FE441566D2B9B6905D03D770BECDE4FD49D22F00), errorState=Clean, numberOfSuspends=0), isCheckpointUpdate=false)
    PersistDeduplicationFacts(deduplicationHandlers=[net.corda.node.internal.FlowStarterImpl$startFlow$startFlowEvent$1@1e7e0a59])
    CommitTransaction
    AcknowledgeMessages(deduplicationHandlers=[net.corda.node.internal.FlowStarterImpl$startFlow$startFlowEvent$1@1e7e0a59])
    SignalFlowHasStarted(flowId=[1b33f154-c5f1-431a-9dad-9805af157ad1])
    CreateTransaction
  Continuation: Resume(result=null)
  Diff between previous and next state:
isAnyCheckpointPersisted: 
    false
    true
pendingDeduplicationHandlers: 
    [net.corda.node.internal.FlowStarterImpl$startFlow$startFlowEvent$1@1e7e0a59]
    []
isFlowResumed: 
    false
    true


 --- Transition of flow [1b33f154-c5f1-431a-9dad-9805af157ad1] ---
  Timestamp: 2019-06-19T09:34:03.514Z
  Event: InitiateFlow(wellKnownParty=O=Bob Plc, L=Rome, C=IT, requestedParty=null)
  Actions: 
    AddSessionBinding(flowId=[1b33f154-c5f1-431a-9dad-9805af157ad1], sessionId=SessionId(toLong=1953014859611848863))
  Continuation: Resume(result=class net.corda.node.services.statemachine.FlowSessionImpl)
  Diff between previous and next state:
checkpoint.sessions.SessionId(toLong=1953014859611848863): 
    null
    Uninitiated(party=O=Bob Plc, L=Rome, C=IT, initiatingSubFlow=Initiating(flowClass=class net.corda.confidential.identities.SyncKeyMappingInitiator, classToInitiateWith=class net.corda.confidential.identities.SyncKeyMappingInitiator, flowInfo=FlowInfo(flowVersion=1, appName=<unknown>), subFlowVersion=CoreFlow(platformVersion=5), isEnabledTimedFlow=false), sourceSessionId=SessionId(toLong=1953014859611848863), additionalEntropy=-6406797140790486523)


 --- Transition of flow [1b33f154-c5f1-431a-9dad-9805af157ad1] ---
  Timestamp: 2019-06-19T09:34:03.514Z
  Event: EnterSubFlow(subFlowClass=class net.corda.confidential.identities.SyncKeyMappingFlow, subFlowVersion=CoreFlow(platformVersion=5), isEnabledTimedFlow=false)
  Actions: 
    
  Continuation: ProcessEvents
  Diff between previous and next state:
checkpoint.subFlowStack: 
    [Initiating(flowClass=class net.corda.confidential.identities.SyncKeyMappingInitiator, classToInitiateWith=class net.corda.confidential.identities.SyncKeyMappingInitiator, flowInfo=FlowInfo(flowVersion=1, appName=<unknown>), subFlowVersion=CoreFlow(platformVersion=5), isEnabledTimedFlow=false)]
    [Initiating(flowClass=class net.corda.confidential.identities.SyncKeyMappingInitiator, classToInitiateWith=class net.corda.confidential.identities.SyncKeyMappingInitiator, flowInfo=FlowInfo(flowVersion=1, appName=<unknown>), subFlowVersion=CoreFlow(platformVersion=5), isEnabledTimedFlow=false), Inlined(flowClass=class net.corda.confidential.identities.SyncKeyMappingFlow, subFlowVersion=CoreFlow(platformVersion=5), isEnabledTimedFlow=false)]


 --- Transition of flow [1b33f154-c5f1-431a-9dad-9805af157ad1] ---
  Timestamp: 2019-06-19T09:34:03.519Z
  Event: Suspend(ioRequest=SendAndReceive({FlowSessionImpl(counterparty=O=Bob Plc, L=Rome, C=IT, sourceSessionId=SessionId(toLong=1953014859611848863))=FlowSessionImpl(counterparty=O=Bob Plc, L=Rome, C=IT, sourceSessionId=SessionId(toLong=1953014859611848863))=DA4E8759BE72809E90CDC898880639C04C78EB2B35BC3D20BC7C5B60B26330B9}, shouldRetrySend=false), maySkipCheckpoint=false, fiber=0A4C6D313C6623876348A99C7A5890E50DA41C5D2337B4B82565B03AF15E1622, )
  Actions: 
    PersistCheckpoint(id=[1b33f154-c5f1-431a-9dad-9805af157ad1], checkpoint=Checkpoint(invocationContext=InvocationContext(origin=RPC(actor=Actor(id=Id(value=Only For Testing), serviceId=AuthServiceId(value=TEST), owningLegalIdentity=O=Alice Corp, L=Madrid, C=ES)), trace=Trace(invocationId=80c8904a-69ab-4881-ae2f-97108d6a5293, timestamp: 2019-06-19T09:34:03.478Z, entityType: Invocation, sessionId=80c8904a-69ab-4881-ae2f-97108d6a5293, timestamp: 2019-06-19T09:34:03.478Z, entityType: Session), actor=Actor(id=Id(value=Only For Testing), serviceId=AuthServiceId(value=TEST), owningLegalIdentity=O=Alice Corp, L=Madrid, C=ES), externalTrace=null, impersonatedActor=null), ourIdentity=O=Alice Corp, L=Madrid, C=ES, sessions={SessionId(toLong=1953014859611848863)=Uninitiated(party=O=Bob Plc, L=Rome, C=IT, initiatingSubFlow=Initiating(flowClass=class net.corda.confidential.identities.SyncKeyMappingInitiator, classToInitiateWith=class net.corda.confidential.identities.SyncKeyMappingInitiator, flowInfo=FlowInfo(flowVersion=1, appName=<unknown>), subFlowVersion=CoreFlow(platformVersion=5), isEnabledTimedFlow=false), sourceSessionId=SessionId(toLong=1953014859611848863), additionalEntropy=-6406797140790486523)}, subFlowStack=[Initiating(flowClass=class net.corda.confidential.identities.SyncKeyMappingInitiator, classToInitiateWith=class net.corda.confidential.identities.SyncKeyMappingInitiator, flowInfo=FlowInfo(flowVersion=1, appName=<unknown>), subFlowVersion=CoreFlow(platformVersion=5), isEnabledTimedFlow=false), Inlined(flowClass=class net.corda.confidential.identities.SyncKeyMappingFlow, subFlowVersion=CoreFlow(platformVersion=5), isEnabledTimedFlow=false)], flowState=Started(flowIORequest=SendAndReceive({FlowSessionImpl(counterparty=O=Bob Plc, L=Rome, C=IT, sourceSessionId=SessionId(toLong=1953014859611848863))=FlowSessionImpl(counterparty=O=Bob Plc, L=Rome, C=IT, sourceSessionId=SessionId(toLong=1953014859611848863))=DA4E8759BE72809E90CDC898880639C04C78EB2B35BC3D20BC7C5B60B26330B9}, shouldRetrySend=false), frozenFiber=0A4C6D313C6623876348A99C7A5890E50DA41C5D2337B4B82565B03AF15E1622), errorState=Clean, numberOfSuspends=1), isCheckpointUpdate=true)
    PersistDeduplicationFacts(deduplicationHandlers=[])
    CommitTransaction
    AcknowledgeMessages(deduplicationHandlers=[])
    ScheduleEvent(event=DoRemainingWork)
  Continuation: ProcessEvents
  Diff between previous and next state:
checkpoint.flowState: 
    Unstarted(flowStart=Explicit, frozenFlowLogic=A9483F821619723BD4509263FE441566D2B9B6905D03D770BECDE4FD49D22F00)
    Started(flowIORequest=SendAndReceive({FlowSessionImpl(counterparty=O=Bob Plc, L=Rome, C=IT, sourceSessionId=SessionId(toLong=1953014859611848863))=FlowSessionImpl(counterparty=O=Bob Plc, L=Rome, C=IT, sourceSessionId=SessionId(toLong=1953014859611848863))=DA4E8759BE72809E90CDC898880639C04C78EB2B35BC3D20BC7C5B60B26330B9}, shouldRetrySend=false), frozenFiber=0A4C6D313C6623876348A99C7A5890E50DA41C5D2337B4B82565B03AF15E1622)
checkpoint.numberOfSuspends: 
    0
    1
isFlowResumed: 
    true
    false


 --- Transition of flow [1b33f154-c5f1-431a-9dad-9805af157ad1] ---
  Timestamp: 2019-06-19T09:34:03.525Z
  Event: DoRemainingWork
  Actions: 
    SendInitial(party=O=Bob Plc, L=Rome, C=IT, initialise=InitialSessionMessage(initiatorSessionId=SessionId(toLong=1953014859611848863), initiationEntropy=-6406797140790486523, initiatorFlowClassName=net.corda.confidential.identities.SyncKeyMappingInitiator, appName=<unknown>, firstPayload=class net.corda.core.serialization.SerializedBytes), deduplicationId=SenderDeduplicationId(deduplicationId=DeduplicationId(toString=N-R-1953014859611848863--6406797140790486523-1-0), senderUUID=0da360ce-10c1-4625-96b6-17789a6267fc))
  Continuation: ProcessEvents
  Diff between previous and next state:
checkpoint.flowState.flowIORequest: 
    SendAndReceive({FlowSessionImpl(counterparty=O=Bob Plc, L=Rome, C=IT, sourceSessionId=SessionId(toLong=1953014859611848863))=FlowSessionImpl(counterparty=O=Bob Plc, L=Rome, C=IT, sourceSessionId=SessionId(toLong=1953014859611848863))=DA4E8759BE72809E90CDC898880639C04C78EB2B35BC3D20BC7C5B60B26330B9}, shouldRetrySend=false)
    Receive(sessions=[FlowSessionImpl(counterparty=O=Bob Plc, L=Rome, C=IT, sourceSessionId=SessionId(toLong=1953014859611848863))])
checkpoint.sessions.SessionId(toLong=1953014859611848863): 
    Uninitiated(party=O=Bob Plc, L=Rome, C=IT, initiatingSubFlow=Initiating(flowClass=class net.corda.confidential.identities.SyncKeyMappingInitiator, classToInitiateWith=class net.corda.confidential.identities.SyncKeyMappingInitiator, flowInfo=FlowInfo(flowVersion=1, appName=<unknown>), subFlowVersion=CoreFlow(platformVersion=5), isEnabledTimedFlow=false), sourceSessionId=SessionId(toLong=1953014859611848863), additionalEntropy=-6406797140790486523)
    Initiating(bufferedMessages=[], rejectionError=null, deduplicationSeed=R-1953014859611848863--6406797140790486523)


 --- Transition of flow [1b33f154-c5f1-431a-9dad-9805af157ad1] ---
  Timestamp: 2019-06-19T09:34:03.535Z
  Event: DeliverSessionMessage(sessionMessage=ExistingSessionMessage(recipientSessionId=SessionId(toLong=1953014859611848863), payload=ConfirmSessionMessage(initiatedSessionId=SessionId(toLong=638980050707302791), initiatedFlowInfo=FlowInfo(flowVersion=1, appName=<unknown>))), deduplicationHandler=net.corda.testing.node.internal.MockNodeMessagingService$InMemoryDeduplicationHandler@621951c8, sender=O=Bob Plc, L=Rome, C=IT)
  Actions: 
    ScheduleEvent(event=DoRemainingWork)
  Continuation: ProcessEvents
  Diff between previous and next state:
checkpoint.sessions.SessionId(toLong=1953014859611848863): 
    Initiating(bufferedMessages=[], rejectionError=null, deduplicationSeed=R-1953014859611848863--6406797140790486523)
    Initiated(peerParty=O=Bob Plc, L=Rome, C=IT, peerFlowInfo=FlowInfo(flowVersion=1, appName=<unknown>), receivedMessages=[], initiatedState=Live(peerSinkSessionId=SessionId(toLong=638980050707302791)), errors=[], deduplicationSeed=R-1953014859611848863--6406797140790486523)
pendingDeduplicationHandlers: 
    []
    [net.corda.testing.node.internal.MockNodeMessagingService$InMemoryDeduplicationHandler@621951c8]


 --- Transition of flow [1b33f154-c5f1-431a-9dad-9805af157ad1] ---
  Timestamp: 2019-06-19T09:34:03.535Z
  Event: DoRemainingWork
  Actions: 
    
  Continuation: ProcessEvents
  Diff between previous and next state:
null

 --- Transition of flow [1b33f154-c5f1-431a-9dad-9805af157ad1] ---
  Timestamp: 2019-06-19T09:34:03.541Z
  Event: DeliverSessionMessage(sessionMessage=ExistingSessionMessage(recipientSessionId=SessionId(toLong=1953014859611848863), payload=DataSessionMessage(payload=class net.corda.core.serialization.SerializedBytes)), deduplicationHandler=net.corda.testing.node.internal.MockNodeMessagingService$InMemoryDeduplicationHandler@70a094e9, sender=O=Bob Plc, L=Rome, C=IT)
  Actions: 
    ScheduleEvent(event=DoRemainingWork)
  Continuation: ProcessEvents
  Diff between previous and next state:
checkpoint.sessions.SessionId(toLong=1953014859611848863).receivedMessages: 
    []
    [DataSessionMessage(payload=class net.corda.core.serialization.SerializedBytes)]
pendingDeduplicationHandlers: 
    [net.corda.testing.node.internal.MockNodeMessagingService$InMemoryDeduplicationHandler@621951c8]
    [net.corda.testing.node.internal.MockNodeMessagingService$InMemoryDeduplicationHandler@621951c8, net.corda.testing.node.internal.MockNodeMessagingService$InMemoryDeduplicationHandler@70a094e9]


 --- Transition of flow [1b33f154-c5f1-431a-9dad-9805af157ad1] ---
  Timestamp: 2019-06-19T09:34:03.541Z
  Event: DoRemainingWork
  Actions: 
    CreateTransaction
  Continuation: Resume(result=class java.util.LinkedHashMap)
  Diff between previous and next state:
checkpoint.sessions.SessionId(toLong=1953014859611848863).receivedMessages: 
    [DataSessionMessage(payload=class net.corda.core.serialization.SerializedBytes)]
    []
isFlowResumed: 
    false
    true


 --- Transition of flow [1b33f154-c5f1-431a-9dad-9805af157ad1] ---
  Timestamp: 2019-06-19T09:34:03.544Z
  Event: Suspend(ioRequest=Send(sessionToMessage={FlowSessionImpl(counterparty=O=Bob Plc, L=Rome, C=IT, sourceSessionId=SessionId(toLong=1953014859611848863))=75337E0C793C29E748508A41718550C74415517AC214C8859C1A446DA124A134}), maySkipCheckpoint=false, fiber=17C1D9DC41E46F27050E98CB2E3C9A0B9BEFD466F240BAF119B145A9C55F4F19, )
  Actions: 
    PersistCheckpoint(id=[1b33f154-c5f1-431a-9dad-9805af157ad1], checkpoint=Checkpoint(invocationContext=InvocationContext(origin=RPC(actor=Actor(id=Id(value=Only For Testing), serviceId=AuthServiceId(value=TEST), owningLegalIdentity=O=Alice Corp, L=Madrid, C=ES)), trace=Trace(invocationId=80c8904a-69ab-4881-ae2f-97108d6a5293, timestamp: 2019-06-19T09:34:03.478Z, entityType: Invocation, sessionId=80c8904a-69ab-4881-ae2f-97108d6a5293, timestamp: 2019-06-19T09:34:03.478Z, entityType: Session), actor=Actor(id=Id(value=Only For Testing), serviceId=AuthServiceId(value=TEST), owningLegalIdentity=O=Alice Corp, L=Madrid, C=ES), externalTrace=null, impersonatedActor=null), ourIdentity=O=Alice Corp, L=Madrid, C=ES, sessions={SessionId(toLong=1953014859611848863)=Initiated(peerParty=O=Bob Plc, L=Rome, C=IT, peerFlowInfo=FlowInfo(flowVersion=1, appName=<unknown>), receivedMessages=[], initiatedState=Live(peerSinkSessionId=SessionId(toLong=638980050707302791)), errors=[], deduplicationSeed=R-1953014859611848863--6406797140790486523)}, subFlowStack=[Initiating(flowClass=class net.corda.confidential.identities.SyncKeyMappingInitiator, classToInitiateWith=class net.corda.confidential.identities.SyncKeyMappingInitiator, flowInfo=FlowInfo(flowVersion=1, appName=<unknown>), subFlowVersion=CoreFlow(platformVersion=5), isEnabledTimedFlow=false), Inlined(flowClass=class net.corda.confidential.identities.SyncKeyMappingFlow, subFlowVersion=CoreFlow(platformVersion=5), isEnabledTimedFlow=false)], flowState=Started(flowIORequest=Send(sessionToMessage={FlowSessionImpl(counterparty=O=Bob Plc, L=Rome, C=IT, sourceSessionId=SessionId(toLong=1953014859611848863))=75337E0C793C29E748508A41718550C74415517AC214C8859C1A446DA124A134}), frozenFiber=17C1D9DC41E46F27050E98CB2E3C9A0B9BEFD466F240BAF119B145A9C55F4F19), errorState=Clean, numberOfSuspends=2), isCheckpointUpdate=true)
    PersistDeduplicationFacts(deduplicationHandlers=[net.corda.testing.node.internal.MockNodeMessagingService$InMemoryDeduplicationHandler@621951c8, net.corda.testing.node.internal.MockNodeMessagingService$InMemoryDeduplicationHandler@70a094e9])
    CommitTransaction
    AcknowledgeMessages(deduplicationHandlers=[net.corda.testing.node.internal.MockNodeMessagingService$InMemoryDeduplicationHandler@621951c8, net.corda.testing.node.internal.MockNodeMessagingService$InMemoryDeduplicationHandler@70a094e9])
    ScheduleEvent(event=DoRemainingWork)
  Continuation: ProcessEvents
  Diff between previous and next state:
checkpoint.flowState.flowIORequest: 
    Receive(sessions=[FlowSessionImpl(counterparty=O=Bob Plc, L=Rome, C=IT, sourceSessionId=SessionId(toLong=1953014859611848863))])
    Send(sessionToMessage={FlowSessionImpl(counterparty=O=Bob Plc, L=Rome, C=IT, sourceSessionId=SessionId(toLong=1953014859611848863))=75337E0C793C29E748508A41718550C74415517AC214C8859C1A446DA124A134})
checkpoint.flowState.frozenFiber.hash: 
    0A4C6D313C6623876348A99C7A5890E50DA41C5D2337B4B82565B03AF15E1622
    17C1D9DC41E46F27050E98CB2E3C9A0B9BEFD466F240BAF119B145A9C55F4F19
checkpoint.numberOfSuspends: 
    1
    2
pendingDeduplicationHandlers: 
    [net.corda.testing.node.internal.MockNodeMessagingService$InMemoryDeduplicationHandler@621951c8, net.corda.testing.node.internal.MockNodeMessagingService$InMemoryDeduplicationHandler@70a094e9]
    []
isFlowResumed: 
    true
    false


 --- Transition of flow [1b33f154-c5f1-431a-9dad-9805af157ad1] ---
  Timestamp: 2019-06-19T09:34:03.544Z
  Event: DoRemainingWork
  Actions: 
    SendExisting(peerParty=O=Bob Plc, L=Rome, C=IT, message=ExistingSessionMessage(recipientSessionId=SessionId(toLong=638980050707302791), payload=DataSessionMessage(payload=class net.corda.core.serialization.SerializedBytes)), deduplicationId=SenderDeduplicationId(deduplicationId=DeduplicationId(toString=N-R-1953014859611848863--6406797140790486523-2-0), senderUUID=0da360ce-10c1-4625-96b6-17789a6267fc))
    CreateTransaction
  Continuation: Resume(result=class kotlin.Unit)
  Diff between previous and next state:
isFlowResumed: 
    false
    true


 --- Transition of flow [1b33f154-c5f1-431a-9dad-9805af157ad1] ---
  Timestamp: 2019-06-19T09:34:03.544Z
  Event: LeaveSubFlow
  Actions: 
    
  Continuation: ProcessEvents
  Diff between previous and next state:
checkpoint.subFlowStack: 
    [Initiating(flowClass=class net.corda.confidential.identities.SyncKeyMappingInitiator, classToInitiateWith=class net.corda.confidential.identities.SyncKeyMappingInitiator, flowInfo=FlowInfo(flowVersion=1, appName=<unknown>), subFlowVersion=CoreFlow(platformVersion=5), isEnabledTimedFlow=false), Inlined(flowClass=class net.corda.confidential.identities.SyncKeyMappingFlow, subFlowVersion=CoreFlow(platformVersion=5), isEnabledTimedFlow=false)]
    [Initiating(flowClass=class net.corda.confidential.identities.SyncKeyMappingInitiator, classToInitiateWith=class net.corda.confidential.identities.SyncKeyMappingInitiator, flowInfo=FlowInfo(flowVersion=1, appName=<unknown>), subFlowVersion=CoreFlow(platformVersion=5), isEnabledTimedFlow=false)]


 --- Transition of flow [1b33f154-c5f1-431a-9dad-9805af157ad1] ---
  Timestamp: 2019-06-19T09:34:03.547Z
  Event: Suspend(ioRequest=Receive(sessions=[FlowSessionImpl(counterparty=O=Bob Plc, L=Rome, C=IT, sourceSessionId=SessionId(toLong=1953014859611848863))]), maySkipCheckpoint=false, fiber=9850E45B698538145DDFF05CFBA26019AC9D89719E82A133A6EF3153CC6DCB83, )
  Actions: 
    PersistCheckpoint(id=[1b33f154-c5f1-431a-9dad-9805af157ad1], checkpoint=Checkpoint(invocationContext=InvocationContext(origin=RPC(actor=Actor(id=Id(value=Only For Testing), serviceId=AuthServiceId(value=TEST), owningLegalIdentity=O=Alice Corp, L=Madrid, C=ES)), trace=Trace(invocationId=80c8904a-69ab-4881-ae2f-97108d6a5293, timestamp: 2019-06-19T09:34:03.478Z, entityType: Invocation, sessionId=80c8904a-69ab-4881-ae2f-97108d6a5293, timestamp: 2019-06-19T09:34:03.478Z, entityType: Session), actor=Actor(id=Id(value=Only For Testing), serviceId=AuthServiceId(value=TEST), owningLegalIdentity=O=Alice Corp, L=Madrid, C=ES), externalTrace=null, impersonatedActor=null), ourIdentity=O=Alice Corp, L=Madrid, C=ES, sessions={SessionId(toLong=1953014859611848863)=Initiated(peerParty=O=Bob Plc, L=Rome, C=IT, peerFlowInfo=FlowInfo(flowVersion=1, appName=<unknown>), receivedMessages=[], initiatedState=Live(peerSinkSessionId=SessionId(toLong=638980050707302791)), errors=[], deduplicationSeed=R-1953014859611848863--6406797140790486523)}, subFlowStack=[Initiating(flowClass=class net.corda.confidential.identities.SyncKeyMappingInitiator, classToInitiateWith=class net.corda.confidential.identities.SyncKeyMappingInitiator, flowInfo=FlowInfo(flowVersion=1, appName=<unknown>), subFlowVersion=CoreFlow(platformVersion=5), isEnabledTimedFlow=false)], flowState=Started(flowIORequest=Receive(sessions=[FlowSessionImpl(counterparty=O=Bob Plc, L=Rome, C=IT, sourceSessionId=SessionId(toLong=1953014859611848863))]), frozenFiber=9850E45B698538145DDFF05CFBA26019AC9D89719E82A133A6EF3153CC6DCB83), errorState=Clean, numberOfSuspends=3), isCheckpointUpdate=true)
    PersistDeduplicationFacts(deduplicationHandlers=[])
    CommitTransaction
    AcknowledgeMessages(deduplicationHandlers=[])
    ScheduleEvent(event=DoRemainingWork)
  Continuation: ProcessEvents
  Diff between previous and next state:
checkpoint.flowState.flowIORequest: 
    Send(sessionToMessage={FlowSessionImpl(counterparty=O=Bob Plc, L=Rome, C=IT, sourceSessionId=SessionId(toLong=1953014859611848863))=75337E0C793C29E748508A41718550C74415517AC214C8859C1A446DA124A134})
    Receive(sessions=[FlowSessionImpl(counterparty=O=Bob Plc, L=Rome, C=IT, sourceSessionId=SessionId(toLong=1953014859611848863))])
checkpoint.flowState.frozenFiber.hash: 
    17C1D9DC41E46F27050E98CB2E3C9A0B9BEFD466F240BAF119B145A9C55F4F19
    9850E45B698538145DDFF05CFBA26019AC9D89719E82A133A6EF3153CC6DCB83
checkpoint.numberOfSuspends: 
    2
    3
isFlowResumed: 
    true
    false


 --- Transition of flow [1b33f154-c5f1-431a-9dad-9805af157ad1] ---
  Timestamp: 2019-06-19T09:34:03.547Z
  Event: DoRemainingWork
  Actions: 
    
  Continuation: ProcessEvents
  Diff between previous and next state:
null

 --- Transition of flow [1b33f154-c5f1-431a-9dad-9805af157ad1] ---
  Timestamp: 2019-06-19T09:34:03.639Z
  Event: DeliverSessionMessage(sessionMessage=ExistingSessionMessage(recipientSessionId=SessionId(toLong=1953014859611848863), payload=ErrorSessionMessage(flowException=null, errorId=8846550760029296164)), deduplicationHandler=net.corda.testing.node.internal.MockNodeMessagingService$InMemoryDeduplicationHandler@6c433fd, sender=O=Bob Plc, L=Rome, C=IT)
  Actions: 
    ScheduleEvent(event=DoRemainingWork)
  Continuation: ProcessEvents
  Diff between previous and next state:
checkpoint.sessions.SessionId(toLong=1953014859611848863).errors: 
    []
    [FlowError(errorId=8846550760029296164, exception=net.corda.core.flows.UnexpectedFlowEndException: Counter-flow errored)]
pendingDeduplicationHandlers: 
    []
    [net.corda.testing.node.internal.MockNodeMessagingService$InMemoryDeduplicationHandler@6c433fd]


 --- Transition of flow [1b33f154-c5f1-431a-9dad-9805af157ad1] ---
  Timestamp: 2019-06-19T09:34:03.639Z
  Event: DoRemainingWork
  Actions: 
    CreateTransaction
  Continuation: Throw(throwable=net.corda.core.flows.UnexpectedFlowEndException: Counter-flow errored)
  Diff between previous and next state:
isFlowResumed: 
    false
    true


 --- Transition of flow [1b33f154-c5f1-431a-9dad-9805af157ad1] ---
  Timestamp: 2019-06-19T09:34:03.641Z
  Event: Error(exception=net.corda.core.flows.UnexpectedFlowEndException: Counter-flow errored)
  Actions: 
    RollbackTransaction
    ScheduleEvent(event=DoRemainingWork)
  Continuation: ProcessEvents
  Diff between previous and next state:
checkpoint.errorState: 
    Clean
    Errored(errors=[FlowError(errorId=8846550760029296164, exception=net.corda.core.flows.UnexpectedFlowEndException: Counter-flow errored)], propagatedIndex=0, propagating=false)
isFlowResumed: 
    true
    false


 --- Transition of flow [1b33f154-c5f1-431a-9dad-9805af157ad1] ---
  Timestamp: 2019-06-19T09:34:03.641Z
  Event: DoRemainingWork
  Actions: 
    
  Continuation: ProcessEvents
  Diff between previous and next state:
null

 --- Transition of flow [1b33f154-c5f1-431a-9dad-9805af157ad1] ---
  Timestamp: 2019-06-19T09:34:03.641Z
  Event: StartErrorPropagation
  Actions: 
    ScheduleEvent(event=DoRemainingWork)
  Continuation: ProcessEvents
  Diff between previous and next state:
checkpoint.errorState.propagating: 
    false
    true


 --- Transition of flow [1b33f154-c5f1-431a-9dad-9805af157ad1] ---
  Timestamp: 2019-06-19T09:34:03.648Z
  Event: DoRemainingWork
  Actions: 
    PropagateErrors(errorMessages=[ErrorSessionMessage(flowException=null, errorId=8846550760029296164)], sessions=[], senderUUID=0da360ce-10c1-4625-96b6-17789a6267fc)
    CreateTransaction
    RemoveCheckpoint(id=[1b33f154-c5f1-431a-9dad-9805af157ad1])
    PersistDeduplicationFacts(deduplicationHandlers=[net.corda.testing.node.internal.MockNodeMessagingService$InMemoryDeduplicationHandler@6c433fd])
    ReleaseSoftLocks(uuid=1b33f154-c5f1-431a-9dad-9805af157ad1)
    CommitTransaction
    AcknowledgeMessages(deduplicationHandlers=[net.corda.testing.node.internal.MockNodeMessagingService$InMemoryDeduplicationHandler@6c433fd])
    RemoveSessionBindings(sessionIds=[SessionId(toLong=1953014859611848863)])
    RemoveFlow(flowId=[1b33f154-c5f1-431a-9dad-9805af157ad1], removalReason=ErrorFinish(flowErrors=[FlowError(errorId=8846550760029296164, exception=net.corda.core.flows.UnexpectedFlowEndException: Counter-flow errored)]), lastState=StateMachineState(checkpoint=Checkpoint(invocationContext=InvocationContext(origin=RPC(actor=Actor(id=Id(value=Only For Testing), serviceId=AuthServiceId(value=TEST), owningLegalIdentity=O=Alice Corp, L=Madrid, C=ES)), trace=Trace(invocationId=80c8904a-69ab-4881-ae2f-97108d6a5293, timestamp: 2019-06-19T09:34:03.478Z, entityType: Invocation, sessionId=80c8904a-69ab-4881-ae2f-97108d6a5293, timestamp: 2019-06-19T09:34:03.478Z, entityType: Session), actor=Actor(id=Id(value=Only For Testing), serviceId=AuthServiceId(value=TEST), owningLegalIdentity=O=Alice Corp, L=Madrid, C=ES), externalTrace=null, impersonatedActor=null), ourIdentity=O=Alice Corp, L=Madrid, C=ES, sessions={SessionId(toLong=1953014859611848863)=Initiated(peerParty=O=Bob Plc, L=Rome, C=IT, peerFlowInfo=FlowInfo(flowVersion=1, appName=<unknown>), receivedMessages=[], initiatedState=Live(peerSinkSessionId=SessionId(toLong=638980050707302791)), errors=[FlowError(errorId=8846550760029296164, exception=net.corda.core.flows.UnexpectedFlowEndException: Counter-flow errored)], deduplicationSeed=R-1953014859611848863--6406797140790486523)}, subFlowStack=[Initiating(flowClass=class net.corda.confidential.identities.SyncKeyMappingInitiator, classToInitiateWith=class net.corda.confidential.identities.SyncKeyMappingInitiator, flowInfo=FlowInfo(flowVersion=1, appName=<unknown>), subFlowVersion=CoreFlow(platformVersion=5), isEnabledTimedFlow=false)], flowState=Started(flowIORequest=Receive(sessions=[FlowSessionImpl(counterparty=O=Bob Plc, L=Rome, C=IT, sourceSessionId=SessionId(toLong=1953014859611848863))]), frozenFiber=9850E45B698538145DDFF05CFBA26019AC9D89719E82A133A6EF3153CC6DCB83), errorState=Errored(errors=[FlowError(errorId=8846550760029296164, exception=net.corda.core.flows.UnexpectedFlowEndException: Counter-flow errored)], propagatedIndex=1, propagating=true), numberOfSuspends=3), flowLogic=net.corda.confidential.identities.SyncKeyMappingInitiator@d62cd26, pendingDeduplicationHandlers=[], isFlowResumed=false, isTransactionTracked=false, isAnyCheckpointPersisted=true, isStartIdempotent=false, isRemoved=true, senderUUID=0da360ce-10c1-4625-96b6-17789a6267fc))
  Continuation: Abort
  Diff between previous and next state:
checkpoint.errorState.propagatedIndex: 
    0
    1
pendingDeduplicationHandlers: 
    [net.corda.testing.node.internal.MockNodeMessagingService$InMemoryDeduplicationHandler@6c433fd]
    []
isRemoved: 
    false
    true
 {actor_id=Only For Testing, actor_owning_identity=O=Alice Corp, L=Madrid, C=ES, actor_store_id=TEST, fiber-id=10000016, flow-id=1b33f154-c5f1-431a-9dad-9805af157ad1, invocation_id=80c8904a-69ab-4881-ae2f-97108d6a5293, invocation_timestamp=2019-06-19T09:34:03.478Z, origin=Only For Testing, session_id=80c8904a-69ab-4881-ae2f-97108d6a5293, session_timestamp=2019-06-19T09:34:03.478Z, thread-id=925}
?[m?[31m[WARN] 10:34:03,654 [Mock node 1 thread] interceptors.DumpHistoryOnErrorInterceptor.executeTransition - Flow [1b33f154-c5f1-431a-9dad-9805af157ad1] error [errorCode=112u0jo, moreInformationAt=https://errors.corda.net/OS/5.0-SNAPSHOT-WILLH/112u0jo] {actor_id=Only For Testing, actor_owning_identity=O=Alice Corp, L=Madrid, C=ES, actor_store_id=TEST, fiber-id=10000016, flow-id=1b33f154-c5f1-431a-9dad-9805af157ad1, invocation_id=80c8904a-69ab-4881-ae2f-97108d6a5293, invocation_timestamp=2019-06-19T09:34:03.478Z, origin=Only For Testing, session_id=80c8904a-69ab-4881-ae2f-97108d6a5293, session_timestamp=2019-06-19T09:34:03.478Z, thread-id=925}
?[m net.corda.core.flows.UnexpectedFlowEndException: Counter-flow errored
	at Received unexpected counter-flow exception from peer O=Bob Plc, L=Rome, C=IT.() ~[?:?]
	at net.corda.node.services.statemachine.FlowStateMachineImpl.fillInLocalStackTrace(FlowStateMachineImpl.kt:175) ~[corda-node-5.0-SNAPSHOT-WILLH.jar:?]
	at net.corda.node.services.statemachine.FlowStateMachineImpl.processEventsUntilFlowIsResumed(FlowStateMachineImpl.kt:163) ~[corda-node-5.0-SNAPSHOT-WILLH.jar:?]
	at net.corda.node.services.statemachine.FlowStateMachineImpl.suspend(FlowStateMachineImpl.kt:447) ~[corda-node-5.0-SNAPSHOT-WILLH.jar:?]
	at net.corda.node.services.statemachine.FlowSessionImpl.receive(FlowSessionImpl.kt:69) ~[corda-node-5.0-SNAPSHOT-WILLH.jar:?]
	at net.corda.node.services.statemachine.FlowSessionImpl.receive(FlowSessionImpl.kt:73) ~[corda-node-5.0-SNAPSHOT-WILLH.jar:?]
	at net.corda.confidential.identities.SyncKeyMappingInitiator.call(SyncKeyMappingFlowTests.kt:149) ~[test/:?]
	at net.corda.confidential.identities.SyncKeyMappingInitiator.call(SyncKeyMappingFlowTests.kt:117) ~[test/:?]
	at net.corda.node.services.statemachine.FlowStateMachineImpl.run(FlowStateMachineImpl.kt:270) ~[corda-node-5.0-SNAPSHOT-WILLH.jar:?]
	at net.corda.node.services.statemachine.FlowStateMachineImpl.run(FlowStateMachineImpl.kt:46) ~[corda-node-5.0-SNAPSHOT-WILLH.jar:?]
	at co.paralleluniverse.fibers.Fiber.run1(Fiber.java:1092) ~[quasar-core-0.7.10-jdk8.jar:0.7.10]
	at co.paralleluniverse.fibers.Fiber.exec(Fiber.java:788) ~[quasar-core-0.7.10-jdk8.jar:0.7.10]
	at co.paralleluniverse.fibers.RunnableFiberTask.doExec(RunnableFiberTask.java:100) ~[quasar-core-0.7.10-jdk8.jar:0.7.10]
	at co.paralleluniverse.fibers.RunnableFiberTask.run(RunnableFiberTask.java:91) ~[quasar-core-0.7.10-jdk8.jar:0.7.10]
	at java.util.concurrent.Executors$RunnableAdapter.call(Executors.java:511) ~[?:1.8.0_201]
	at java.util.concurrent.FutureTask.run(FutureTask.java:266) ~[?:1.8.0_201]
	at java.util.concurrent.ScheduledThreadPoolExecutor$ScheduledFutureTask.access$201(ScheduledThreadPoolExecutor.java:180) ~[?:1.8.0_201]
	at java.util.concurrent.ScheduledThreadPoolExecutor$ScheduledFutureTask.run(ScheduledThreadPoolExecutor.java:293) ~[?:1.8.0_201]
	at java.util.concurrent.ThreadPoolExecutor.runWorker(ThreadPoolExecutor.java:1149) ~[?:1.8.0_201]
	at java.util.concurrent.ThreadPoolExecutor$Worker.run(ThreadPoolExecutor.java:624) ~[?:1.8.0_201]
	at net.corda.node.utilities.AffinityExecutor$ServiceAffinityExecutor$1$thread$1.run(AffinityExecutor.kt:63) ~[corda-node-5.0-SNAPSHOT-WILLH.jar:?]
?[37m[INFO] 10:34:03,655 [Test worker] pool.HikariPool.shutdown - HikariPool-11 - Close initiated...
?[m?[37m[INFO] 10:34:03,656 [Test worker] pool.HikariPool.shutdown - HikariPool-11 - Closed.
?[m?[37m[INFO] 10:34:03,657 [Test worker] pool.HikariPool.shutdown - HikariPool-12 - Close initiated...
?[m?[37m[INFO] 10:34:03,658 [Test worker] pool.HikariPool.shutdown - HikariPool-12 - Closed.
?[m?[37m[INFO] 10:34:03,718 [Test worker] cordapp.JarScanningCordappLoader.fromDirectories - Looking for CorDapps in [build/mock-network/20190619-093403.663/nodes/0/cordapps]
?[m?[37m[INFO] 10:34:03,718 [Test worker] cordapp.JarScanningCordappLoader.<init> - Loading CorDapps from RestrictedURL(url=file:/Users/williamhester/Desktop/Applications/confidential-identities/workflows/build/mock-network/20190619-093403.663/nodes/0/cordapps/corda-finance-contracts-5.0-SNAPSHOT-WILLH.jar, rootPackageName=null), RestrictedURL(url=file:/Users/williamhester/Desktop/Applications/confidential-identities/workflows/build/mock-network/20190619-093403.663/nodes/0/cordapps/corda-finance-workflows-5.0-SNAPSHOT-WILLH.jar, rootPackageName=null)
?[m?[37m[INFO] 10:34:03,719 [Test worker] cordapp.JarScanningCordappLoader.scanCordapp - Scanning CorDapp in file:/Users/williamhester/Desktop/Applications/confidential-identities/workflows/build/mock-network/20190619-093403.663/nodes/0/cordapps/corda-finance-contracts-5.0-SNAPSHOT-WILLH.jar
?[m?[37m[INFO] 10:34:03,748 [Test worker] cordapp.JarScanningCordappLoader.scanCordapp - Scanning CorDapp in file:/Users/williamhester/Desktop/Applications/confidential-identities/workflows/build/mock-network/20190619-093403.663/nodes/0/cordapps/corda-finance-workflows-5.0-SNAPSHOT-WILLH.jar
?[m?[37m[INFO] 10:34:03,780 [Test worker] internal.InternalMockNetwork$MockNode.start - Node starting up ...
?[m?[37m[INFO] 10:34:03,785 [Test worker] internal.NodeFlowManager.registerInitiatedFlow - Registered net.corda.finance.flows.CashExitFlow to initiate net.corda.finance.flows.CashExitResponderFlow (version 1)
?[m?[37m[INFO] 10:34:03,785 [Test worker] internal.NodeFlowManager.registerInitiatedFlow - Registered net.corda.finance.flows.CashPaymentFlow to initiate net.corda.finance.flows.CashPaymentReceiverFlow (version 1)
?[m?[37m[INFO] 10:34:03,791 [Test worker] internal.InternalMockNetwork$MockNode.start - Loaded network parameters: NetworkParameters {
      minimumPlatformVersion=1
      notaries=[NotaryInfo(identity=O=Notary Service, L=Zurich, C=CH, validating=true)]
      maxMessageSize=10485760
      maxTransactionSize=524288000
      whitelistedContractImplementations {
        
      }
      eventHorizon=PT720H
      packageOwnership {
        
      }
      modifiedTime=2019-06-19T09:34:03.663Z
      epoch=1
  }
?[m?[37m[INFO] 10:34:03,791 [Test worker] hikari.HikariDataSource.<init> - HikariPool-13 - Started.
?[m?[37m[INFO] 10:34:03,995 [Test worker] liquibase.info - Creating database history table with name: PUBLIC.DATABASECHANGELOG
?[m?[37m[INFO] 10:34:03,997 [Test worker] liquibase.info - Reading from PUBLIC.DATABASECHANGELOG
?[m?[37m[INFO] 10:34:04,003 [Test worker] liquibase.info - master.changelog.json: migration/vault-schema.changelog-pkey.xml::non-clustered_pk-11::R3.Corda: Skipping changeSet migration/vault-schema.changelog-pkey.xml::non-clustered_pk-11::R3.Corda due to validation error(s): clustered is not allowed on h2
?[m?[37m[INFO] 10:34:04,003 [Test worker] liquibase.info - master.changelog.json: migration/vault-schema.changelog-pkey.xml::non-clustered_pk-12::R3.Corda: Skipping changeSet migration/vault-schema.changelog-pkey.xml::non-clustered_pk-12::R3.Corda due to validation error(s): clustered is not allowed on h2
?[m?[37m[INFO] 10:34:04,004 [Test worker] liquibase.info - master.changelog.json: migration/vault-schema.changelog-pkey.xml::non-clustered_pk-13::R3.Corda: Skipping changeSet migration/vault-schema.changelog-pkey.xml::non-clustered_pk-13::R3.Corda due to validation error(s): clustered is not allowed on h2
?[m?[37m[INFO] 10:34:04,011 [Test worker] liquibase.info - master.changelog.json: migration/node-core.changelog-pkey.xml::non-clustered_pk-1::R3.Corda: Skipping changeSet migration/node-core.changelog-pkey.xml::non-clustered_pk-1::R3.Corda due to validation error(s): clustered is not allowed on h2
?[m?[37m[INFO] 10:34:04,012 [Test worker] liquibase.info - master.changelog.json: migration/node-core.changelog-pkey.xml::non-clustered_pk-2::R3.Corda: Skipping changeSet migration/node-core.changelog-pkey.xml::non-clustered_pk-2::R3.Corda due to validation error(s): clustered is not allowed on h2
?[m?[37m[INFO] 10:34:04,012 [Test worker] liquibase.info - master.changelog.json: migration/node-core.changelog-pkey.xml::non-clustered_pk-3::R3.Corda: Skipping changeSet migration/node-core.changelog-pkey.xml::non-clustered_pk-3::R3.Corda due to validation error(s): clustered is not allowed on h2
?[m?[37m[INFO] 10:34:04,012 [Test worker] liquibase.info - master.changelog.json: migration/node-core.changelog-pkey.xml::non-clustered_pk-4::R3.Corda: Skipping changeSet migration/node-core.changelog-pkey.xml::non-clustered_pk-4::R3.Corda due to validation error(s): clustered is not allowed on h2
?[m?[37m[INFO] 10:34:04,012 [Test worker] liquibase.info - master.changelog.json: migration/node-core.changelog-pkey.xml::non-clustered_pk-5::R3.Corda: Skipping changeSet migration/node-core.changelog-pkey.xml::non-clustered_pk-5::R3.Corda due to validation error(s): clustered is not allowed on h2
?[m?[37m[INFO] 10:34:04,012 [Test worker] liquibase.info - master.changelog.json: migration/node-core.changelog-pkey.xml::non-clustered_pk-6::R3.Corda: Skipping changeSet migration/node-core.changelog-pkey.xml::non-clustered_pk-6::R3.Corda due to validation error(s): clustered is not allowed on h2
?[m?[37m[INFO] 10:34:04,013 [Test worker] liquibase.info - master.changelog.json: migration/node-core.changelog-pkey.xml::non-clustered_pk-7::R3.Corda: Skipping changeSet migration/node-core.changelog-pkey.xml::non-clustered_pk-7::R3.Corda due to validation error(s): clustered is not allowed on h2
?[m?[37m[INFO] 10:34:04,015 [Test worker] liquibase.info - master.changelog.json: migration/cash.changelog-init.xml::non-clustered_pk-cash::R3.Corda: Skipping changeSet migration/cash.changelog-init.xml::non-clustered_pk-cash::R3.Corda due to validation error(s): clustered is not allowed on h2
?[m?[37m[INFO] 10:34:04,017 [Test worker] liquibase.info - master.changelog.json: migration/commercial-paper.changelog-init.xml::non-clustered_pk-commercial-paper::R3.Corda: Skipping changeSet migration/commercial-paper.changelog-init.xml::non-clustered_pk-commercial-paper::R3.Corda due to validation error(s): clustered is not allowed on h2
?[m?[37m[INFO] 10:34:04,019 [Test worker] liquibase.info - master.changelog.json: migration/node-notary.changelog-pkey.xml::non-clustered_pk-notary_state::R3.Corda: Skipping changeSet migration/node-notary.changelog-pkey.xml::non-clustered_pk-notary_state::R3.Corda due to validation error(s): clustered is not allowed on h2
?[m?[37m[INFO] 10:34:04,021 [Test worker] liquibase.info - Successfully acquired change log lock
?[m?[37m[INFO] 10:34:04,022 [Test worker] liquibase.info - master.changelog.json: migration/vault-schema.changelog-pkey.xml::non-clustered_pk-11::R3.Corda: Skipping changeSet migration/vault-schema.changelog-pkey.xml::non-clustered_pk-11::R3.Corda due to validation error(s): clustered is not allowed on h2
?[m?[37m[INFO] 10:34:04,022 [Test worker] liquibase.info - master.changelog.json: migration/vault-schema.changelog-pkey.xml::non-clustered_pk-12::R3.Corda: Skipping changeSet migration/vault-schema.changelog-pkey.xml::non-clustered_pk-12::R3.Corda due to validation error(s): clustered is not allowed on h2
?[m?[37m[INFO] 10:34:04,023 [Test worker] liquibase.info - master.changelog.json: migration/vault-schema.changelog-pkey.xml::non-clustered_pk-13::R3.Corda: Skipping changeSet migration/vault-schema.changelog-pkey.xml::non-clustered_pk-13::R3.Corda due to validation error(s): clustered is not allowed on h2
[...]
?[m?[37m[INFO] 10:34:09,551 [Test worker] network.PersistentNetworkMapCache.addNode - No previous node found
?[m?[37m[INFO] 10:34:09,555 [Test worker] network.PersistentNetworkMapCache.addNode - Adding node with info: NodeInfo(addresses=[mock.node:1000], legalIdentitiesAndCerts=[O=Charlie Ltd, L=Athens, C=GR], platformVersion=5, serial=1560936849473)
?[m?[37m[INFO] 10:34:09,556 [Test worker] network.PersistentNetworkMapCache.addNode - No previous node found
?[m?[37m[INFO] 10:34:09,560 [Test worker] network.PersistentNetworkMapCache.addNode - Adding node with info: NodeInfo(addresses=[mock.node:1000], legalIdentitiesAndCerts=[O=Bob Plc, L=Rome, C=IT], platformVersion=5, serial=1560936848722)
?[m?[37m[INFO] 10:34:09,561 [Test worker] network.PersistentNetworkMapCache.addNode - No previous node found
?[m?[37m[INFO] 10:34:09,566 [Test worker] network.PersistentNetworkMapCache.addNode - Adding node with info: NodeInfo(addresses=[mock.node:1000], legalIdentitiesAndCerts=[O=Charlie Ltd, L=Athens, C=GR], platformVersion=5, serial=1560936849473)
?[m?[37m[INFO] 10:34:09,567 [Test worker] network.PersistentNetworkMapCache.addNode - No previous node found
?[m?[37m[INFO] 10:34:09,571 [Test worker] network.PersistentNetworkMapCache.addNode - Adding node with info: NodeInfo(addresses=[mock.node:1000], legalIdentitiesAndCerts=[O=Charlie Ltd, L=Athens, C=GR], platformVersion=5, serial=1560936849473)
?[m?[37m[INFO] 10:34:09,571 [Test worker] network.PersistentNetworkMapCache.addNode - Previous node was identical to incoming one - doing nothing
?[m?[37m[INFO] 10:34:09,571 [Test worker] network.PersistentNetworkMapCache.addNode - Adding node with info: NodeInfo(addresses=[mock.node:1000], legalIdentitiesAndCerts=[O=Charlie Ltd, L=Athens, C=GR], platformVersion=5, serial=1560936849473)
?[m?[37m[INFO] 10:34:09,572 [Test worker] network.PersistentNetworkMapCache.addNode - Previous node was identical to incoming one - doing nothing
?[m?[37m[INFO] 10:34:09,572 [Test worker] internal.NodeFlowManager.registerInitiatedFlow - Registered net.corda.confidential.identities.RequestKeyFlowTests$RequestKeyInitiator to initiate net.corda.confidential.identities.RequestKeyFlowTests$RequestKeyResponder (version 1)
?[m?[37m[INFO] 10:34:09,572 [Test worker] internal.NodeFlowManager.registerInitiatedFlow - Registered net.corda.confidential.identities.RequestKeyFlowTests$RequestKeyInitiator to initiate net.corda.confidential.identities.RequestKeyFlowTests$RequestKeyResponder (version 1)
?[m?[37m[INFO] 10:34:09,572 [Test worker] internal.NodeFlowManager.registerInitiatedFlow - Registered net.corda.confidential.identities.RequestKeyFlowWrapper to initiate net.corda.confidential.identities.RequestKeyFlowWrapperHandler (version 1)
?[m?[37m[INFO] 10:34:09,572 [Test worker] internal.NodeFlowManager.registerInitiatedFlow - Registered net.corda.confidential.identities.RequestKeyFlowWrapper to initiate net.corda.confidential.identities.RequestKeyFlowWrapperHandler (version 1)
?[m?[37m[INFO] 10:34:10,099 [Mock node 3 thread] corda.flow.notariseAndRecord - No need to notarise this transaction. {actor_id=Only For Testing, actor_owning_identity=O=Charlie Ltd, L=Athens, C=GR, actor_store_id=TEST, fiber-id=10000020, flow-id=7c54a146-ef44-4635-8b25-22f08ed63373, invocation_id=b06aa4f4-795d-4d2a-a6fd-808a0d709aca, invocation_timestamp=2019-06-19T09:34:09.573Z, origin=Only For Testing, session_id=b06aa4f4-795d-4d2a-a6fd-808a0d709aca, session_timestamp=2019-06-19T09:34:09.573Z, thread-id=1477, tx_id=FC739EE2E1AAA3461215E78780AE726759B2806687321ACC26BEA9233DF710A9}
?[m?[37m[INFO] 10:34:10,099 [Mock node 3 thread] corda.flow.notariseAndRecord - Recording transaction locally. {actor_id=Only For Testing, actor_owning_identity=O=Charlie Ltd, L=Athens, C=GR, actor_store_id=TEST, fiber-id=10000020, flow-id=7c54a146-ef44-4635-8b25-22f08ed63373, invocation_id=b06aa4f4-795d-4d2a-a6fd-808a0d709aca, invocation_timestamp=2019-06-19T09:34:09.573Z, origin=Only For Testing, session_id=b06aa4f4-795d-4d2a-a6fd-808a0d709aca, session_timestamp=2019-06-19T09:34:09.573Z, thread-id=1477, tx_id=FC739EE2E1AAA3461215E78780AE726759B2806687321ACC26BEA9233DF710A9}
?[m?[37m[INFO] 10:34:10,114 [Mock node 3 thread] corda.flow.notariseAndRecord - Recorded transaction locally successfully. {actor_id=Only For Testing, actor_owning_identity=O=Charlie Ltd, L=Athens, C=GR, actor_store_id=TEST, fiber-id=10000020, flow-id=7c54a146-ef44-4635-8b25-22f08ed63373, invocation_id=b06aa4f4-795d-4d2a-a6fd-808a0d709aca, invocation_timestamp=2019-06-19T09:34:09.573Z, origin=Only For Testing, session_id=b06aa4f4-795d-4d2a-a6fd-808a0d709aca, session_timestamp=2019-06-19T09:34:09.573Z, thread-id=1477, tx_id=FC739EE2E1AAA3461215E78780AE726759B2806687321ACC26BEA9233DF710A9}
?[m?[37m[INFO] 10:34:10,114 [Mock node 3 thread] corda.flow.call - All parties received the transaction successfully. {actor_id=Only For Testing, actor_owning_identity=O=Charlie Ltd, L=Athens, C=GR, actor_store_id=TEST, fiber-id=10000020, flow-id=7c54a146-ef44-4635-8b25-22f08ed63373, invocation_id=b06aa4f4-795d-4d2a-a6fd-808a0d709aca, invocation_timestamp=2019-06-19T09:34:09.573Z, origin=Only For Testing, session_id=b06aa4f4-795d-4d2a-a6fd-808a0d709aca, session_timestamp=2019-06-19T09:34:09.573Z, thread-id=1477, tx_id=FC739EE2E1AAA3461215E78780AE726759B2806687321ACC26BEA9233DF710A9}
?[m?[37m[INFO] 10:34:10,145 [Mock node 3 thread] identity.PersistentIdentityService.invoke - Linking: F871FBFCFB4029C215878410310A5EA4F2305EDB0323DE6FC80498B8F8D3C791 to O=Bob Plc, L=Rome, C=IT {actor_id=Only For Testing, actor_owning_identity=O=Charlie Ltd, L=Athens, C=GR, actor_store_id=TEST, fiber-id=10000020, flow-id=7c54a146-ef44-4635-8b25-22f08ed63373, invocation_id=b06aa4f4-795d-4d2a-a6fd-808a0d709aca, invocation_timestamp=2019-06-19T09:34:09.573Z, origin=Only For Testing, session_id=b06aa4f4-795d-4d2a-a6fd-808a0d709aca, session_timestamp=2019-06-19T09:34:09.573Z, thread-id=1477, tx_id=FC739EE2E1AAA3461215E78780AE726759B2806687321ACC26BEA9233DF710A9}
?[m?[37m[INFO] 10:34:10,145 [Mock node 3 thread] corda.flow.call - Generating spend for: 7c54a146-ef44-4635-8b25-22f08ed63373 {actor_id=Only For Testing, actor_owning_identity=O=Charlie Ltd, L=Athens, C=GR, actor_store_id=TEST, fiber-id=10000020, flow-id=7c54a146-ef44-4635-8b25-22f08ed63373, invocation_id=b06aa4f4-795d-4d2a-a6fd-808a0d709aca, invocation_timestamp=2019-06-19T09:34:09.573Z, origin=Only For Testing, session_id=b06aa4f4-795d-4d2a-a6fd-808a0d709aca, session_timestamp=2019-06-19T09:34:09.573Z, thread-id=1477, tx_id=FC739EE2E1AAA3461215E78780AE726759B2806687321ACC26BEA9233DF710A9}
?[m?[31m[WARN] 10:34:10,153 [Mock node 3 thread] utilities.AppendOnlyPersistentMapBase.set - Double insert in net.corda.node.utilities.AppendOnlyPersistentMap for entity class class net.corda.node.services.identity.PersistentIdentityService$PersistentIdentity key F6241EB9C1F761FEFA5619B2E9A2AFBB55A09A3BF2174D6F7949E386A855EA14, not inserting the second time {actor_id=Only For Testing, actor_owning_identity=O=Charlie Ltd, L=Athens, C=GR, actor_store_id=TEST, fiber-id=10000020, flow-id=7c54a146-ef44-4635-8b25-22f08ed63373, invocation_id=b06aa4f4-795d-4d2a-a6fd-808a0d709aca, invocation_timestamp=2019-06-19T09:34:09.573Z, origin=Only For Testing, session_id=b06aa4f4-795d-4d2a-a6fd-808a0d709aca, session_timestamp=2019-06-19T09:34:09.573Z, thread-id=1477, tx_id=FC739EE2E1AAA3461215E78780AE726759B2806687321ACC26BEA9233DF710A9}
?[m?[37m[INFO] 10:34:10,154 [Mock node 3 thread] corda.flow.call - Signing transaction for: 7c54a146-ef44-4635-8b25-22f08ed63373 {actor_id=Only For Testing, actor_owning_identity=O=Charlie Ltd, L=Athens, C=GR, actor_store_id=TEST, fiber-id=10000020, flow-id=7c54a146-ef44-4635-8b25-22f08ed63373, invocation_id=b06aa4f4-795d-4d2a-a6fd-808a0d709aca, invocation_timestamp=2019-06-19T09:34:09.573Z, origin=Only For Testing, session_id=b06aa4f4-795d-4d2a-a6fd-808a0d709aca, session_timestamp=2019-06-19T09:34:09.573Z, thread-id=1477, tx_id=FC739EE2E1AAA3461215E78780AE726759B2806687321ACC26BEA9233DF710A9}
?[m?[37m[INFO] 10:34:10,167 [Mock node 3 thread] corda.flow.call - Finalising transaction for: 5EF07C94B55D5EBFCCAD5D9BBDC2C9AE2477EC36C9971E93D49FA82E9C5DF0DB {actor_id=Only For Testing, actor_owning_identity=O=Charlie Ltd, L=Athens, C=GR, actor_store_id=TEST, fiber-id=10000020, flow-id=7c54a146-ef44-4635-8b25-22f08ed63373, invocation_id=b06aa4f4-795d-4d2a-a6fd-808a0d709aca, invocation_timestamp=2019-06-19T09:34:09.573Z, origin=Only For Testing, session_id=b06aa4f4-795d-4d2a-a6fd-808a0d709aca, session_timestamp=2019-06-19T09:34:09.573Z, thread-id=1477, tx_id=FC739EE2E1AAA3461215E78780AE726759B2806687321ACC26BEA9233DF710A9}
?[m?[37m[INFO] 10:34:10,179 [Mock node 3 thread] corda.flow.call - Sending transaction to notary: O=Notary Service, L=Zurich, C=CH. {actor_id=Only For Testing, actor_owning_identity=O=Charlie Ltd, L=Athens, C=GR, actor_store_id=TEST, fiber-id=10000020, flow-id=7c54a146-ef44-4635-8b25-22f08ed63373, invocation_id=b06aa4f4-795d-4d2a-a6fd-808a0d709aca, invocation_timestamp=2019-06-19T09:34:09.573Z, origin=Only For Testing, session_id=b06aa4f4-795d-4d2a-a6fd-808a0d709aca, session_timestamp=2019-06-19T09:34:09.573Z, thread-id=1477, tx_id=5EF07C94B55D5EBFCCAD5D9BBDC2C9AE2477EC36C9971E93D49FA82E9C5DF0DB}
?[m?[37m[INFO] 10:34:10,236 [Mock node 3 thread] corda.flow.call - Notary responded. {actor_id=Only For Testing, actor_owning_identity=O=Charlie Ltd, L=Athens, C=GR, actor_store_id=TEST, fiber-id=10000020, flow-id=7c54a146-ef44-4635-8b25-22f08ed63373, invocation_id=b06aa4f4-795d-4d2a-a6fd-808a0d709aca, invocation_timestamp=2019-06-19T09:34:09.573Z, origin=Only For Testing, session_id=b06aa4f4-795d-4d2a-a6fd-808a0d709aca, session_timestamp=2019-06-19T09:34:09.573Z, thread-id=1477, tx_id=5EF07C94B55D5EBFCCAD5D9BBDC2C9AE2477EC36C9971E93D49FA82E9C5DF0DB}
?[m?[37m[INFO] 10:34:10,237 [Mock node 3 thread] corda.flow.notariseAndRecord - Recording transaction locally. {actor_id=Only For Testing, actor_owning_identity=O=Charlie Ltd, L=Athens, C=GR, actor_store_id=TEST, fiber-id=10000020, flow-id=7c54a146-ef44-4635-8b25-22f08ed63373, invocation_id=b06aa4f4-795d-4d2a-a6fd-808a0d709aca, invocation_timestamp=2019-06-19T09:34:09.573Z, origin=Only For Testing, session_id=b06aa4f4-795d-4d2a-a6fd-808a0d709aca, session_timestamp=2019-06-19T09:34:09.573Z, thread-id=1477, tx_id=5EF07C94B55D5EBFCCAD5D9BBDC2C9AE2477EC36C9971E93D49FA82E9C5DF0DB}
?[m?[37m[INFO] 10:34:10,242 [Mock node 3 thread] corda.flow.notariseAndRecord - Recorded transaction locally successfully. {actor_id=Only For Testing, actor_owning_identity=O=Charlie Ltd, L=Athens, C=GR, actor_store_id=TEST, fiber-id=10000020, flow-id=7c54a146-ef44-4635-8b25-22f08ed63373, invocation_id=b06aa4f4-795d-4d2a-a6fd-808a0d709aca, invocation_timestamp=2019-06-19T09:34:09.573Z, origin=Only For Testing, session_id=b06aa4f4-795d-4d2a-a6fd-808a0d709aca, session_timestamp=2019-06-19T09:34:09.573Z, thread-id=1477, tx_id=5EF07C94B55D5EBFCCAD5D9BBDC2C9AE2477EC36C9971E93D49FA82E9C5DF0DB}
?[m?[37m[INFO] 10:34:10,249 [Mock node 2 thread] corda.flow.call - Received transaction acknowledgement request from party O=Charlie Ltd, L=Athens, C=GR. {fiber-id=10000021, flow-id=952a9146-329c-490a-99a6-a0fc6baa91ed, invocation_id=e75c77c5-f5f3-4e8c-9bde-ae1e48091d35, invocation_timestamp=2019-06-19T09:34:10.125Z, origin=O=Charlie Ltd, L=Athens, C=GR, session_id=e75c77c5-f5f3-4e8c-9bde-ae1e48091d35, session_timestamp=2019-06-19T09:34:10.125Z, thread-id=1497, tx_id=5EF07C94B55D5EBFCCAD5D9BBDC2C9AE2477EC36C9971E93D49FA82E9C5DF0DB}
?[m?[37m[INFO] 10:34:10,267 [Mock node 3 thread] corda.flow.call - Party O=Bob Plc, L=Rome, C=IT received the transaction. {actor_id=Only For Testing, actor_owning_identity=O=Charlie Ltd, L=Athens, C=GR, actor_store_id=TEST, fiber-id=10000020, flow-id=7c54a146-ef44-4635-8b25-22f08ed63373, invocation_id=b06aa4f4-795d-4d2a-a6fd-808a0d709aca, invocation_timestamp=2019-06-19T09:34:09.573Z, origin=Only For Testing, session_id=b06aa4f4-795d-4d2a-a6fd-808a0d709aca, session_timestamp=2019-06-19T09:34:09.573Z, thread-id=1477, tx_id=5EF07C94B55D5EBFCCAD5D9BBDC2C9AE2477EC36C9971E93D49FA82E9C5DF0DB}
?[m?[37m[INFO] 10:34:10,268 [Mock node 3 thread] corda.flow.call - All parties received the transaction successfully. {actor_id=Only For Testing, actor_owning_identity=O=Charlie Ltd, L=Athens, C=GR, actor_store_id=TEST, fiber-id=10000020, flow-id=7c54a146-ef44-4635-8b25-22f08ed63373, invocation_id=b06aa4f4-795d-4d2a-a6fd-808a0d709aca, invocation_timestamp=2019-06-19T09:34:09.573Z, origin=Only For Testing, session_id=b06aa4f4-795d-4d2a-a6fd-808a0d709aca, session_timestamp=2019-06-19T09:34:09.573Z, thread-id=1477, tx_id=5EF07C94B55D5EBFCCAD5D9BBDC2C9AE2477EC36C9971E93D49FA82E9C5DF0DB}
?[m?[37m[INFO] 10:34:10,268 [Mock node 3 thread] corda.flow.call - Finalised transaction for: 5EF07C94B55D5EBFCCAD5D9BBDC2C9AE2477EC36C9971E93D49FA82E9C5DF0DB {actor_id=Only For Testing, actor_owning_identity=O=Charlie Ltd, L=Athens, C=GR, actor_store_id=TEST, fiber-id=10000020, flow-id=7c54a146-ef44-4635-8b25-22f08ed63373, invocation_id=b06aa4f4-795d-4d2a-a6fd-808a0d709aca, invocation_timestamp=2019-06-19T09:34:09.573Z, origin=Only For Testing, session_id=b06aa4f4-795d-4d2a-a6fd-808a0d709aca, session_timestamp=2019-06-19T09:34:09.573Z, thread-id=1477, tx_id=5EF07C94B55D5EBFCCAD5D9BBDC2C9AE2477EC36C9971E93D49FA82E9C5DF0DB}
?[m?[37m[INFO] 10:34:10,272 [Mock node 2 thread] corda.flow.call - Transaction dependencies resolution completed. {fiber-id=10000021, flow-id=952a9146-329c-490a-99a6-a0fc6baa91ed, invocation_id=e75c77c5-f5f3-4e8c-9bde-ae1e48091d35, invocation_timestamp=2019-06-19T09:34:10.125Z, origin=O=Charlie Ltd, L=Athens, C=GR, session_id=e75c77c5-f5f3-4e8c-9bde-ae1e48091d35, session_timestamp=2019-06-19T09:34:10.125Z, thread-id=1497, tx_id=5EF07C94B55D5EBFCCAD5D9BBDC2C9AE2477EC36C9971E93D49FA82E9C5DF0DB}
?[m?[37m[INFO] 10:34:10,274 [Test worker] identity.PersistentIdentityService.invoke - Unable to find a valid CordaX500 name from public key: GfHq2tTVk9z4eXgyVSkgWAXnJZVnUsWks8ZRMxCptRep2oH1DdbP7aw1kXKx
?[m?[37m[INFO] 10:34:10,277 [Mock node 2 thread] corda.flow.call - Successfully received fully signed tx. Sending it to the vault for processing. {fiber-id=10000021, flow-id=952a9146-329c-490a-99a6-a0fc6baa91ed, invocation_id=e75c77c5-f5f3-4e8c-9bde-ae1e48091d35, invocation_timestamp=2019-06-19T09:34:10.125Z, origin=O=Charlie Ltd, L=Athens, C=GR, session_id=e75c77c5-f5f3-4e8c-9bde-ae1e48091d35, session_timestamp=2019-06-19T09:34:10.125Z, thread-id=1497, tx_id=5EF07C94B55D5EBFCCAD5D9BBDC2C9AE2477EC36C9971E93D49FA82E9C5DF0DB}
?[m?[37m[INFO] 10:34:10,284 [Mock node 2 thread] identity.PersistentIdentityService.invoke - Unable to find a valid CordaX500 name from public key: GfHq2tTVk9z4eXgyVSkgWAXnJZVnUsWks8ZRMxCptRep2oH1DdbP7aw1kXKx {fiber-id=10000021, flow-id=952a9146-329c-490a-99a6-a0fc6baa91ed, invocation_id=e75c77c5-f5f3-4e8c-9bde-ae1e48091d35, invocation_timestamp=2019-06-19T09:34:10.125Z, origin=O=Charlie Ltd, L=Athens, C=GR, session_id=e75c77c5-f5f3-4e8c-9bde-ae1e48091d35, session_timestamp=2019-06-19T09:34:10.125Z, thread-id=1497, tx_id=5EF07C94B55D5EBFCCAD5D9BBDC2C9AE2477EC36C9971E93D49FA82E9C5DF0DB}
?[m?[31m[WARN] 10:34:10,284 [Mock node 2 thread] persistence.AbstractPartyToX500NameAsStringConverter.convertToDatabaseColumn - Identity service unable to resolve AbstractParty: Anonymous(DLHipvD1ZF1SoYKQGrN6pvJsrJfyqDoR1qtNYqbkFHjWwr) {fiber-id=10000021, flow-id=952a9146-329c-490a-99a6-a0fc6baa91ed, invocation_id=e75c77c5-f5f3-4e8c-9bde-ae1e48091d35, invocation_timestamp=2019-06-19T09:34:10.125Z, origin=O=Charlie Ltd, L=Athens, C=GR, session_id=e75c77c5-f5f3-4e8c-9bde-ae1e48091d35, session_timestamp=2019-06-19T09:34:10.125Z, thread-id=1497, tx_id=5EF07C94B55D5EBFCCAD5D9BBDC2C9AE2477EC36C9971E93D49FA82E9C5DF0DB}
?[m?[37m[INFO] 10:34:10,285 [Mock node 2 thread] corda.flow.call - Successfully recorded received transaction locally. {fiber-id=10000021, flow-id=952a9146-329c-490a-99a6-a0fc6baa91ed, invocation_id=e75c77c5-f5f3-4e8c-9bde-ae1e48091d35, invocation_timestamp=2019-06-19T09:34:10.125Z, origin=O=Charlie Ltd, L=Athens, C=GR, session_id=e75c77c5-f5f3-4e8c-9bde-ae1e48091d35, session_timestamp=2019-06-19T09:34:10.125Z, thread-id=1497, tx_id=5EF07C94B55D5EBFCCAD5D9BBDC2C9AE2477EC36C9971E93D49FA82E9C5DF0DB}
?[m?[37m[INFO] 10:34:10,287 [Mock node 2 thread] identity.PersistentIdentityService.invoke - Unable to find a valid CordaX500 name from public key: GfHq2tTVk9z4eXgyVSkgWAXnJZVnUsWks8ZRMxCptRep2oH1DdbP7aw1kXKx {fiber-id=10000021, flow-id=952a9146-329c-490a-99a6-a0fc6baa91ed, invocation_id=e75c77c5-f5f3-4e8c-9bde-ae1e48091d35, invocation_timestamp=2019-06-19T09:34:10.125Z, origin=O=Charlie Ltd, L=Athens, C=GR, session_id=e75c77c5-f5f3-4e8c-9bde-ae1e48091d35, session_timestamp=2019-06-19T09:34:10.125Z, thread-id=1497}
?[m?[31m[WARN] 10:34:10,287 [Mock node 2 thread] persistence.AbstractPartyToX500NameAsStringConverter.convertToDatabaseColumn - Identity service unable to resolve AbstractParty: Anonymous(DLHipvD1ZF1SoYKQGrN6pvJsrJfyqDoR1qtNYqbkFHjWwr) {fiber-id=10000021, flow-id=952a9146-329c-490a-99a6-a0fc6baa91ed, invocation_id=e75c77c5-f5f3-4e8c-9bde-ae1e48091d35, invocation_timestamp=2019-06-19T09:34:10.125Z, origin=O=Charlie Ltd, L=Athens, C=GR, session_id=e75c77c5-f5f3-4e8c-9bde-ae1e48091d35, session_timestamp=2019-06-19T09:34:10.125Z, thread-id=1497}
?[m?[37m[INFO] 10:34:10,287 [Mock node 2 thread] identity.PersistentIdentityService.invoke - Unable to find a valid CordaX500 name from public key: GfHq2tTVk9z4eXgyVSkgWAXnJZVnUsWks8ZRMxCptRep2oH1DdbP7aw1kXKx {fiber-id=10000021, flow-id=952a9146-329c-490a-99a6-a0fc6baa91ed, invocation_id=e75c77c5-f5f3-4e8c-9bde-ae1e48091d35, invocation_timestamp=2019-06-19T09:34:10.125Z, origin=O=Charlie Ltd, L=Athens, C=GR, session_id=e75c77c5-f5f3-4e8c-9bde-ae1e48091d35, session_timestamp=2019-06-19T09:34:10.125Z, thread-id=1497}
?[m?[31m[WARN] 10:34:10,287 [Mock node 2 thread] persistence.AbstractPartyToX500NameAsStringConverter.convertToDatabaseColumn - Identity service unable to resolve AbstractParty: Anonymous(DLHipvD1ZF1SoYKQGrN6pvJsrJfyqDoR1qtNYqbkFHjWwr) {fiber-id=10000021, flow-id=952a9146-329c-490a-99a6-a0fc6baa91ed, invocation_id=e75c77c5-f5f3-4e8c-9bde-ae1e48091d35, invocation_timestamp=2019-06-19T09:34:10.125Z, origin=O=Charlie Ltd, L=Athens, C=GR, session_id=e75c77c5-f5f3-4e8c-9bde-ae1e48091d35, session_timestamp=2019-06-19T09:34:10.125Z, thread-id=1497}
?[m?[37m[INFO] 10:34:10,308 [Mock node 2 thread] identity.PersistentIdentityService.invoke - Linking: F871FBFCFB4029C215878410310A5EA4F2305EDB0323DE6FC80498B8F8D3C791 to O=Bob Plc, L=Rome, C=IT {actor_id=Only For Testing, actor_owning_identity=O=Bob Plc, L=Rome, C=IT, actor_store_id=TEST, fiber-id=10000023, flow-id=3edf088e-2e38-4943-af62-d9d39ac59f49, invocation_id=c2488053-81da-4ba0-9163-a292e899ada8, invocation_timestamp=2019-06-19T09:34:10.274Z, origin=Only For Testing, session_id=c2488053-81da-4ba0-9163-a292e899ada8, session_timestamp=2019-06-19T09:34:10.274Z, thread-id=1497}
?[m?[37m[INFO] 10:34:10,314 [Test worker] pool.HikariPool.shutdown - HikariPool-17 - Close initiated...
?[m?[37m[INFO] 10:34:10,315 [Test worker] pool.HikariPool.shutdown - HikariPool-17 - Closed.
?[m?[37m[INFO] 10:34:10,315 [Test worker] pool.HikariPool.shutdown - HikariPool-18 - Close initiated...
?[m?[37m[INFO] 10:34:10,316 [Test worker] pool.HikariPool.shutdown - HikariPool-18 - Closed.
?[m?[37m[INFO] 10:34:10,317 [Test worker] pool.HikariPool.shutdown - HikariPool-19 - Close initiated...
?[m?[37m[INFO] 10:34:10,318 [Test worker] pool.HikariPool.shutdown - HikariPool-19 - Closed.
?[m?[37m[INFO] 10:34:10,318 [Test worker] pool.HikariPool.shutdown - HikariPool-20 - Close initiated...
?[m]]></system-out>
  <system-err><![CDATA[]]></system-err>
</testsuite>
