<?xml version="1.0" encoding="UTF-8"?>
<testsuite name="net.corda.confidential.identities.SyncKeyMappingFlowTests" tests="2" skipped="0" failures="1" errors="0" timestamp="2019-06-19T09:33:53" hostname="19LDN-MAC107-1.local" time="10.392">
  <properties/>
  <testcase name="sync the key mapping between two parties in a transaction" classname="net.corda.confidential.identities.SyncKeyMappingFlowTests" time="6.238"/>
  <testcase name="don't leak confidential identities" classname="net.corda.confidential.identities.SyncKeyMappingFlowTests" time="4.154">
    <failure message="net.corda.core.flows.UnexpectedFlowEndException: Counter-flow errored" type="net.corda.core.flows.UnexpectedFlowEndException">net.corda.core.flows.UnexpectedFlowEndException: Counter-flow errored
	at Received unexpected counter-flow exception from peer O=Bob Plc, L=Rome, C=IT.()
	at net.corda.node.services.statemachine.FlowStateMachineImpl.fillInLocalStackTrace(FlowStateMachineImpl.kt:175)
	at net.corda.node.services.statemachine.FlowStateMachineImpl.processEventsUntilFlowIsResumed(FlowStateMachineImpl.kt:163)
	at net.corda.node.services.statemachine.FlowStateMachineImpl.suspend(FlowStateMachineImpl.kt:447)
	at net.corda.node.services.statemachine.FlowSessionImpl.receive(FlowSessionImpl.kt:69)
	at net.corda.node.services.statemachine.FlowSessionImpl.receive(FlowSessionImpl.kt:73)
	at net.corda.confidential.identities.SyncKeyMappingInitiator.call(SyncKeyMappingFlowTests.kt:149)
	at net.corda.confidential.identities.SyncKeyMappingInitiator.call(SyncKeyMappingFlowTests.kt:117)
	at net.corda.node.services.statemachine.FlowStateMachineImpl.run(FlowStateMachineImpl.kt:270)
	at net.corda.node.services.statemachine.FlowStateMachineImpl.run(FlowStateMachineImpl.kt:46)
	at co.paralleluniverse.fibers.Fiber.run1(Fiber.java:1092)
	at co.paralleluniverse.fibers.Fiber.exec(Fiber.java:788)
	at co.paralleluniverse.fibers.RunnableFiberTask.doExec(RunnableFiberTask.java:100)
	at co.paralleluniverse.fibers.RunnableFiberTask.run(RunnableFiberTask.java:91)
	at java.util.concurrent.Executors$RunnableAdapter.call(Executors.java:511)
	at java.util.concurrent.FutureTask.run(FutureTask.java:266)
	at java.util.concurrent.ScheduledThreadPoolExecutor$ScheduledFutureTask.access$201(ScheduledThreadPoolExecutor.java:180)
	at java.util.concurrent.ScheduledThreadPoolExecutor$ScheduledFutureTask.run(ScheduledThreadPoolExecutor.java:293)
	at java.util.concurrent.ThreadPoolExecutor.runWorker(ThreadPoolExecutor.java:1149)
	at java.util.concurrent.ThreadPoolExecutor$Worker.run(ThreadPoolExecutor.java:624)
	at net.corda.node.utilities.AffinityExecutor$ServiceAffinityExecutor$1$thread$1.run(AffinityExecutor.kt:63)
</failure>
  </testcase>
  <system-out><![CDATA[?[37m[INFO] 10:33:53,354 [Test worker] cordapp.JarScanningCordappLoader.fromDirectories - Looking for CorDapps in [build/mock-network/20190619-093353.269/nodes/0/cordapps]
?[m?[37m[INFO] 10:33:53,354 [Test worker] cordapp.JarScanningCordappLoader.<init> - Loading CorDapps from RestrictedURL(url=file:/Users/williamhester/Desktop/Applications/confidential-identities/workflows/build/mock-network/20190619-093353.269/nodes/0/cordapps/corda-finance-contracts-5.0-SNAPSHOT-WILLH.jar, rootPackageName=null), RestrictedURL(url=file:/Users/williamhester/Desktop/Applications/confidential-identities/workflows/build/mock-network/20190619-093353.269/nodes/0/cordapps/corda-finance-workflows-5.0-SNAPSHOT-WILLH.jar, rootPackageName=null)
?[m?[37m[INFO] 10:33:53,355 [Test worker] cordapp.JarScanningCordappLoader.scanCordapp - Scanning CorDapp in file:/Users/williamhester/Desktop/Applications/confidential-identities/workflows/build/mock-network/20190619-093353.269/nodes/0/cordapps/corda-finance-contracts-5.0-SNAPSHOT-WILLH.jar
?[m?[37m[INFO] 10:33:53,384 [Test worker] cordapp.JarScanningCordappLoader.scanCordapp - Scanning CorDapp in file:/Users/williamhester/Desktop/Applications/confidential-identities/workflows/build/mock-network/20190619-093353.269/nodes/0/cordapps/corda-finance-workflows-5.0-SNAPSHOT-WILLH.jar
?[m?[37m[INFO] 10:33:53,419 [Test worker] internal.InternalMockNetwork$MockNode.start - Node starting up ...
?[m?[37m[INFO] 10:33:53,425 [Test worker] internal.NodeFlowManager.registerInitiatedFlow - Registered net.corda.finance.flows.CashExitFlow to initiate net.corda.finance.flows.CashExitResponderFlow (version 1)
?[m?[37m[INFO] 10:33:53,425 [Test worker] internal.NodeFlowManager.registerInitiatedFlow - Registered net.corda.finance.flows.CashPaymentFlow to initiate net.corda.finance.flows.CashPaymentReceiverFlow (version 1)
?[m?[37m[INFO] 10:33:53,432 [Test worker] internal.InternalMockNetwork$MockNode.start - Loaded network parameters: NetworkParameters {
      minimumPlatformVersion=1
      notaries=[NotaryInfo(identity=O=Notary Service, L=Zurich, C=CH, validating=true)]
      maxMessageSize=10485760
      maxTransactionSize=524288000
      whitelistedContractImplementations {
        
      }
      eventHorizon=PT720H
      packageOwnership {
        
      }
      modifiedTime=2019-06-19T09:33:53.269Z
      epoch=1
  }
?[m?[37m[INFO] 10:33:53,433 [Test worker] hikari.HikariDataSource.<init> - HikariPool-5 - Started.
?[m?[37m[INFO] 10:33:53,678 [Test worker] liquibase.info - Creating database history table with name: PUBLIC.DATABASECHANGELOG
?[m?[37m[INFO] 10:33:53,680 [Test worker] liquibase.info - Reading from PUBLIC.DATABASECHANGELOG
?[m?[37m[INFO] 10:33:53,686 [Test worker] liquibase.info - master.changelog.json: migration/vault-schema.changelog-pkey.xml::non-clustered_pk-11::R3.Corda: Skipping changeSet migration/vault-schema.changelog-pkey.xml::non-clustered_pk-11::R3.Corda due to validation error(s): clustered is not allowed on h2
?[m?[37m[INFO] 10:33:53,687 [Test worker] liquibase.info - master.changelog.json: migration/vault-schema.changelog-pkey.xml::non-clustered_pk-12::R3.Corda: Skipping changeSet migration/vault-schema.changelog-pkey.xml::non-clustered_pk-12::R3.Corda due to validation error(s): clustered is not allowed on h2
?[m?[37m[INFO] 10:33:53,688 [Test worker] liquibase.info - master.changelog.json: migration/vault-schema.changelog-pkey.xml::non-clustered_pk-13::R3.Corda: Skipping changeSet migration/vault-schema.changelog-pkey.xml::non-clustered_pk-13::R3.Corda due to validation error(s): clustered is not allowed on h2
?[m?[37m[INFO] 10:33:53,697 [Test worker] liquibase.info - master.changelog.json: migration/node-core.changelog-pkey.xml::non-clustered_pk-1::R3.Corda: Skipping changeSet migration/node-core.changelog-pkey.xml::non-clustered_pk-1::R3.Corda due to validation error(s): clustered is not allowed on h2
?[m?[37m[INFO] 10:33:53,697 [Test worker] liquibase.info - master.changelog.json: migration/node-core.changelog-pkey.xml::non-clustered_pk-2::R3.Corda: Skipping changeSet migration/node-core.changelog-pkey.xml::non-clustered_pk-2::R3.Corda due to validation error(s): clustered is not allowed on h2
?[m?[37m[INFO] 10:33:53,698 [Test worker] liquibase.info - master.changelog.json: migration/node-core.changelog-pkey.xml::non-clustered_pk-3::R3.Corda: Skipping changeSet migration/node-core.changelog-pkey.xml::non-clustered_pk-3::R3.Corda due to validation error(s): clustered is not allowed on h2
?[m?[37m[INFO] 10:33:53,698 [Test worker] liquibase.info - master.changelog.json: migration/node-core.changelog-pkey.xml::non-clustered_pk-4::R3.Corda: Skipping changeSet migration/node-core.changelog-pkey.xml::non-clustered_pk-4::R3.Corda due to validation error(s): clustered is not allowed on h2
?[m?[37m[INFO] 10:33:53,698 [Test worker] liquibase.info - master.changelog.json: migration/node-core.changelog-pkey.xml::non-clustered_pk-5::R3.Corda: Skipping changeSet migration/node-core.changelog-pkey.xml::non-clustered_pk-5::R3.Corda due to validation error(s): clustered is not allowed on h2
?[m?[37m[INFO] 10:33:53,698 [Test worker] liquibase.info - master.changelog.json: migration/node-core.changelog-pkey.xml::non-clustered_pk-6::R3.Corda: Skipping changeSet migration/node-core.changelog-pkey.xml::non-clustered_pk-6::R3.Corda due to validation error(s): clustered is not allowed on h2
?[m?[37m[INFO] 10:33:53,699 [Test worker] liquibase.info - master.changelog.json: migration/node-core.changelog-pkey.xml::non-clustered_pk-7::R3.Corda: Skipping changeSet migration/node-core.changelog-pkey.xml::non-clustered_pk-7::R3.Corda due to validation error(s): clustered is not allowed on h2
?[m?[37m[INFO] 10:33:53,703 [Test worker] liquibase.info - master.changelog.json: migration/cash.changelog-init.xml::non-clustered_pk-cash::R3.Corda: Skipping changeSet migration/cash.changelog-init.xml::non-clustered_pk-cash::R3.Corda due to validation error(s): clustered is not allowed on h2
?[m?[37m[INFO] 10:33:53,704 [Test worker] liquibase.info - master.changelog.json: migration/commercial-paper.changelog-init.xml::non-clustered_pk-commercial-paper::R3.Corda: Skipping changeSet migration/commercial-paper.changelog-init.xml::non-clustered_pk-commercial-paper::R3.Corda due to validation error(s): clustered is not allowed on h2
?[m?[37m[INFO] 10:33:53,707 [Test worker] liquibase.info - master.changelog.json: migration/node-notary.changelog-pkey.xml::non-clustered_pk-notary_state::R3.Corda: Skipping changeSet migration/node-notary.changelog-pkey.xml::non-clustered_pk-notary_state::R3.Corda due to validation error(s): clustered is not allowed on h2
?[m?[37m[INFO] 10:33:53,708 [Test worker] liquibase.info - Successfully acquired change log lock
?[m?[37m[INFO] 10:33:53,710 [Test worker] liquibase.info - master.changelog.json: migration/vault-schema.changelog-pkey.xml::non-clustered_pk-11::R3.Corda: Skipping changeSet migration/vault-schema.changelog-pkey.xml::non-clustered_pk-11::R3.Corda due to validation error(s): clustered is not allowed on h2
?[m?[37m[INFO] 10:33:53,710 [Test worker] liquibase.info - master.changelog.json: migration/vault-schema.changelog-pkey.xml::non-clustered_pk-12::R3.Corda: Skipping changeSet migration/vault-schema.changelog-pkey.xml::non-clustered_pk-12::R3.Corda due to validation error(s): clustered is not allowed on h2
?[m?[37m[INFO] 10:33:53,710 [Test worker] liquibase.info - master.changelog.json: migration/vault-schema.changelog-pkey.xml::non-clustered_pk-13::R3.Corda: Skipping changeSet migration/vault-schema.changelog-pkey.xml::non-clustered_pk-13::R3.Corda due to validation error(s): clustered is not allowed on h2
?[m?[37m[INFO] 10:33:53,714 [Test worker] liquibase.info - master.changelog.json: migration/node-core.changelog-pkey.xml::non-clustered_pk-1::R3.Corda: Skipping changeSet migration/node-core.changelog-pkey.xml::non-clustered_pk-1::R3.Corda due to validation error(s): clustered is not allowed on h2
?[m?[37m[INFO] 10:33:53,714 [Test worker] liquibase.info - master.changelog.json: migration/node-core.changelog-pkey.xml::non-clustered_pk-2::R3.Corda: Skipping changeSet migration/node-core.changelog-pkey.xml::non-clustered_pk-2::R3.Corda due to validation error(s): clustered is not allowed on h2
?[m?[37m[INFO] 10:33:53,714 [Test worker] liquibase.info - master.changelog.json: migration/node-core.changelog-pkey.xml::non-clustered_pk-3::R3.Corda: Skipping changeSet migration/node-core.changelog-pkey.xml::non-clustered_pk-3::R3.Corda due to validation error(s): clustered is not allowed on h2
?[m?[37m[INFO] 10:33:53,714 [Test worker] liquibase.info - master.changelog.json: migration/node-core.changelog-pkey.xml::non-clustered_pk-4::R3.Corda: Skipping changeSet migration/node-core.changelog-pkey.xml::non-clustered_pk-4::R3.Corda due to validation error(s): clustered is not allowed on h2
?[m?[37m[INFO] 10:33:53,714 [Test worker] liquibase.info - master.changelog.json: migration/node-core.changelog-pkey.xml::non-clustered_pk-5::R3.Corda: Skipping changeSet migration/node-core.changelog-pkey.xml::non-clustered_pk-5::R3.Corda due to validation error(s): clustered is not allowed on h2
?[m?[37m[INFO] 10:33:53,714 [Test worker] liquibase.info - master.changelog.json: migration/node-core.changelog-pkey.xml::non-clustered_pk-6::R3.Corda: Skipping changeSet migration/node-core.changelog-pkey.xml::non-clustered_pk-6::R3.Corda due to validation error(s): clustered is not allowed on h2
?[m?[37m[INFO] 10:33:53,715 [Test worker] liquibase.info - master.changelog.json: migration/node-core.changelog-pkey.xml::non-clustered_pk-7::R3.Corda: Skipping changeSet migration/node-core.changelog-pkey.xml::non-clustered_pk-7::R3.Corda due to validation error(s): clustered is not allowed on h2
?[m?[37m[INFO] 10:33:53,716 [Test worker] liquibase.info - master.changelog.json: migration/cash.changelog-init.xml::non-clustered_pk-cash::R3.Corda: Skipping changeSet migration/cash.changelog-init.xml::non-clustered_pk-cash::R3.Corda due to validation error(s): clustered is not allowed on h2
?[m?[37m[INFO] 10:33:53,716 [Test worker] liquibase.info - master.changelog.json: migration/commercial-paper.changelog-init.xml::non-clustered_pk-commercial-paper::R3.Corda: Skipping changeSet migration/commercial-paper.changelog-init.xml::non-clustered_pk-commercial-paper::R3.Corda due to validation error(s): clustered is not allowed on h2
?[m?[37m[INFO] 10:33:53,717 [Test worker] liquibase.info - master.changelog.json: migration/node-notary.changelog-pkey.xml::non-clustered_pk-notary_state::R3.Corda: Skipping changeSet migration/node-notary.changelog-pkey.xml::non-clustered_pk-notary_state::R3.Corda due to validation error(s): clustered is not allowed on h2
?[m?[37m[INFO] 10:33:53,718 [Test worker] liquibase.info - master.changelog.json: migration/common.changelog-init.xml::1511451595465-1.1::R3.Corda: Sequence hibernate_sequence created
?[m?[37m[INFO] 10:33:53,719 [Test worker] liquibase.info - master.changelog.json: migration/common.changelog-init.xml::1511451595465-1.1::R3.Corda: ChangeSet migration/common.changelog-init.xml::1511451595465-1.1::R3.Corda ran successfully in 1ms
?[m?[37m[INFO] 10:33:53,720 [Test worker] liquibase.info - master.changelog.json: migration/vault-schema.changelog-init.xml::1511451595465-22::R3.Corda: Table vault_fungible_states created
?[m?[37m[INFO] 10:33:53,720 [Test worker] liquibase.info - master.changelog.json: migration/vault-schema.changelog-init.xml::1511451595465-22::R3.Corda: ChangeSet migration/vault-schema.changelog-init.xml::1511451595465-22::R3.Corda ran successfully in 1ms
?[m?[37m[INFO] 10:33:53,721 [Test worker] liquibase.info - master.changelog.json: migration/vault-schema.changelog-init.xml::1511451595465-23::R3.Corda: Table vault_fungible_states_parts created
?[m?[37m[INFO] 10:33:53,721 [Test worker] liquibase.info - master.changelog.json: migration/vault-schema.changelog-init.xml::1511451595465-23::R3.Corda: ChangeSet migration/vault-schema.changelog-init.xml::1511451595465-23::R3.Corda ran successfully in 0ms
?[m?[37m[INFO] 10:33:53,722 [Test worker] liquibase.info - master.changelog.json: migration/vault-schema.changelog-init.xml::1511451595465-24::R3.Corda: Table vault_linear_states created
?[m?[37m[INFO] 10:33:53,722 [Test worker] liquibase.info - master.changelog.json: migration/vault-schema.changelog-init.xml::1511451595465-24::R3.Corda: ChangeSet migration/vault-schema.changelog-init.xml::1511451595465-24::R3.Corda ran successfully in 0ms
?[m?[37m[INFO] 10:33:53,723 [Test worker] liquibase.info - master.changelog.json: migration/vault-schema.changelog-init.xml::1511451595465-25::R3.Corda: Table vault_linear_states_parts created
?[m?[37m[INFO] 10:33:53,723 [Test worker] liquibase.info - master.changelog.json: migration/vault-schema.changelog-init.xml::1511451595465-25::R3.Corda: ChangeSet migration/vault-schema.changelog-init.xml::1511451595465-25::R3.Corda ran successfully in 0ms
?[m?[37m[INFO] 10:33:53,725 [Test worker] liquibase.info - master.changelog.json: migration/vault-schema.changelog-init.xml::1511451595465-26::R3.Corda: Table vault_states created
?[m?[37m[INFO] 10:33:53,725 [Test worker] liquibase.info - master.changelog.json: migration/vault-schema.changelog-init.xml::1511451595465-26::R3.Corda: ChangeSet migration/vault-schema.changelog-init.xml::1511451595465-26::R3.Corda ran successfully in 1ms
?[m?[37m[INFO] 10:33:53,726 [Test worker] liquibase.info - master.changelog.json: migration/vault-schema.changelog-init.xml::1511451595465-27::R3.Corda: Table vault_transaction_notes created
?[m?[37m[INFO] 10:33:53,726 [Test worker] liquibase.info - master.changelog.json: migration/vault-schema.changelog-init.xml::1511451595465-27::R3.Corda: ChangeSet migration/vault-schema.changelog-init.xml::1511451595465-27::R3.Corda ran successfully in 1ms
?[m?[37m[INFO] 10:33:53,727 [Test worker] liquibase.info - master.changelog.json: migration/vault-schema.changelog-init.xml::1511451595465-47::R3.Corda: Primary key added to vault_fungible_states (output_index, transaction_id)
?[m?[37m[INFO] 10:33:53,727 [Test worker] liquibase.info - master.changelog.json: migration/vault-schema.changelog-init.xml::1511451595465-47::R3.Corda: ChangeSet migration/vault-schema.changelog-init.xml::1511451595465-47::R3.Corda ran successfully in 0ms
?[m?[37m[INFO] 10:33:53,728 [Test worker] liquibase.info - master.changelog.json: migration/vault-schema.changelog-init.xml::1511451595465-48::R3.Corda: Primary key added to vault_linear_states (output_index, transaction_id)
?[m?[37m[INFO] 10:33:53,728 [Test worker] liquibase.info - master.changelog.json: migration/vault-schema.changelog-init.xml::1511451595465-48::R3.Corda: ChangeSet migration/vault-schema.changelog-init.xml::1511451595465-48::R3.Corda ran successfully in 0ms
?[m?[37m[INFO] 10:33:53,730 [Test worker] liquibase.info - master.changelog.json: migration/vault-schema.changelog-init.xml::1511451595465-49::R3.Corda: Primary key added to vault_states (output_index, transaction_id)
?[m?[37m[INFO] 10:33:53,730 [Test worker] liquibase.info - master.changelog.json: migration/vault-schema.changelog-init.xml::1511451595465-49::R3.Corda: ChangeSet migration/vault-schema.changelog-init.xml::1511451595465-49::R3.Corda ran successfully in 1ms
?[m?[37m[INFO] 10:33:53,731 [Test worker] liquibase.info - master.changelog.json: migration/vault-schema.changelog-init.xml::1511451595465-50::R3.Corda: Primary key added to vault_transaction_notes (seq_no)
?[m?[37m[INFO] 10:33:53,731 [Test worker] liquibase.info - master.changelog.json: migration/vault-schema.changelog-init.xml::1511451595465-50::R3.Corda: ChangeSet migration/vault-schema.changelog-init.xml::1511451595465-50::R3.Corda ran successfully in 1ms
?[m?[37m[INFO] 10:33:53,732 [Test worker] liquibase.info - master.changelog.json: migration/vault-schema.changelog-init.xml::1511451595465-53::R3.Corda: Index external_id_index created
?[m?[37m[INFO] 10:33:53,732 [Test worker] liquibase.info - master.changelog.json: migration/vault-schema.changelog-init.xml::1511451595465-53::R3.Corda: ChangeSet migration/vault-schema.changelog-init.xml::1511451595465-53::R3.Corda ran successfully in 0ms
?[m?[37m[INFO] 10:33:53,733 [Test worker] liquibase.info - master.changelog.json: migration/vault-schema.changelog-init.xml::1511451595465-55::R3.Corda: Index lock_id_idx created
?[m?[37m[INFO] 10:33:53,733 [Test worker] liquibase.info - master.changelog.json: migration/vault-schema.changelog-init.xml::1511451595465-55::R3.Corda: ChangeSet migration/vault-schema.changelog-init.xml::1511451595465-55::R3.Corda ran successfully in 0ms
?[m?[37m[INFO] 10:33:53,734 [Test worker] liquibase.info - master.changelog.json: migration/vault-schema.changelog-init.xml::1511451595465-58::R3.Corda: Index state_status_idx created
?[m?[37m[INFO] 10:33:53,735 [Test worker] liquibase.info - master.changelog.json: migration/vault-schema.changelog-init.xml::1511451595465-58::R3.Corda: ChangeSet migration/vault-schema.changelog-init.xml::1511451595465-58::R3.Corda ran successfully in 0ms
?[m?[37m[INFO] 10:33:53,736 [Test worker] liquibase.info - master.changelog.json: migration/vault-schema.changelog-init.xml::1511451595465-59::R3.Corda: Index transaction_id_index created
?[m?[37m[INFO] 10:33:53,736 [Test worker] liquibase.info - master.changelog.json: migration/vault-schema.changelog-init.xml::1511451595465-59::R3.Corda: ChangeSet migration/vault-schema.changelog-init.xml::1511451595465-59::R3.Corda ran successfully in 1ms
?[m?[37m[INFO] 10:33:53,737 [Test worker] liquibase.info - master.changelog.json: migration/vault-schema.changelog-init.xml::1511451595465-60::R3.Corda: Index uuid_index created
?[m?[37m[INFO] 10:33:53,737 [Test worker] liquibase.info - master.changelog.json: migration/vault-schema.changelog-init.xml::1511451595465-60::R3.Corda: ChangeSet migration/vault-schema.changelog-init.xml::1511451595465-60::R3.Corda ran successfully in 0ms
?[m?[37m[INFO] 10:33:53,739 [Test worker] liquibase.info - master.changelog.json: migration/vault-schema.changelog-init.xml::1511451595465-64::R3.Corda: Foreign key constraint added to vault_fungible_states_parts (output_index,transaction_id)
?[m?[37m[INFO] 10:33:53,739 [Test worker] liquibase.info - master.changelog.json: migration/vault-schema.changelog-init.xml::1511451595465-64::R3.Corda: ChangeSet migration/vault-schema.changelog-init.xml::1511451595465-64::R3.Corda ran successfully in 1ms
?[m?[37m[INFO] 10:33:53,741 [Test worker] liquibase.info - master.changelog.json: migration/vault-schema.changelog-init.xml::1511451595465-65::R3.Corda: Foreign key constraint added to vault_linear_states_parts (output_index,transaction_id)
?[m?[37m[INFO] 10:33:53,741 [Test worker] liquibase.info - master.changelog.json: migration/vault-schema.changelog-init.xml::1511451595465-65::R3.Corda: ChangeSet migration/vault-schema.changelog-init.xml::1511451595465-65::R3.Corda ran successfully in 1ms
?[m?[37m[INFO] 10:33:53,742 [Test worker] liquibase.info - master.changelog.json: migration/vault-schema.changelog-v3.xml::clean_vault::R3.Corda: Data deleted from vault_fungible_states_parts
?[m?[37m[INFO] 10:33:53,742 [Test worker] liquibase.info - master.changelog.json: migration/vault-schema.changelog-v3.xml::clean_vault::R3.Corda: Data deleted from vault_fungible_states
?[m?[37m[INFO] 10:33:53,742 [Test worker] liquibase.info - master.changelog.json: migration/vault-schema.changelog-v3.xml::clean_vault::R3.Corda: Data deleted from vault_linear_states_parts
?[m?[37m[INFO] 10:33:53,742 [Test worker] liquibase.info - master.changelog.json: migration/vault-schema.changelog-v3.xml::clean_vault::R3.Corda: Data deleted from vault_linear_states
?[m?[37m[INFO] 10:33:53,743 [Test worker] liquibase.info - master.changelog.json: migration/vault-schema.changelog-v3.xml::clean_vault::R3.Corda: Data deleted from vault_states
?[m?[37m[INFO] 10:33:53,743 [Test worker] liquibase.info - master.changelog.json: migration/vault-schema.changelog-v3.xml::clean_vault::R3.Corda: Data deleted from vault_transaction_notes
?[m?[37m[INFO] 10:33:53,743 [Test worker] liquibase.info - master.changelog.json: migration/vault-schema.changelog-v3.xml::clean_vault::R3.Corda: ChangeSet migration/vault-schema.changelog-v3.xml::clean_vault::R3.Corda ran successfully in 1ms
?[m?[37m[INFO] 10:33:53,744 [Test worker] liquibase.info - master.changelog.json: migration/vault-schema.changelog-v4.xml::nullability::R3.Corda: Null constraint has been added to vault_fungible_states.quantity
?[m?[37m[INFO] 10:33:53,744 [Test worker] liquibase.info - master.changelog.json: migration/vault-schema.changelog-v4.xml::nullability::R3.Corda: Null constraint has been added to vault_states.contract_state_class_name
?[m?[37m[INFO] 10:33:53,745 [Test worker] liquibase.info - master.changelog.json: migration/vault-schema.changelog-v4.xml::nullability::R3.Corda: Null constraint has been added to vault_states.notary_name
?[m?[37m[INFO] 10:33:53,745 [Test worker] liquibase.info - master.changelog.json: migration/vault-schema.changelog-v4.xml::nullability::R3.Corda: Null constraint has been added to vault_states.recorded_timestamp
?[m?[37m[INFO] 10:33:53,745 [Test worker] liquibase.info - master.changelog.json: migration/vault-schema.changelog-v4.xml::nullability::R3.Corda: Index state_status_idx dropped from table vault_states
?[m?[37m[INFO] 10:33:53,745 [Test worker] liquibase.info - master.changelog.json: migration/vault-schema.changelog-v4.xml::nullability::R3.Corda: Index lock_id_idx dropped from table vault_states
?[m?[37m[INFO] 10:33:53,746 [Test worker] liquibase.info - master.changelog.json: migration/vault-schema.changelog-v4.xml::nullability::R3.Corda: Null constraint has been added to vault_states.state_status
?[m?[37m[INFO] 10:33:53,746 [Test worker] liquibase.info - master.changelog.json: migration/vault-schema.changelog-v4.xml::nullability::R3.Corda: Index state_status_idx created
?[m?[37m[INFO] 10:33:53,746 [Test worker] liquibase.info - master.changelog.json: migration/vault-schema.changelog-v4.xml::nullability::R3.Corda: Index lock_id_idx created
?[m?[37m[INFO] 10:33:53,746 [Test worker] liquibase.info - master.changelog.json: migration/vault-schema.changelog-v4.xml::nullability::R3.Corda: Index transaction_id_index dropped from table vault_transaction_notes
?[m?[37m[INFO] 10:33:53,747 [Test worker] liquibase.info - master.changelog.json: migration/vault-schema.changelog-v4.xml::nullability::R3.Corda: Null constraint has been added to vault_transaction_notes.note
?[m?[37m[INFO] 10:33:53,747 [Test worker] liquibase.info - master.changelog.json: migration/vault-schema.changelog-v4.xml::nullability::R3.Corda: Null constraint has been added to vault_transaction_notes.transaction_id
?[m?[37m[INFO] 10:33:53,747 [Test worker] liquibase.info - master.changelog.json: migration/vault-schema.changelog-v4.xml::nullability::R3.Corda: Index transaction_id_index created
?[m?[37m[INFO] 10:33:53,748 [Test worker] liquibase.info - master.changelog.json: migration/vault-schema.changelog-v4.xml::nullability::R3.Corda: ChangeSet migration/vault-schema.changelog-v4.xml::nullability::R3.Corda ran successfully in 3ms
?[m?[37m[INFO] 10:33:53,754 [Test worker] liquibase.info - master.changelog.json: migration/vault-schema.changelog-v5.xml::add_relevancy_status_column::R3.Corda: Columns relevancy_status(INT) added to vault_states
?[m?[37m[INFO] 10:33:53,755 [Test worker] liquibase.info - master.changelog.json: migration/vault-schema.changelog-v5.xml::add_relevancy_status_column::R3.Corda: Data updated in vault_states
?[m?[37m[INFO] 10:33:53,755 [Test worker] liquibase.info - master.changelog.json: migration/vault-schema.changelog-v5.xml::add_relevancy_status_column::R3.Corda: Null constraint has been added to vault_states.relevancy_status
?[m?[37m[INFO] 10:33:53,755 [Test worker] liquibase.info - master.changelog.json: migration/vault-schema.changelog-v5.xml::add_relevancy_status_column::R3.Corda: ChangeSet migration/vault-schema.changelog-v5.xml::add_relevancy_status_column::R3.Corda ran successfully in 3ms
?[m?[37m[INFO] 10:33:53,758 [Test worker] liquibase.info - master.changelog.json: migration/vault-schema.changelog-v6.xml::add_is_constraint_information_columns::R3.Corda: Columns constraint_type(INT) added to vault_states
?[m?[37m[INFO] 10:33:53,760 [Test worker] liquibase.info - master.changelog.json: migration/vault-schema.changelog-v6.xml::add_is_constraint_information_columns::R3.Corda: Columns constraint_data(varbinary(563)) added to vault_states
?[m?[37m[INFO] 10:33:53,760 [Test worker] liquibase.info - master.changelog.json: migration/vault-schema.changelog-v6.xml::add_is_constraint_information_columns::R3.Corda: ChangeSet migration/vault-schema.changelog-v6.xml::add_is_constraint_information_columns::R3.Corda ran successfully in 3ms
?[m?[37m[INFO] 10:33:53,761 [Test worker] liquibase.info - master.changelog.json: migration/vault-schema.changelog-v7.xml::make_issuer_ref_nullable::R3.Corda: Null constraint dropped from vault_fungible_states.issuer_ref
?[m?[37m[INFO] 10:33:53,761 [Test worker] liquibase.info - master.changelog.json: migration/vault-schema.changelog-v7.xml::make_issuer_ref_nullable::R3.Corda: ChangeSet migration/vault-schema.changelog-v7.xml::make_issuer_ref_nullable::R3.Corda ran successfully in 0ms
?[m?[37m[INFO] 10:33:53,763 [Test worker] liquibase.info - master.changelog.json: migration/vault-schema.changelog-v8.xml::create-external-id-to-state-party-view::R3.Corda: Table state_party created
?[m?[37m[INFO] 10:33:53,763 [Test worker] liquibase.info - master.changelog.json: migration/vault-schema.changelog-v8.xml::create-external-id-to-state-party-view::R3.Corda: Index state_pk_hash_idx created
?[m?[37m[INFO] 10:33:53,764 [Test worker] liquibase.info - master.changelog.json: migration/vault-schema.changelog-v8.xml::create-external-id-to-state-party-view::R3.Corda: Table pk_hash_to_ext_id_map created
?[m?[37m[INFO] 10:33:53,764 [Test worker] liquibase.info - master.changelog.json: migration/vault-schema.changelog-v8.xml::create-external-id-to-state-party-view::R3.Corda: Index pk_hash_to_xid_idx created
?[m?[37m[INFO] 10:33:53,765 [Test worker] liquibase.info - master.changelog.json: migration/vault-schema.changelog-v8.xml::create-external-id-to-state-party-view::R3.Corda: View v_pkey_hash_ex_id_map created
?[m?[37m[INFO] 10:33:53,765 [Test worker] liquibase.info - master.changelog.json: migration/vault-schema.changelog-v8.xml::create-external-id-to-state-party-view::R3.Corda: ChangeSet migration/vault-schema.changelog-v8.xml::create-external-id-to-state-party-view::R3.Corda ran successfully in 3ms
?[m?[37m[INFO] 10:33:53,767 [Test worker] liquibase.info - master.changelog.json: migration/node-info.changelog-init.xml::1511451595465-4::R3.Corda: Table node_link_nodeinfo_party created
?[m?[37m[INFO] 10:33:53,767 [Test worker] liquibase.info - master.changelog.json: migration/node-info.changelog-init.xml::1511451595465-4::R3.Corda: ChangeSet migration/node-info.changelog-init.xml::1511451595465-4::R3.Corda ran successfully in 0ms
?[m?[37m[INFO] 10:33:53,769 [Test worker] liquibase.info - master.changelog.json: migration/node-info.changelog-init.xml::1511451595465-10::R3.Corda: Table node_info_hosts created
?[m?[37m[INFO] 10:33:53,770 [Test worker] liquibase.info - master.changelog.json: migration/node-info.changelog-init.xml::1511451595465-10::R3.Corda: ChangeSet migration/node-info.changelog-init.xml::1511451595465-10::R3.Corda ran successfully in 0ms
?[m?[37m[INFO] 10:33:53,771 [Test worker] liquibase.info - master.changelog.json: migration/node-info.changelog-init.xml::1511451595465-11::R3.Corda: Table node_info_party_cert created
?[m?[37m[INFO] 10:33:53,771 [Test worker] liquibase.info - master.changelog.json: migration/node-info.changelog-init.xml::1511451595465-11::R3.Corda: ChangeSet migration/node-info.changelog-init.xml::1511451595465-11::R3.Corda ran successfully in 0ms
?[m?[37m[INFO] 10:33:53,773 [Test worker] liquibase.info - master.changelog.json: migration/node-info.changelog-init.xml::1511451595465-12::R3.Corda: Table node_infos created
?[m?[37m[INFO] 10:33:53,773 [Test worker] liquibase.info - master.changelog.json: migration/node-info.changelog-init.xml::1511451595465-12::R3.Corda: ChangeSet migration/node-info.changelog-init.xml::1511451595465-12::R3.Corda ran successfully in 1ms
?[m?[37m[INFO] 10:33:53,774 [Test worker] liquibase.info - master.changelog.json: migration/node-info.changelog-init.xml::1511451595465-35::R3.Corda: Primary key added to node_info_hosts (host, port)
?[m?[37m[INFO] 10:33:53,774 [Test worker] liquibase.info - master.changelog.json: migration/node-info.changelog-init.xml::1511451595465-35::R3.Corda: ChangeSet migration/node-info.changelog-init.xml::1511451595465-35::R3.Corda ran successfully in 0ms
?[m?[37m[INFO] 10:33:53,776 [Test worker] liquibase.info - master.changelog.json: migration/node-info.changelog-init.xml::1511451595465-36::R3.Corda: Primary key added to node_info_party_cert (party_name)
?[m?[37m[INFO] 10:33:53,776 [Test worker] liquibase.info - master.changelog.json: migration/node-info.changelog-init.xml::1511451595465-36::R3.Corda: ChangeSet migration/node-info.changelog-init.xml::1511451595465-36::R3.Corda ran successfully in 0ms
?[m?[37m[INFO] 10:33:53,778 [Test worker] liquibase.info - master.changelog.json: migration/node-info.changelog-init.xml::1511451595465-37::R3.Corda: Primary key added to node_infos (node_info_id)
?[m?[37m[INFO] 10:33:53,778 [Test worker] liquibase.info - master.changelog.json: migration/node-info.changelog-init.xml::1511451595465-37::R3.Corda: ChangeSet migration/node-info.changelog-init.xml::1511451595465-37::R3.Corda ran successfully in 1ms
?[m?[37m[INFO] 10:33:53,780 [Test worker] liquibase.info - master.changelog.json: migration/node-info.changelog-init.xml::1511451595465-62::R3.Corda: Foreign key constraint added to node_link_nodeinfo_party (node_info_id)
?[m?[37m[INFO] 10:33:53,780 [Test worker] liquibase.info - master.changelog.json: migration/node-info.changelog-init.xml::1511451595465-62::R3.Corda: ChangeSet migration/node-info.changelog-init.xml::1511451595465-62::R3.Corda ran successfully in 1ms
?[m?[37m[INFO] 10:33:53,782 [Test worker] liquibase.info - master.changelog.json: migration/node-info.changelog-init.xml::1511451595465-63::R3.Corda: Foreign key constraint added to node_info_hosts (node_info_id)
?[m?[37m[INFO] 10:33:53,782 [Test worker] liquibase.info - master.changelog.json: migration/node-info.changelog-init.xml::1511451595465-63::R3.Corda: ChangeSet migration/node-info.changelog-init.xml::1511451595465-63::R3.Corda ran successfully in 1ms
?[m?[37m[INFO] 10:33:53,783 [Test worker] liquibase.info - master.changelog.json: migration/node-info.changelog-init.xml::remove_host_port_pk::R3.Corda: Data deleted from node_infos
?[m?[37m[INFO] 10:33:53,783 [Test worker] liquibase.info - master.changelog.json: migration/node-info.changelog-init.xml::remove_host_port_pk::R3.Corda: Data deleted from node_link_nodeinfo_party
?[m?[37m[INFO] 10:33:53,783 [Test worker] liquibase.info - master.changelog.json: migration/node-info.changelog-init.xml::remove_host_port_pk::R3.Corda: Data deleted from node_info_hosts
?[m?[37m[INFO] 10:33:53,783 [Test worker] liquibase.info - master.changelog.json: migration/node-info.changelog-init.xml::remove_host_port_pk::R3.Corda: Data deleted from node_info_party_cert
?[m?[37m[INFO] 10:33:53,784 [Test worker] liquibase.info - master.changelog.json: migration/node-info.changelog-init.xml::remove_host_port_pk::R3.Corda: Primary key dropped from node_info_hosts
?[m?[37m[INFO] 10:33:53,785 [Test worker] liquibase.info - master.changelog.json: migration/node-info.changelog-init.xml::remove_host_port_pk::R3.Corda: Columns hosts_id(INT) added to node_info_hosts
?[m?[37m[INFO] 10:33:53,785 [Test worker] liquibase.info - master.changelog.json: migration/node-info.changelog-init.xml::remove_host_port_pk::R3.Corda: Primary key added to node_info_hosts (hosts_id)
?[m?[37m[INFO] 10:33:53,785 [Test worker] liquibase.info - master.changelog.json: migration/node-info.changelog-init.xml::remove_host_port_pk::R3.Corda: ChangeSet migration/node-info.changelog-init.xml::remove_host_port_pk::R3.Corda ran successfully in 2ms
?[m?[37m[INFO] 10:33:53,787 [Test worker] liquibase.info - master.changelog.json: migration/node-info.changelog-v1.xml::key/value node properties table::R3.Corda: Table node_properties created
?[m?[37m[INFO] 10:33:53,787 [Test worker] liquibase.info - master.changelog.json: migration/node-info.changelog-v1.xml::key/value node properties table::R3.Corda: ChangeSet migration/node-info.changelog-v1.xml::key/value node properties table::R3.Corda ran successfully in 1ms
?[m?[37m[INFO] 10:33:53,788 [Test worker] liquibase.info - master.changelog.json: migration/node-info.changelog-v2.xml::1525962920::R3.Corda: Null constraint has been added to node_infos.node_info_hash
?[m?[37m[INFO] 10:33:53,788 [Test worker] liquibase.info - master.changelog.json: migration/node-info.changelog-v2.xml::1525962920::R3.Corda: Null constraint has been added to node_infos.platform_version
?[m?[37m[INFO] 10:33:53,789 [Test worker] liquibase.info - master.changelog.json: migration/node-info.changelog-v2.xml::1525962920::R3.Corda: Null constraint has been added to node_infos.serial
?[m?[37m[INFO] 10:33:53,789 [Test worker] liquibase.info - master.changelog.json: migration/node-info.changelog-v2.xml::1525962920::R3.Corda: Null constraint dropped from node_info_hosts.host
?[m?[37m[INFO] 10:33:53,789 [Test worker] liquibase.info - master.changelog.json: migration/node-info.changelog-v2.xml::1525962920::R3.Corda: Null constraint dropped from node_info_hosts.port
?[m?[37m[INFO] 10:33:53,789 [Test worker] liquibase.info - master.changelog.json: migration/node-info.changelog-v2.xml::1525962920::R3.Corda: Null constraint has been added to node_info_party_cert.owning_key_hash
?[m?[37m[INFO] 10:33:53,789 [Test worker] liquibase.info - master.changelog.json: migration/node-info.changelog-v2.xml::1525962920::R3.Corda: Null constraint has been added to node_info_party_cert.party_cert_binary
?[m?[37m[INFO] 10:33:53,790 [Test worker] liquibase.info - master.changelog.json: migration/node-info.changelog-v2.xml::1525962920::R3.Corda: ChangeSet migration/node-info.changelog-v2.xml::1525962920::R3.Corda ran successfully in 1ms
?[m?[37m[INFO] 10:33:53,791 [Test worker] liquibase.info - master.changelog.json: migration/node-info.changelog-v3.xml::column_host_name::R3.Corda: Column node_info_hosts.host renamed to host_name
?[m?[37m[INFO] 10:33:53,791 [Test worker] liquibase.info - master.changelog.json: migration/node-info.changelog-v3.xml::column_host_name::R3.Corda: ChangeSet migration/node-info.changelog-v3.xml::column_host_name::R3.Corda ran successfully in 1ms
?[m?[37m[INFO] 10:33:53,793 [Test worker] liquibase.info - master.changelog.json: migration/node-services.changelog-init.xml::1511451595465-5::R3.Corda: Table node_attachments created
?[m?[37m[INFO] 10:33:53,793 [Test worker] liquibase.info - master.changelog.json: migration/node-services.changelog-init.xml::1511451595465-5::R3.Corda: ChangeSet migration/node-services.changelog-init.xml::1511451595465-5::R3.Corda ran successfully in 1ms
?[m?[37m[INFO] 10:33:53,795 [Test worker] liquibase.info - master.changelog.json: migration/node-services.changelog-init.xml::1511451595465-7::R3.Corda: Table node_checkpoints created
?[m?[37m[INFO] 10:33:53,795 [Test worker] liquibase.info - master.changelog.json: migration/node-services.changelog-init.xml::1511451595465-7::R3.Corda: ChangeSet migration/node-services.changelog-init.xml::1511451595465-7::R3.Corda ran successfully in 1ms
?[m?[37m[INFO] 10:33:53,796 [Test worker] liquibase.info - master.changelog.json: migration/node-services.changelog-init.xml::1511451595465-8::R3.Corda: Table node_contract_upgrades created
?[m?[37m[INFO] 10:33:53,797 [Test worker] liquibase.info - master.changelog.json: migration/node-services.changelog-init.xml::1511451595465-8::R3.Corda: ChangeSet migration/node-services.changelog-init.xml::1511451595465-8::R3.Corda ran successfully in 0ms
?[m?[37m[INFO] 10:33:53,798 [Test worker] liquibase.info - master.changelog.json: migration/node-services.changelog-init.xml::1511451595465-9::R3.Corda: Table node_identities created
?[m?[37m[INFO] 10:33:53,799 [Test worker] liquibase.info - master.changelog.json: migration/node-services.changelog-init.xml::1511451595465-9::R3.Corda: ChangeSet migration/node-services.changelog-init.xml::1511451595465-9::R3.Corda ran successfully in 0ms
?[m?[37m[INFO] 10:33:53,800 [Test worker] liquibase.info - master.changelog.json: migration/node-services.changelog-init.xml::1511451595465-13::R3.Corda: Table node_message_ids created
?[m?[37m[INFO] 10:33:53,800 [Test worker] liquibase.info - master.changelog.json: migration/node-services.changelog-init.xml::1511451595465-13::R3.Corda: ChangeSet migration/node-services.changelog-init.xml::1511451595465-13::R3.Corda ran successfully in 0ms
?[m?[37m[INFO] 10:33:53,802 [Test worker] liquibase.info - master.changelog.json: migration/node-services.changelog-init.xml::1511451595465-14::R3.Corda: Table node_message_retry created
?[m?[37m[INFO] 10:33:53,802 [Test worker] liquibase.info - master.changelog.json: migration/node-services.changelog-init.xml::1511451595465-14::R3.Corda: ChangeSet migration/node-services.changelog-init.xml::1511451595465-14::R3.Corda ran successfully in 1ms
?[m?[37m[INFO] 10:33:53,804 [Test worker] liquibase.info - master.changelog.json: migration/node-services.changelog-init.xml::1511451595465-15::R3.Corda: Table node_named_identities created
?[m?[37m[INFO] 10:33:53,804 [Test worker] liquibase.info - master.changelog.json: migration/node-services.changelog-init.xml::1511451595465-15::R3.Corda: ChangeSet migration/node-services.changelog-init.xml::1511451595465-15::R3.Corda ran successfully in 1ms
?[m?[37m[INFO] 10:33:53,805 [Test worker] liquibase.info - master.changelog.json: migration/node-services.changelog-init.xml::1511451595465-17::R3.Corda: Table node_our_key_pairs created
?[m?[37m[INFO] 10:33:53,806 [Test worker] liquibase.info - master.changelog.json: migration/node-services.changelog-init.xml::1511451595465-17::R3.Corda: ChangeSet migration/node-services.changelog-init.xml::1511451595465-17::R3.Corda ran successfully in 0ms
?[m?[37m[INFO] 10:33:53,807 [Test worker] liquibase.info - master.changelog.json: migration/node-services.changelog-init.xml::1511451595465-19::R3.Corda: Table node_scheduled_states created
?[m?[37m[INFO] 10:33:53,807 [Test worker] liquibase.info - master.changelog.json: migration/node-services.changelog-init.xml::1511451595465-19::R3.Corda: ChangeSet migration/node-services.changelog-init.xml::1511451595465-19::R3.Corda ran successfully in 0ms
?[m?[37m[INFO] 10:33:53,809 [Test worker] liquibase.info - master.changelog.json: migration/node-services.changelog-init.xml::1511451595465-20::R3.Corda: Table node_transaction_mappings created
?[m?[37m[INFO] 10:33:53,809 [Test worker] liquibase.info - master.changelog.json: migration/node-services.changelog-init.xml::1511451595465-20::R3.Corda: ChangeSet migration/node-services.changelog-init.xml::1511451595465-20::R3.Corda ran successfully in 1ms
?[m?[37m[INFO] 10:33:53,811 [Test worker] liquibase.info - master.changelog.json: migration/node-services.changelog-init.xml::1511451595465-21::R3.Corda: Table node_transactions created
?[m?[37m[INFO] 10:33:53,811 [Test worker] liquibase.info - master.changelog.json: migration/node-services.changelog-init.xml::1511451595465-21::R3.Corda: ChangeSet migration/node-services.changelog-init.xml::1511451595465-21::R3.Corda ran successfully in 1ms
?[m?[37m[INFO] 10:33:53,812 [Test worker] liquibase.info - master.changelog.json: migration/node-services.changelog-init.xml::1511451595465-30::R3.Corda: Primary key added to node_attachments (att_id)
?[m?[37m[INFO] 10:33:53,813 [Test worker] liquibase.info - master.changelog.json: migration/node-services.changelog-init.xml::1511451595465-30::R3.Corda: ChangeSet migration/node-services.changelog-init.xml::1511451595465-30::R3.Corda ran successfully in 0ms
?[m?[37m[INFO] 10:33:53,814 [Test worker] liquibase.info - master.changelog.json: migration/node-services.changelog-init.xml::1511451595465-32::R3.Corda: Primary key added to node_checkpoints (checkpoint_id)
?[m?[37m[INFO] 10:33:53,814 [Test worker] liquibase.info - master.changelog.json: migration/node-services.changelog-init.xml::1511451595465-32::R3.Corda: ChangeSet migration/node-services.changelog-init.xml::1511451595465-32::R3.Corda ran successfully in 0ms
?[m?[37m[INFO] 10:33:53,816 [Test worker] liquibase.info - master.changelog.json: migration/node-services.changelog-init.xml::1511451595465-33::R3.Corda: Primary key added to node_contract_upgrades (state_ref)
?[m?[37m[INFO] 10:33:53,816 [Test worker] liquibase.info - master.changelog.json: migration/node-services.changelog-init.xml::1511451595465-33::R3.Corda: ChangeSet migration/node-services.changelog-init.xml::1511451595465-33::R3.Corda ran successfully in 1ms
?[m?[37m[INFO] 10:33:53,818 [Test worker] liquibase.info - master.changelog.json: migration/node-services.changelog-init.xml::1511451595465-34::R3.Corda: Primary key added to node_identities (pk_hash)
?[m?[37m[INFO] 10:33:53,818 [Test worker] liquibase.info - master.changelog.json: migration/node-services.changelog-init.xml::1511451595465-34::R3.Corda: ChangeSet migration/node-services.changelog-init.xml::1511451595465-34::R3.Corda ran successfully in 1ms
?[m?[37m[INFO] 10:33:53,820 [Test worker] liquibase.info - master.changelog.json: migration/node-services.changelog-init.xml::1511451595465-38::R3.Corda: Primary key added to node_message_ids (message_id)
?[m?[37m[INFO] 10:33:53,820 [Test worker] liquibase.info - master.changelog.json: migration/node-services.changelog-init.xml::1511451595465-38::R3.Corda: ChangeSet migration/node-services.changelog-init.xml::1511451595465-38::R3.Corda ran successfully in 1ms
?[m?[37m[INFO] 10:33:53,822 [Test worker] liquibase.info - master.changelog.json: migration/node-services.changelog-init.xml::1511451595465-39::R3.Corda: Primary key added to node_message_retry (message_id)
?[m?[37m[INFO] 10:33:53,822 [Test worker] liquibase.info - master.changelog.json: migration/node-services.changelog-init.xml::1511451595465-39::R3.Corda: ChangeSet migration/node-services.changelog-init.xml::1511451595465-39::R3.Corda ran successfully in 1ms
?[m?[37m[INFO] 10:33:53,824 [Test worker] liquibase.info - master.changelog.json: migration/node-services.changelog-init.xml::1511451595465-40::R3.Corda: Primary key added to node_named_identities (name)
?[m?[37m[INFO] 10:33:53,824 [Test worker] liquibase.info - master.changelog.json: migration/node-services.changelog-init.xml::1511451595465-40::R3.Corda: ChangeSet migration/node-services.changelog-init.xml::1511451595465-40::R3.Corda ran successfully in 0ms
?[m?[37m[INFO] 10:33:53,826 [Test worker] liquibase.info - master.changelog.json: migration/node-services.changelog-init.xml::1511451595465-42::R3.Corda: Primary key added to node_our_key_pairs (public_key_hash)
?[m?[37m[INFO] 10:33:53,826 [Test worker] liquibase.info - master.changelog.json: migration/node-services.changelog-init.xml::1511451595465-42::R3.Corda: ChangeSet migration/node-services.changelog-init.xml::1511451595465-42::R3.Corda ran successfully in 1ms
?[m?[37m[INFO] 10:33:53,828 [Test worker] liquibase.info - master.changelog.json: migration/node-services.changelog-init.xml::1511451595465-44::R3.Corda: Primary key added to node_scheduled_states (output_index, transaction_id)
?[m?[37m[INFO] 10:33:53,828 [Test worker] liquibase.info - master.changelog.json: migration/node-services.changelog-init.xml::1511451595465-44::R3.Corda: ChangeSet migration/node-services.changelog-init.xml::1511451595465-44::R3.Corda ran successfully in 1ms
?[m?[37m[INFO] 10:33:53,829 [Test worker] liquibase.info - master.changelog.json: migration/node-services.changelog-init.xml::1511451595465-45::R3.Corda: Primary key added to node_transaction_mappings (tx_id)
?[m?[37m[INFO] 10:33:53,830 [Test worker] liquibase.info - master.changelog.json: migration/node-services.changelog-init.xml::1511451595465-45::R3.Corda: ChangeSet migration/node-services.changelog-init.xml::1511451595465-45::R3.Corda ran successfully in 0ms
?[m?[37m[INFO] 10:33:53,832 [Test worker] liquibase.info - master.changelog.json: migration/node-services.changelog-init.xml::1511451595465-46::R3.Corda: Primary key added to node_transactions (tx_id)
?[m?[37m[INFO] 10:33:53,832 [Test worker] liquibase.info - master.changelog.json: migration/node-services.changelog-init.xml::1511451595465-46::R3.Corda: ChangeSet migration/node-services.changelog-init.xml::1511451595465-46::R3.Corda ran successfully in 1ms
?[m?[37m[INFO] 10:33:53,835 [Test worker] liquibase.info - master.changelog.json: migration/node-services.changelog-init.xml::1511451595465-61::R3.Corda: Foreign key constraint added to node_link_nodeinfo_party (party_name)
?[m?[37m[INFO] 10:33:53,835 [Test worker] liquibase.info - master.changelog.json: migration/node-services.changelog-init.xml::1511451595465-61::R3.Corda: ChangeSet migration/node-services.changelog-init.xml::1511451595465-61::R3.Corda ran successfully in 2ms
?[m?[37m[INFO] 10:33:53,837 [Test worker] liquibase.info - master.changelog.json: migration/node-services.changelog-init.xml::add index att_id::R3.Corda: Index att_id_idx created
?[m?[37m[INFO] 10:33:53,837 [Test worker] liquibase.info - master.changelog.json: migration/node-services.changelog-init.xml::add index att_id::R3.Corda: ChangeSet migration/node-services.changelog-init.xml::add index att_id::R3.Corda ran successfully in 1ms
?[m?[37m[INFO] 10:33:53,839 [Test worker] liquibase.info - master.changelog.json: migration/node-services.changelog-init.xml::add_contract_attachment::R3.Corda: Table node_attchments_contracts created
?[m?[37m[INFO] 10:33:53,840 [Test worker] liquibase.info - master.changelog.json: migration/node-services.changelog-init.xml::add_contract_attachment::R3.Corda: Foreign key constraint added to node_attchments_contracts (att_id)
?[m?[37m[INFO] 10:33:53,843 [Test worker] liquibase.info - master.changelog.json: migration/node-services.changelog-init.xml::add_contract_attachment::R3.Corda: Data deleted from node_attachments
?[m?[37m[INFO] 10:33:53,843 [Test worker] liquibase.info - master.changelog.json: migration/node-services.changelog-init.xml::add_contract_attachment::R3.Corda: ChangeSet migration/node-services.changelog-init.xml::add_contract_attachment::R3.Corda ran successfully in 5ms
?[m?[37m[INFO] 10:33:53,849 [Test worker] liquibase.info - master.changelog.json: migration/node-services.changelog-init.xml::add_dedup_columns::R3.Corda: Columns sender(NVARCHAR(64)),sequence_number(BIGINT) added to node_message_ids
?[m?[37m[INFO] 10:33:53,849 [Test worker] liquibase.info - master.changelog.json: migration/node-services.changelog-init.xml::add_dedup_columns::R3.Corda: ChangeSet migration/node-services.changelog-init.xml::add_dedup_columns::R3.Corda ran successfully in 5ms
?[m?[37m[INFO] 10:33:53,851 [Test worker] liquibase.info - master.changelog.json: migration/node-core.changelog-v4.xml::attchments_rename::R3.Corda: Table node_attchments_contracts renamed to node_attachments_contracts
?[m?[37m[INFO] 10:33:53,851 [Test worker] liquibase.info - master.changelog.json: migration/node-core.changelog-v4.xml::attchments_rename::R3.Corda: ChangeSet migration/node-core.changelog-v4.xml::attchments_rename::R3.Corda ran successfully in 1ms
?[m?[37m[INFO] 10:33:53,853 [Test worker] liquibase.info - master.changelog.json: migration/node-core.changelog-v4.xml::nullability::R3.Corda: Null constraint has been added to node_identities.identity_value
?[m?[37m[INFO] 10:33:53,853 [Test worker] liquibase.info - master.changelog.json: migration/node-core.changelog-v4.xml::nullability::R3.Corda: Null constraint has been added to node_attachments.content
?[m?[37m[INFO] 10:33:53,853 [Test worker] liquibase.info - master.changelog.json: migration/node-core.changelog-v4.xml::nullability::R3.Corda: Null constraint has been added to node_attachments_contracts.contract_class_name
?[m?[37m[INFO] 10:33:53,854 [Test worker] liquibase.info - master.changelog.json: migration/node-core.changelog-v4.xml::nullability::R3.Corda: Null constraint has been added to node_checkpoints.checkpoint_value
?[m?[37m[INFO] 10:33:53,854 [Test worker] liquibase.info - master.changelog.json: migration/node-core.changelog-v4.xml::nullability::R3.Corda: Null constraint has been added to node_contract_upgrades.contract_class_name
?[m?[37m[INFO] 10:33:53,855 [Test worker] liquibase.info - master.changelog.json: migration/node-core.changelog-v4.xml::nullability::R3.Corda: Null constraint has been added to node_message_ids.insertion_time
?[m?[37m[INFO] 10:33:53,855 [Test worker] liquibase.info - master.changelog.json: migration/node-core.changelog-v4.xml::nullability::R3.Corda: Null constraint has been added to node_message_retry.message
?[m?[37m[INFO] 10:33:53,855 [Test worker] liquibase.info - master.changelog.json: migration/node-core.changelog-v4.xml::nullability::R3.Corda: Null constraint has been added to node_message_retry.recipients
?[m?[37m[INFO] 10:33:53,856 [Test worker] liquibase.info - master.changelog.json: migration/node-core.changelog-v4.xml::nullability::R3.Corda: Null constraint has been added to node_named_identities.pk_hash
?[m?[37m[INFO] 10:33:53,856 [Test worker] liquibase.info - master.changelog.json: migration/node-core.changelog-v4.xml::nullability::R3.Corda: Null constraint has been added to node_our_key_pairs.private_key
?[m?[37m[INFO] 10:33:53,857 [Test worker] liquibase.info - master.changelog.json: migration/node-core.changelog-v4.xml::nullability::R3.Corda: Null constraint has been added to node_our_key_pairs.public_key
?[m?[37m[INFO] 10:33:53,858 [Test worker] liquibase.info - master.changelog.json: migration/node-core.changelog-v4.xml::nullability::R3.Corda: Null constraint has been added to node_transaction_mappings.state_machine_run_id
?[m?[37m[INFO] 10:33:53,858 [Test worker] liquibase.info - master.changelog.json: migration/node-core.changelog-v4.xml::nullability::R3.Corda: Null constraint has been added to node_transactions.transaction_value
?[m?[37m[INFO] 10:33:53,858 [Test worker] liquibase.info - master.changelog.json: migration/node-core.changelog-v4.xml::nullability::R3.Corda: ChangeSet migration/node-core.changelog-v4.xml::nullability::R3.Corda ran successfully in 6ms
?[m?[37m[INFO] 10:33:53,861 [Test worker] liquibase.info - master.changelog.json: migration/node-core.changelog-v5.xml::remove_unused_node_message_retry::R3.Corda: Table node_message_retry dropped
?[m?[37m[INFO] 10:33:53,861 [Test worker] liquibase.info - master.changelog.json: migration/node-core.changelog-v5.xml::remove_unused_node_message_retry::R3.Corda: ChangeSet migration/node-core.changelog-v5.xml::remove_unused_node_message_retry::R3.Corda ran successfully in 1ms
?[m?[37m[INFO] 10:33:53,878 [Test worker] liquibase.info - master.changelog.json: migration/node-core.changelog-v8.xml::conditional_attchments_rename::R3.Corda: Marking ChangeSet: migration/node-core.changelog-v8.xml::conditional_attchments_rename::R3.Corda ran despite precondition failure due to onFail='MARK_RAN': 
          master.changelog.json : Table PUBLIC.NODE_ATTCHMENTS_CONTRACTS does not exist

?[m?[37m[INFO] 10:33:53,886 [Test worker] liquibase.info - master.changelog.json: migration/node-core.changelog-v8.xml::conditional_attchments_contracts::R3.Corda: Marking ChangeSet: migration/node-core.changelog-v8.xml::conditional_attchments_contracts::R3.Corda ran despite precondition failure due to onFail='MARK_RAN': 
          master.changelog.json : Table PUBLIC.NODE_ATTACHMENTS_CONTRACT_CLASS_NAME does not exist

?[m?[37m[INFO] 10:33:53,888 [Test worker] liquibase.info - master.changelog.json: migration/node-core.changelog-v8.xml::add_signers::R3.Corda: Table node_attachments_signers created
?[m?[37m[INFO] 10:33:53,889 [Test worker] liquibase.info - master.changelog.json: migration/node-core.changelog-v8.xml::add_signers::R3.Corda: Foreign key constraint added to node_attachments_signers (att_id)
?[m?[37m[INFO] 10:33:53,889 [Test worker] liquibase.info - master.changelog.json: migration/node-core.changelog-v8.xml::add_signers::R3.Corda: ChangeSet migration/node-core.changelog-v8.xml::add_signers::R3.Corda ran successfully in 2ms
?[m?[37m[INFO] 10:33:53,892 [Test worker] liquibase.info - master.changelog.json: migration/node-core.changelog-tx-mapping.xml::add_tx_mapping_column::R3.Corda: Columns state_machine_run_id(NVARCHAR(36)) added to node_transactions
?[m?[37m[INFO] 10:33:53,893 [Test worker] liquibase.info - master.changelog.json: migration/node-core.changelog-tx-mapping.xml::add_tx_mapping_column::R3.Corda: Custom SQL executed
?[m?[37m[INFO] 10:33:53,893 [Test worker] liquibase.info - master.changelog.json: migration/node-core.changelog-tx-mapping.xml::add_tx_mapping_column::R3.Corda: Table node_transaction_mappings dropped
?[m?[37m[INFO] 10:33:53,894 [Test worker] liquibase.info - master.changelog.json: migration/node-core.changelog-tx-mapping.xml::add_tx_mapping_column::R3.Corda: ChangeSet migration/node-core.changelog-tx-mapping.xml::add_tx_mapping_column::R3.Corda ran successfully in 3ms
?[m?[37m[INFO] 10:33:53,896 [Test worker] liquibase.info - master.changelog.json: migration/node-services.changelog-init.xml::add_network_parameters_storage::R3.Corda: Table node_network_parameters created
?[m?[37m[INFO] 10:33:53,896 [Test worker] liquibase.info - master.changelog.json: migration/node-services.changelog-init.xml::add_network_parameters_storage::R3.Corda: ChangeSet migration/node-services.changelog-init.xml::add_network_parameters_storage::R3.Corda ran successfully in 1ms
?[m?[37m[INFO] 10:33:53,898 [Test worker] liquibase.info - master.changelog.json: migration/node-services.changelog-init.xml::network_parameters_pk::R3.Corda: Primary key added to node_network_parameters (hash)
?[m?[37m[INFO] 10:33:53,898 [Test worker] liquibase.info - master.changelog.json: migration/node-services.changelog-init.xml::network_parameters_pk::R3.Corda: ChangeSet migration/node-services.changelog-init.xml::network_parameters_pk::R3.Corda ran successfully in 1ms
?[m?[37m[INFO] 10:33:53,901 [Test worker] liquibase.info - master.changelog.json: migration/node-services.changelog-init.xml::add_version_column::R3.Corda: Columns version(INT) added to node_attachments
?[m?[37m[INFO] 10:33:53,902 [Test worker] liquibase.info - master.changelog.json: migration/node-services.changelog-init.xml::add_version_column::R3.Corda: Custom SQL executed
?[m?[37m[INFO] 10:33:53,902 [Test worker] liquibase.info - master.changelog.json: migration/node-services.changelog-init.xml::add_version_column::R3.Corda: Null constraint has been added to node_attachments.version
?[m?[37m[INFO] 10:33:53,902 [Test worker] liquibase.info - master.changelog.json: migration/node-services.changelog-init.xml::add_version_column::R3.Corda: ChangeSet migration/node-services.changelog-init.xml::add_version_column::R3.Corda ran successfully in 3ms
?[m?[37m[INFO] 10:33:53,904 [Test worker] persistence.AttachmentVersionNumberMigration.execute - Start executing...
?[m?[37m[INFO] 10:33:53,907 [Test worker] persistence.AttachmentVersionNumberMigration.execute - Attachment version creation from whitelisted JARs using network parameters from build/mock-network/20190619-093353.269/nodes/0/network-parameters, whitelistedContractImplementations: {}.
?[m?[37m[INFO] 10:33:53,907 [Test worker] persistence.AttachmentVersionNumberMigration.execute - Attachment version creation from whitelisted JARs skipped, no attachments not found.
?[m?[37m[INFO] 10:33:53,908 [Test worker] liquibase.info - master.changelog.json: migration/node-services.changelog-init.xml::update-version-of-whitelisted-jars::R3.Corda: null
?[m?[37m[INFO] 10:33:53,908 [Test worker] liquibase.info - master.changelog.json: migration/node-services.changelog-init.xml::update-version-of-whitelisted-jars::R3.Corda: ChangeSet migration/node-services.changelog-init.xml::update-version-of-whitelisted-jars::R3.Corda ran successfully in 4ms
?[m?[37m[INFO] 10:33:53,910 [Test worker] liquibase.info - master.changelog.json: migration/node-services.changelog-init.xml::add-new-persitence-table::R3.Corda: Table identities_no_cert created
?[m?[37m[INFO] 10:33:53,911 [Test worker] liquibase.info - master.changelog.json: migration/node-services.changelog-init.xml::add-new-persitence-table::R3.Corda: ChangeSet migration/node-services.changelog-init.xml::add-new-persitence-table::R3.Corda ran successfully in 1ms
?[m?[37m[INFO] 10:33:53,912 [Test worker] migration.PersistentIdentitiesMigration.execute - Migrating persistent identities with certificates table into persistent table with no certificate data.
?[m?[37m[INFO] 10:33:53,915 [Test worker] persistence.HibernateConfiguration.<init> - Init HibernateConfiguration for schemas: [PersistentIdentitiesMigrationSchemaV1(name=net.corda.node.migration.PersistentIdentitiesMigrationSchema, version=1)]
?[m?[37m[INFO] 10:33:53,915 [Test worker] persistence.HibernateConfiguration.makeSessionFactoryForSchemas - Creating session factory for schemas: [PersistentIdentitiesMigrationSchemaV1(name=net.corda.node.migration.PersistentIdentitiesMigrationSchema, version=1)]
?[m?[37m[INFO] 10:33:53,923 [Test worker] internal.ConnectionProviderInitiator.initiateService - HHH000130: Instantiating explicit connection provider: net.corda.nodeapi.internal.persistence.HibernateConfiguration$NodeDatabaseConnectionProvider
?[m?[37m[INFO] 10:33:53,924 [Test worker] dialect.Dialect.<init> - HHH000400: Using dialect: org.hibernate.dialect.H2Dialect
?[m?[37m[INFO] 10:33:53,927 [Test worker] type.BasicTypeRegistry.register - HHH000270: Type registration [materialized_blob] overrides previous : org.hibernate.type.MaterializedBlobType@7a31aa45
?[m?[37m[INFO] 10:33:53,954 [Test worker] connections.access.getIsolatedConnection - HHH10001501: Connection obtained from JdbcConnectionAccess [org.hibernate.engine.jdbc.env.internal.JdbcEnvironmentInitiator$ConnectionProviderJdbcConnectionAccess@124d60e1] for (non-JTA) DDL execution was not in auto-commit mode; the Connection 'local transaction' will be committed and the Connection will be set into auto-commit mode.
?[m?[37m[INFO] 10:33:53,980 [Test worker] persistence.HibernateConfiguration.makeSessionFactoryForSchemas - Created session factory for schemas: [PersistentIdentitiesMigrationSchemaV1(name=net.corda.node.migration.PersistentIdentitiesMigrationSchema, version=1)]
?[m?[37m[INFO] 10:33:53,981 [Test worker] internal.QueryTranslatorFactoryInitiator.initiateService - HHH000397: Using ASTQueryTranslatorFactory
?[m?[37m[INFO] 10:33:53,997 [Test worker] liquibase.info - master.changelog.json: migration/node-services.changelog-init.xml::transfer-to-new-persistence-table::R3.Corda: null
?[m?[37m[INFO] 10:33:53,997 [Test worker] liquibase.info - master.changelog.json: migration/node-services.changelog-init.xml::transfer-to-new-persistence-table::R3.Corda: ChangeSet migration/node-services.changelog-init.xml::transfer-to-new-persistence-table::R3.Corda ran successfully in 85ms
?[m?[37m[INFO] 10:33:53,999 [Test worker] migration.VaultStateMigration.execute - Migrating vault state data to V4 tables
?[m?[37m[INFO] 10:33:54,002 [Test worker] persistence.HibernateConfiguration.<init> - Init HibernateConfiguration for schemas: [VaultMigrationSchemaV1(name=net.corda.node.migration.VaultMigrationSchema, version=1), VaultSchemaV1(name=net.corda.node.services.vault.VaultSchema, version=1)]
?[m?[37m[INFO] 10:33:54,002 [Test worker] persistence.HibernateConfiguration.makeSessionFactoryForSchemas - Creating session factory for schemas: [VaultMigrationSchemaV1(name=net.corda.node.migration.VaultMigrationSchema, version=1), VaultSchemaV1(name=net.corda.node.services.vault.VaultSchema, version=1)]
?[m?[37m[INFO] 10:33:54,009 [Test worker] internal.ConnectionProviderInitiator.initiateService - HHH000130: Instantiating explicit connection provider: net.corda.nodeapi.internal.persistence.HibernateConfiguration$NodeDatabaseConnectionProvider
?[m?[37m[INFO] 10:33:54,009 [Test worker] dialect.Dialect.<init> - HHH000400: Using dialect: org.hibernate.dialect.H2Dialect
?[m?[37m[INFO] 10:33:54,012 [Test worker] type.BasicTypeRegistry.register - HHH000270: Type registration [materialized_blob] overrides previous : org.hibernate.type.MaterializedBlobType@7a31aa45
?[m?[37m[INFO] 10:33:54,053 [Test worker] connections.access.getIsolatedConnection - HHH10001501: Connection obtained from JdbcConnectionAccess [org.hibernate.engine.jdbc.env.internal.JdbcEnvironmentInitiator$ConnectionProviderJdbcConnectionAccess@3034bb7] for (non-JTA) DDL execution was not in auto-commit mode; the Connection 'local transaction' will be committed and the Connection will be set into auto-commit mode.
?[m?[37m[INFO] 10:33:54,088 [Test worker] persistence.HibernateConfiguration.makeSessionFactoryForSchemas - Created session factory for schemas: [VaultMigrationSchemaV1(name=net.corda.node.migration.VaultMigrationSchema, version=1), VaultSchemaV1(name=net.corda.node.services.vault.VaultSchema, version=1)]
?[m?[37m[INFO] 10:33:54,089 [Test worker] internal.QueryTranslatorFactoryInitiator.initiateService - HHH000397: Using ASTQueryTranslatorFactory
?[m?[37m[INFO] 10:33:54,098 [Test worker] migration.VaultStateMigration.execute - Finished performing vault state data migration for 0 states
?[m?[37m[INFO] 10:33:54,098 [Test worker] liquibase.info - master.changelog.json: migration/vault-schema.changelog-v9.xml::update-vault-states::R3.Corda: null
?[m?[37m[INFO] 10:33:54,098 [Test worker] liquibase.info - master.changelog.json: migration/vault-schema.changelog-v9.xml::update-vault-states::R3.Corda: ChangeSet migration/vault-schema.changelog-v9.xml::update-vault-states::R3.Corda ran successfully in 99ms
?[m?[37m[INFO] 10:33:54,100 [Test worker] liquibase.info - master.changelog.json: migration/cash.changelog-init.xml::1511451595465-2::R3.Corda: Table contract_cash_states created
?[m?[37m[INFO] 10:33:54,101 [Test worker] liquibase.info - master.changelog.json: migration/cash.changelog-init.xml::1511451595465-2::R3.Corda: ChangeSet migration/cash.changelog-init.xml::1511451595465-2::R3.Corda ran successfully in 1ms
?[m?[37m[INFO] 10:33:54,102 [Test worker] liquibase.info - master.changelog.json: migration/cash.changelog-init.xml::1511451595465-28::R3.Corda: Primary key added to contract_cash_states (output_index, transaction_id)
?[m?[37m[INFO] 10:33:54,103 [Test worker] liquibase.info - master.changelog.json: migration/cash.changelog-init.xml::1511451595465-28::R3.Corda: ChangeSet migration/cash.changelog-init.xml::1511451595465-28::R3.Corda ran successfully in 1ms
?[m?[37m[INFO] 10:33:54,104 [Test worker] liquibase.info - master.changelog.json: migration/cash.changelog-init.xml::1511451595465-51::R3.Corda: Index ccy_code_idx created
?[m?[37m[INFO] 10:33:54,105 [Test worker] liquibase.info - master.changelog.json: migration/cash.changelog-init.xml::1511451595465-51::R3.Corda: ChangeSet migration/cash.changelog-init.xml::1511451595465-51::R3.Corda ran successfully in 1ms
?[m?[37m[INFO] 10:33:54,106 [Test worker] liquibase.info - master.changelog.json: migration/cash.changelog-init.xml::1511451595465-57::R3.Corda: Index pennies_idx created
?[m?[37m[INFO] 10:33:54,107 [Test worker] liquibase.info - master.changelog.json: migration/cash.changelog-init.xml::1511451595465-57::R3.Corda: ChangeSet migration/cash.changelog-init.xml::1511451595465-57::R3.Corda ran successfully in 0ms
?[m?[37m[INFO] 10:33:54,109 [Test worker] liquibase.info - master.changelog.json: migration/node-services.changelog-init.xml::1525793504::R3.Corda: Index ccy_code_idx dropped from table contract_cash_states
?[m?[37m[INFO] 10:33:54,110 [Test worker] liquibase.info - master.changelog.json: migration/node-services.changelog-init.xml::1525793504::R3.Corda: Null constraint has been added to contract_cash_states.ccy_code
?[m?[37m[INFO] 10:33:54,110 [Test worker] liquibase.info - master.changelog.json: migration/node-services.changelog-init.xml::1525793504::R3.Corda: Index ccy_code_idx created
?[m?[37m[INFO] 10:33:54,110 [Test worker] liquibase.info - master.changelog.json: migration/node-services.changelog-init.xml::1525793504::R3.Corda: Null constraint has been added to contract_cash_states.issuer_key_hash
?[m?[37m[INFO] 10:33:54,111 [Test worker] liquibase.info - master.changelog.json: migration/node-services.changelog-init.xml::1525793504::R3.Corda: Null constraint has been added to contract_cash_states.issuer_ref
?[m?[37m[INFO] 10:33:54,111 [Test worker] liquibase.info - master.changelog.json: migration/node-services.changelog-init.xml::1525793504::R3.Corda: Index pennies_idx dropped from table contract_cash_states
?[m?[37m[INFO] 10:33:54,111 [Test worker] liquibase.info - master.changelog.json: migration/node-services.changelog-init.xml::1525793504::R3.Corda: Null constraint has been added to contract_cash_states.pennies
?[m?[37m[INFO] 10:33:54,112 [Test worker] liquibase.info - master.changelog.json: migration/node-services.changelog-init.xml::1525793504::R3.Corda: Index pennies_idx created
?[m?[37m[INFO] 10:33:54,112 [Test worker] liquibase.info - master.changelog.json: migration/node-services.changelog-init.xml::1525793504::R3.Corda: ChangeSet migration/node-services.changelog-init.xml::1525793504::R3.Corda ran successfully in 3ms
?[m?[37m[INFO] 10:33:54,114 [Test worker] liquibase.info - master.changelog.json: migration/commercial-paper.changelog-init.xml::1511451595465-3::R3.Corda: Table cp_states created
?[m?[37m[INFO] 10:33:54,114 [Test worker] liquibase.info - master.changelog.json: migration/commercial-paper.changelog-init.xml::1511451595465-3::R3.Corda: ChangeSet migration/commercial-paper.changelog-init.xml::1511451595465-3::R3.Corda ran successfully in 1ms
?[m?[37m[INFO] 10:33:54,115 [Test worker] liquibase.info - master.changelog.json: migration/commercial-paper.changelog-init.xml::1511451595465-29::R3.Corda: Primary key added to cp_states (output_index, transaction_id)
?[m?[37m[INFO] 10:33:54,116 [Test worker] liquibase.info - master.changelog.json: migration/commercial-paper.changelog-init.xml::1511451595465-29::R3.Corda: ChangeSet migration/commercial-paper.changelog-init.xml::1511451595465-29::R3.Corda ran successfully in 0ms
?[m?[37m[INFO] 10:33:54,118 [Test worker] liquibase.info - master.changelog.json: migration/commercial-paper.changelog-init.xml::1511451595465-52::R3.Corda: Index ccy_code_index created
?[m?[37m[INFO] 10:33:54,118 [Test worker] liquibase.info - master.changelog.json: migration/commercial-paper.changelog-init.xml::1511451595465-52::R3.Corda: ChangeSet migration/commercial-paper.changelog-init.xml::1511451595465-52::R3.Corda ran successfully in 1ms
?[m?[37m[INFO] 10:33:54,120 [Test worker] liquibase.info - master.changelog.json: migration/commercial-paper.changelog-init.xml::1511451595465-54::R3.Corda: Index face_value_index created
?[m?[37m[INFO] 10:33:54,120 [Test worker] liquibase.info - master.changelog.json: migration/commercial-paper.changelog-init.xml::1511451595465-54::R3.Corda: ChangeSet migration/commercial-paper.changelog-init.xml::1511451595465-54::R3.Corda ran successfully in 1ms
?[m?[37m[INFO] 10:33:54,122 [Test worker] liquibase.info - master.changelog.json: migration/commercial-paper.changelog-init.xml::1511451595465-56::R3.Corda: Index maturity_index created
?[m?[37m[INFO] 10:33:54,122 [Test worker] liquibase.info - master.changelog.json: migration/commercial-paper.changelog-init.xml::1511451595465-56::R3.Corda: ChangeSet migration/commercial-paper.changelog-init.xml::1511451595465-56::R3.Corda ran successfully in 1ms
?[m?[37m[INFO] 10:33:54,124 [Test worker] liquibase.info - master.changelog.json: migration/commercial-paper.changelog-v1.xml::1525962920::R3.Corda: Index ccy_code_index dropped from table cp_states
?[m?[37m[INFO] 10:33:54,124 [Test worker] liquibase.info - master.changelog.json: migration/commercial-paper.changelog-v1.xml::1525962920::R3.Corda: Null constraint has been added to cp_states.ccy_code
?[m?[37m[INFO] 10:33:54,125 [Test worker] liquibase.info - master.changelog.json: migration/commercial-paper.changelog-v1.xml::1525962920::R3.Corda: Index ccy_code_index created
?[m?[37m[INFO] 10:33:54,125 [Test worker] liquibase.info - master.changelog.json: migration/commercial-paper.changelog-v1.xml::1525962920::R3.Corda: Index face_value_index dropped from table cp_states
?[m?[37m[INFO] 10:33:54,125 [Test worker] liquibase.info - master.changelog.json: migration/commercial-paper.changelog-v1.xml::1525962920::R3.Corda: Null constraint has been added to cp_states.face_value
?[m?[37m[INFO] 10:33:54,126 [Test worker] liquibase.info - master.changelog.json: migration/commercial-paper.changelog-v1.xml::1525962920::R3.Corda: Index face_value_index created
?[m?[37m[INFO] 10:33:54,126 [Test worker] liquibase.info - master.changelog.json: migration/commercial-paper.changelog-v1.xml::1525962920::R3.Corda: Null constraint has been added to cp_states.face_value_issuer_key_hash
?[m?[37m[INFO] 10:33:54,127 [Test worker] liquibase.info - master.changelog.json: migration/commercial-paper.changelog-v1.xml::1525962920::R3.Corda: Null constraint has been added to cp_states.face_value_issuer_ref
?[m?[37m[INFO] 10:33:54,127 [Test worker] liquibase.info - master.changelog.json: migration/commercial-paper.changelog-v1.xml::1525962920::R3.Corda: Null constraint has been added to cp_states.issuance_key_hash
?[m?[37m[INFO] 10:33:54,127 [Test worker] liquibase.info - master.changelog.json: migration/commercial-paper.changelog-v1.xml::1525962920::R3.Corda: Null constraint has been added to cp_states.issuance_ref
?[m?[37m[INFO] 10:33:54,128 [Test worker] liquibase.info - master.changelog.json: migration/commercial-paper.changelog-v1.xml::1525962920::R3.Corda: Index maturity_index dropped from table cp_states
?[m?[37m[INFO] 10:33:54,128 [Test worker] liquibase.info - master.changelog.json: migration/commercial-paper.changelog-v1.xml::1525962920::R3.Corda: Null constraint has been added to cp_states.maturity_instant
?[m?[37m[INFO] 10:33:54,129 [Test worker] liquibase.info - master.changelog.json: migration/commercial-paper.changelog-v1.xml::1525962920::R3.Corda: Index maturity_index created
?[m?[37m[INFO] 10:33:54,129 [Test worker] liquibase.info - master.changelog.json: migration/commercial-paper.changelog-v1.xml::1525962920::R3.Corda: Null constraint has been added to cp_states.owner_key_hash
?[m?[37m[INFO] 10:33:54,130 [Test worker] liquibase.info - master.changelog.json: migration/commercial-paper.changelog-v1.xml::1525962920::R3.Corda: ChangeSet migration/commercial-paper.changelog-v1.xml::1525962920::R3.Corda ran successfully in 6ms
?[m?[37m[INFO] 10:33:54,132 [Test worker] liquibase.info - master.changelog.json: migration/node-services.changelog-init.xml::1511451595465-16::R3.Corda: Table node_notary_committed_states created
?[m?[37m[INFO] 10:33:54,132 [Test worker] liquibase.info - master.changelog.json: migration/node-services.changelog-init.xml::1511451595465-16::R3.Corda: ChangeSet migration/node-services.changelog-init.xml::1511451595465-16::R3.Corda ran successfully in 1ms
?[m?[37m[INFO] 10:33:54,134 [Test worker] liquibase.info - master.changelog.json: migration/node-services.changelog-init.xml::1521131680317-17::R3.Corda: Table node_notary_request_log created
?[m?[37m[INFO] 10:33:54,135 [Test worker] liquibase.info - master.changelog.json: migration/node-services.changelog-init.xml::1521131680317-17::R3.Corda: ChangeSet migration/node-services.changelog-init.xml::1521131680317-17::R3.Corda ran successfully in 1ms
?[m?[37m[INFO] 10:33:54,136 [Test worker] liquibase.info - master.changelog.json: migration/node-services.changelog-init.xml::1511451595465-41::R3.Corda: Primary key added to node_notary_committed_states (output_index, transaction_id)
?[m?[37m[INFO] 10:33:54,137 [Test worker] liquibase.info - master.changelog.json: migration/node-services.changelog-init.xml::1511451595465-41::R3.Corda: ChangeSet migration/node-services.changelog-init.xml::1511451595465-41::R3.Corda ran successfully in 0ms
?[m?[37m[INFO] 10:33:54,138 [Test worker] liquibase.info - master.changelog.json: migration/node-services.changelog-init.xml::1521131680317-48::R3.Corda: Primary key added to node_notary_request_log (id)
?[m?[37m[INFO] 10:33:54,138 [Test worker] liquibase.info - master.changelog.json: migration/node-services.changelog-init.xml::1521131680317-48::R3.Corda: ChangeSet migration/node-services.changelog-init.xml::1521131680317-48::R3.Corda ran successfully in 0ms
?[m?[37m[INFO] 10:33:54,141 [Test worker] liquibase.info - master.changelog.json: migration/node-services.changelog-init.xml::nullability::R3.Corda: Null constraint has been added to node_notary_committed_states.consuming_transaction_id
?[m?[37m[INFO] 10:33:54,141 [Test worker] liquibase.info - master.changelog.json: migration/node-services.changelog-init.xml::nullability::R3.Corda: ChangeSet migration/node-services.changelog-init.xml::nullability::R3.Corda ran successfully in 1ms
?[m?[37m[INFO] 10:33:54,152 [Test worker] liquibase.info - master.changelog.json: migration/node-notary.changelog-v2.xml::rename-table-notary-commit-log::R3.Corda: Marking ChangeSet: migration/node-notary.changelog-v2.xml::rename-table-notary-commit-log::R3.Corda ran despite precondition failure due to onFail='MARK_RAN': 
          master.changelog.json : Table PUBLIC.node_notary_commit_log does not exist

?[m?[37m[INFO] 10:33:54,155 [Test worker] liquibase.info - master.changelog.json: migration/node-notary.changelog-v2.xml::create-notary-request-log-table::R3.Corda: Marking ChangeSet: migration/node-notary.changelog-v2.xml::create-notary-request-log-table::R3.Corda ran despite precondition failure due to onFail='MARK_RAN': 
          master.changelog.json : Not precondition failed

?[m?[37m[INFO] 10:33:54,157 [Test worker] liquibase.info - master.changelog.json: migration/node-notary.changelog-committed-transactions-table.xml::create-notary-committed-transactions-table::R3.Corda: Table node_notary_committed_txs created
?[m?[37m[INFO] 10:33:54,157 [Test worker] liquibase.info - master.changelog.json: migration/node-notary.changelog-committed-transactions-table.xml::create-notary-committed-transactions-table::R3.Corda: Primary key added to node_notary_committed_txs (transaction_id)
?[m?[37m[INFO] 10:33:54,157 [Test worker] liquibase.info - master.changelog.json: migration/node-notary.changelog-committed-transactions-table.xml::create-notary-committed-transactions-table::R3.Corda: ChangeSet migration/node-notary.changelog-committed-transactions-table.xml::create-notary-committed-transactions-table::R3.Corda ran successfully in 1ms
?[m?[37m[INFO] 10:33:54,159 [Test worker] liquibase.info - Successfully released change log lock
?[m?[37m[INFO] 10:33:54,159 [Test worker] internal.InternalMockNetwork$MockNode.invoke - Connected to H2 database.
?[m?[37m[INFO] 10:33:54,166 [Test worker] persistence.HibernateConfiguration.<init> - Init HibernateConfiguration for schemas: [CommonSchemaV1(name=net.corda.core.schemas.CommonSchema, version=1), VaultSchemaV1(name=net.corda.node.services.vault.VaultSchema, version=1), NodeInfoSchemaV1(name=net.corda.node.internal.schemas.NodeInfoSchema, version=1), NodeCoreV1(name=net.corda.node.services.schema.NodeSchemaService$NodeCore, version=1), CashSchemaV1(name=net.corda.finance.schemas.CashSchema, version=1), CommercialPaperSchemaV1(name=net.corda.finance.schemas.CommercialPaperSchema, version=1), NodeNotarySchemaV1(name=net.corda.node.services.transactions.NodeNotarySchema, version=1)]
?[m?[37m[INFO] 10:33:54,166 [Test worker] persistence.HibernateConfiguration.makeSessionFactoryForSchemas - Creating session factory for schemas: [CommonSchemaV1(name=net.corda.core.schemas.CommonSchema, version=1), VaultSchemaV1(name=net.corda.node.services.vault.VaultSchema, version=1), NodeInfoSchemaV1(name=net.corda.node.internal.schemas.NodeInfoSchema, version=1), NodeCoreV1(name=net.corda.node.services.schema.NodeSchemaService$NodeCore, version=1), CashSchemaV1(name=net.corda.finance.schemas.CashSchema, version=1), CommercialPaperSchemaV1(name=net.corda.finance.schemas.CommercialPaperSchema, version=1), NodeNotarySchemaV1(name=net.corda.node.services.transactions.NodeNotarySchema, version=1)]
?[m?[37m[INFO] 10:33:54,171 [Test worker] internal.ConnectionProviderInitiator.initiateService - HHH000130: Instantiating explicit connection provider: net.corda.nodeapi.internal.persistence.HibernateConfiguration$NodeDatabaseConnectionProvider
?[m?[37m[INFO] 10:33:54,171 [Test worker] dialect.Dialect.<init> - HHH000400: Using dialect: org.hibernate.dialect.H2Dialect
?[m?[37m[INFO] 10:33:54,173 [Test worker] type.BasicTypeRegistry.register - HHH000270: Type registration [materialized_blob] overrides previous : org.hibernate.type.MaterializedBlobType@7a31aa45
[...]
checkpoint.numberOfSuspends: 
    0
    1
isFlowResumed: 
    true
    false


 --- Transition of flow [1b33f154-c5f1-431a-9dad-9805af157ad1] ---
  Timestamp: 2019-06-19T09:34:03.525Z
  Event: DoRemainingWork
  Actions: 
    SendInitial(party=O=Bob Plc, L=Rome, C=IT, initialise=InitialSessionMessage(initiatorSessionId=SessionId(toLong=1953014859611848863), initiationEntropy=-6406797140790486523, initiatorFlowClassName=net.corda.confidential.identities.SyncKeyMappingInitiator, appName=<unknown>, firstPayload=class net.corda.core.serialization.SerializedBytes), deduplicationId=SenderDeduplicationId(deduplicationId=DeduplicationId(toString=N-R-1953014859611848863--6406797140790486523-1-0), senderUUID=0da360ce-10c1-4625-96b6-17789a6267fc))
  Continuation: ProcessEvents
  Diff between previous and next state:
checkpoint.flowState.flowIORequest: 
    SendAndReceive({FlowSessionImpl(counterparty=O=Bob Plc, L=Rome, C=IT, sourceSessionId=SessionId(toLong=1953014859611848863))=FlowSessionImpl(counterparty=O=Bob Plc, L=Rome, C=IT, sourceSessionId=SessionId(toLong=1953014859611848863))=DA4E8759BE72809E90CDC898880639C04C78EB2B35BC3D20BC7C5B60B26330B9}, shouldRetrySend=false)
    Receive(sessions=[FlowSessionImpl(counterparty=O=Bob Plc, L=Rome, C=IT, sourceSessionId=SessionId(toLong=1953014859611848863))])
checkpoint.sessions.SessionId(toLong=1953014859611848863): 
    Uninitiated(party=O=Bob Plc, L=Rome, C=IT, initiatingSubFlow=Initiating(flowClass=class net.corda.confidential.identities.SyncKeyMappingInitiator, classToInitiateWith=class net.corda.confidential.identities.SyncKeyMappingInitiator, flowInfo=FlowInfo(flowVersion=1, appName=<unknown>), subFlowVersion=CoreFlow(platformVersion=5), isEnabledTimedFlow=false), sourceSessionId=SessionId(toLong=1953014859611848863), additionalEntropy=-6406797140790486523)
    Initiating(bufferedMessages=[], rejectionError=null, deduplicationSeed=R-1953014859611848863--6406797140790486523)


 --- Transition of flow [1b33f154-c5f1-431a-9dad-9805af157ad1] ---
  Timestamp: 2019-06-19T09:34:03.535Z
  Event: DeliverSessionMessage(sessionMessage=ExistingSessionMessage(recipientSessionId=SessionId(toLong=1953014859611848863), payload=ConfirmSessionMessage(initiatedSessionId=SessionId(toLong=638980050707302791), initiatedFlowInfo=FlowInfo(flowVersion=1, appName=<unknown>))), deduplicationHandler=net.corda.testing.node.internal.MockNodeMessagingService$InMemoryDeduplicationHandler@621951c8, sender=O=Bob Plc, L=Rome, C=IT)
  Actions: 
    ScheduleEvent(event=DoRemainingWork)
  Continuation: ProcessEvents
  Diff between previous and next state:
checkpoint.sessions.SessionId(toLong=1953014859611848863): 
    Initiating(bufferedMessages=[], rejectionError=null, deduplicationSeed=R-1953014859611848863--6406797140790486523)
    Initiated(peerParty=O=Bob Plc, L=Rome, C=IT, peerFlowInfo=FlowInfo(flowVersion=1, appName=<unknown>), receivedMessages=[], initiatedState=Live(peerSinkSessionId=SessionId(toLong=638980050707302791)), errors=[], deduplicationSeed=R-1953014859611848863--6406797140790486523)
pendingDeduplicationHandlers: 
    []
    [net.corda.testing.node.internal.MockNodeMessagingService$InMemoryDeduplicationHandler@621951c8]


 --- Transition of flow [1b33f154-c5f1-431a-9dad-9805af157ad1] ---
  Timestamp: 2019-06-19T09:34:03.535Z
  Event: DoRemainingWork
  Actions: 
    
  Continuation: ProcessEvents
  Diff between previous and next state:
null

 --- Transition of flow [1b33f154-c5f1-431a-9dad-9805af157ad1] ---
  Timestamp: 2019-06-19T09:34:03.541Z
  Event: DeliverSessionMessage(sessionMessage=ExistingSessionMessage(recipientSessionId=SessionId(toLong=1953014859611848863), payload=DataSessionMessage(payload=class net.corda.core.serialization.SerializedBytes)), deduplicationHandler=net.corda.testing.node.internal.MockNodeMessagingService$InMemoryDeduplicationHandler@70a094e9, sender=O=Bob Plc, L=Rome, C=IT)
  Actions: 
    ScheduleEvent(event=DoRemainingWork)
  Continuation: ProcessEvents
  Diff between previous and next state:
checkpoint.sessions.SessionId(toLong=1953014859611848863).receivedMessages: 
    []
    [DataSessionMessage(payload=class net.corda.core.serialization.SerializedBytes)]
pendingDeduplicationHandlers: 
    [net.corda.testing.node.internal.MockNodeMessagingService$InMemoryDeduplicationHandler@621951c8]
    [net.corda.testing.node.internal.MockNodeMessagingService$InMemoryDeduplicationHandler@621951c8, net.corda.testing.node.internal.MockNodeMessagingService$InMemoryDeduplicationHandler@70a094e9]


 --- Transition of flow [1b33f154-c5f1-431a-9dad-9805af157ad1] ---
  Timestamp: 2019-06-19T09:34:03.541Z
  Event: DoRemainingWork
  Actions: 
    CreateTransaction
  Continuation: Resume(result=class java.util.LinkedHashMap)
  Diff between previous and next state:
checkpoint.sessions.SessionId(toLong=1953014859611848863).receivedMessages: 
    [DataSessionMessage(payload=class net.corda.core.serialization.SerializedBytes)]
    []
isFlowResumed: 
    false
    true


 --- Transition of flow [1b33f154-c5f1-431a-9dad-9805af157ad1] ---
  Timestamp: 2019-06-19T09:34:03.544Z
  Event: Suspend(ioRequest=Send(sessionToMessage={FlowSessionImpl(counterparty=O=Bob Plc, L=Rome, C=IT, sourceSessionId=SessionId(toLong=1953014859611848863))=75337E0C793C29E748508A41718550C74415517AC214C8859C1A446DA124A134}), maySkipCheckpoint=false, fiber=17C1D9DC41E46F27050E98CB2E3C9A0B9BEFD466F240BAF119B145A9C55F4F19, )
  Actions: 
    PersistCheckpoint(id=[1b33f154-c5f1-431a-9dad-9805af157ad1], checkpoint=Checkpoint(invocationContext=InvocationContext(origin=RPC(actor=Actor(id=Id(value=Only For Testing), serviceId=AuthServiceId(value=TEST), owningLegalIdentity=O=Alice Corp, L=Madrid, C=ES)), trace=Trace(invocationId=80c8904a-69ab-4881-ae2f-97108d6a5293, timestamp: 2019-06-19T09:34:03.478Z, entityType: Invocation, sessionId=80c8904a-69ab-4881-ae2f-97108d6a5293, timestamp: 2019-06-19T09:34:03.478Z, entityType: Session), actor=Actor(id=Id(value=Only For Testing), serviceId=AuthServiceId(value=TEST), owningLegalIdentity=O=Alice Corp, L=Madrid, C=ES), externalTrace=null, impersonatedActor=null), ourIdentity=O=Alice Corp, L=Madrid, C=ES, sessions={SessionId(toLong=1953014859611848863)=Initiated(peerParty=O=Bob Plc, L=Rome, C=IT, peerFlowInfo=FlowInfo(flowVersion=1, appName=<unknown>), receivedMessages=[], initiatedState=Live(peerSinkSessionId=SessionId(toLong=638980050707302791)), errors=[], deduplicationSeed=R-1953014859611848863--6406797140790486523)}, subFlowStack=[Initiating(flowClass=class net.corda.confidential.identities.SyncKeyMappingInitiator, classToInitiateWith=class net.corda.confidential.identities.SyncKeyMappingInitiator, flowInfo=FlowInfo(flowVersion=1, appName=<unknown>), subFlowVersion=CoreFlow(platformVersion=5), isEnabledTimedFlow=false), Inlined(flowClass=class net.corda.confidential.identities.SyncKeyMappingFlow, subFlowVersion=CoreFlow(platformVersion=5), isEnabledTimedFlow=false)], flowState=Started(flowIORequest=Send(sessionToMessage={FlowSessionImpl(counterparty=O=Bob Plc, L=Rome, C=IT, sourceSessionId=SessionId(toLong=1953014859611848863))=75337E0C793C29E748508A41718550C74415517AC214C8859C1A446DA124A134}), frozenFiber=17C1D9DC41E46F27050E98CB2E3C9A0B9BEFD466F240BAF119B145A9C55F4F19), errorState=Clean, numberOfSuspends=2), isCheckpointUpdate=true)
    PersistDeduplicationFacts(deduplicationHandlers=[net.corda.testing.node.internal.MockNodeMessagingService$InMemoryDeduplicationHandler@621951c8, net.corda.testing.node.internal.MockNodeMessagingService$InMemoryDeduplicationHandler@70a094e9])
    CommitTransaction
    AcknowledgeMessages(deduplicationHandlers=[net.corda.testing.node.internal.MockNodeMessagingService$InMemoryDeduplicationHandler@621951c8, net.corda.testing.node.internal.MockNodeMessagingService$InMemoryDeduplicationHandler@70a094e9])
    ScheduleEvent(event=DoRemainingWork)
  Continuation: ProcessEvents
  Diff between previous and next state:
checkpoint.flowState.flowIORequest: 
    Receive(sessions=[FlowSessionImpl(counterparty=O=Bob Plc, L=Rome, C=IT, sourceSessionId=SessionId(toLong=1953014859611848863))])
    Send(sessionToMessage={FlowSessionImpl(counterparty=O=Bob Plc, L=Rome, C=IT, sourceSessionId=SessionId(toLong=1953014859611848863))=75337E0C793C29E748508A41718550C74415517AC214C8859C1A446DA124A134})
checkpoint.flowState.frozenFiber.hash: 
    0A4C6D313C6623876348A99C7A5890E50DA41C5D2337B4B82565B03AF15E1622
    17C1D9DC41E46F27050E98CB2E3C9A0B9BEFD466F240BAF119B145A9C55F4F19
checkpoint.numberOfSuspends: 
    1
    2
pendingDeduplicationHandlers: 
    [net.corda.testing.node.internal.MockNodeMessagingService$InMemoryDeduplicationHandler@621951c8, net.corda.testing.node.internal.MockNodeMessagingService$InMemoryDeduplicationHandler@70a094e9]
    []
isFlowResumed: 
    true
    false


 --- Transition of flow [1b33f154-c5f1-431a-9dad-9805af157ad1] ---
  Timestamp: 2019-06-19T09:34:03.544Z
  Event: DoRemainingWork
  Actions: 
    SendExisting(peerParty=O=Bob Plc, L=Rome, C=IT, message=ExistingSessionMessage(recipientSessionId=SessionId(toLong=638980050707302791), payload=DataSessionMessage(payload=class net.corda.core.serialization.SerializedBytes)), deduplicationId=SenderDeduplicationId(deduplicationId=DeduplicationId(toString=N-R-1953014859611848863--6406797140790486523-2-0), senderUUID=0da360ce-10c1-4625-96b6-17789a6267fc))
    CreateTransaction
  Continuation: Resume(result=class kotlin.Unit)
  Diff between previous and next state:
isFlowResumed: 
    false
    true


 --- Transition of flow [1b33f154-c5f1-431a-9dad-9805af157ad1] ---
  Timestamp: 2019-06-19T09:34:03.544Z
  Event: LeaveSubFlow
  Actions: 
    
  Continuation: ProcessEvents
  Diff between previous and next state:
checkpoint.subFlowStack: 
    [Initiating(flowClass=class net.corda.confidential.identities.SyncKeyMappingInitiator, classToInitiateWith=class net.corda.confidential.identities.SyncKeyMappingInitiator, flowInfo=FlowInfo(flowVersion=1, appName=<unknown>), subFlowVersion=CoreFlow(platformVersion=5), isEnabledTimedFlow=false), Inlined(flowClass=class net.corda.confidential.identities.SyncKeyMappingFlow, subFlowVersion=CoreFlow(platformVersion=5), isEnabledTimedFlow=false)]
    [Initiating(flowClass=class net.corda.confidential.identities.SyncKeyMappingInitiator, classToInitiateWith=class net.corda.confidential.identities.SyncKeyMappingInitiator, flowInfo=FlowInfo(flowVersion=1, appName=<unknown>), subFlowVersion=CoreFlow(platformVersion=5), isEnabledTimedFlow=false)]


 --- Transition of flow [1b33f154-c5f1-431a-9dad-9805af157ad1] ---
  Timestamp: 2019-06-19T09:34:03.547Z
  Event: Suspend(ioRequest=Receive(sessions=[FlowSessionImpl(counterparty=O=Bob Plc, L=Rome, C=IT, sourceSessionId=SessionId(toLong=1953014859611848863))]), maySkipCheckpoint=false, fiber=9850E45B698538145DDFF05CFBA26019AC9D89719E82A133A6EF3153CC6DCB83, )
  Actions: 
    PersistCheckpoint(id=[1b33f154-c5f1-431a-9dad-9805af157ad1], checkpoint=Checkpoint(invocationContext=InvocationContext(origin=RPC(actor=Actor(id=Id(value=Only For Testing), serviceId=AuthServiceId(value=TEST), owningLegalIdentity=O=Alice Corp, L=Madrid, C=ES)), trace=Trace(invocationId=80c8904a-69ab-4881-ae2f-97108d6a5293, timestamp: 2019-06-19T09:34:03.478Z, entityType: Invocation, sessionId=80c8904a-69ab-4881-ae2f-97108d6a5293, timestamp: 2019-06-19T09:34:03.478Z, entityType: Session), actor=Actor(id=Id(value=Only For Testing), serviceId=AuthServiceId(value=TEST), owningLegalIdentity=O=Alice Corp, L=Madrid, C=ES), externalTrace=null, impersonatedActor=null), ourIdentity=O=Alice Corp, L=Madrid, C=ES, sessions={SessionId(toLong=1953014859611848863)=Initiated(peerParty=O=Bob Plc, L=Rome, C=IT, peerFlowInfo=FlowInfo(flowVersion=1, appName=<unknown>), receivedMessages=[], initiatedState=Live(peerSinkSessionId=SessionId(toLong=638980050707302791)), errors=[], deduplicationSeed=R-1953014859611848863--6406797140790486523)}, subFlowStack=[Initiating(flowClass=class net.corda.confidential.identities.SyncKeyMappingInitiator, classToInitiateWith=class net.corda.confidential.identities.SyncKeyMappingInitiator, flowInfo=FlowInfo(flowVersion=1, appName=<unknown>), subFlowVersion=CoreFlow(platformVersion=5), isEnabledTimedFlow=false)], flowState=Started(flowIORequest=Receive(sessions=[FlowSessionImpl(counterparty=O=Bob Plc, L=Rome, C=IT, sourceSessionId=SessionId(toLong=1953014859611848863))]), frozenFiber=9850E45B698538145DDFF05CFBA26019AC9D89719E82A133A6EF3153CC6DCB83), errorState=Clean, numberOfSuspends=3), isCheckpointUpdate=true)
    PersistDeduplicationFacts(deduplicationHandlers=[])
    CommitTransaction
    AcknowledgeMessages(deduplicationHandlers=[])
    ScheduleEvent(event=DoRemainingWork)
  Continuation: ProcessEvents
  Diff between previous and next state:
checkpoint.flowState.flowIORequest: 
    Send(sessionToMessage={FlowSessionImpl(counterparty=O=Bob Plc, L=Rome, C=IT, sourceSessionId=SessionId(toLong=1953014859611848863))=75337E0C793C29E748508A41718550C74415517AC214C8859C1A446DA124A134})
    Receive(sessions=[FlowSessionImpl(counterparty=O=Bob Plc, L=Rome, C=IT, sourceSessionId=SessionId(toLong=1953014859611848863))])
checkpoint.flowState.frozenFiber.hash: 
    17C1D9DC41E46F27050E98CB2E3C9A0B9BEFD466F240BAF119B145A9C55F4F19
    9850E45B698538145DDFF05CFBA26019AC9D89719E82A133A6EF3153CC6DCB83
checkpoint.numberOfSuspends: 
    2
    3
isFlowResumed: 
    true
    false


 --- Transition of flow [1b33f154-c5f1-431a-9dad-9805af157ad1] ---
  Timestamp: 2019-06-19T09:34:03.547Z
  Event: DoRemainingWork
  Actions: 
    
  Continuation: ProcessEvents
  Diff between previous and next state:
null

 --- Transition of flow [1b33f154-c5f1-431a-9dad-9805af157ad1] ---
  Timestamp: 2019-06-19T09:34:03.639Z
  Event: DeliverSessionMessage(sessionMessage=ExistingSessionMessage(recipientSessionId=SessionId(toLong=1953014859611848863), payload=ErrorSessionMessage(flowException=null, errorId=8846550760029296164)), deduplicationHandler=net.corda.testing.node.internal.MockNodeMessagingService$InMemoryDeduplicationHandler@6c433fd, sender=O=Bob Plc, L=Rome, C=IT)
  Actions: 
    ScheduleEvent(event=DoRemainingWork)
  Continuation: ProcessEvents
  Diff between previous and next state:
checkpoint.sessions.SessionId(toLong=1953014859611848863).errors: 
    []
    [FlowError(errorId=8846550760029296164, exception=net.corda.core.flows.UnexpectedFlowEndException: Counter-flow errored)]
pendingDeduplicationHandlers: 
    []
    [net.corda.testing.node.internal.MockNodeMessagingService$InMemoryDeduplicationHandler@6c433fd]


 --- Transition of flow [1b33f154-c5f1-431a-9dad-9805af157ad1] ---
  Timestamp: 2019-06-19T09:34:03.639Z
  Event: DoRemainingWork
  Actions: 
    CreateTransaction
  Continuation: Throw(throwable=net.corda.core.flows.UnexpectedFlowEndException: Counter-flow errored)
  Diff between previous and next state:
isFlowResumed: 
    false
    true


 --- Transition of flow [1b33f154-c5f1-431a-9dad-9805af157ad1] ---
  Timestamp: 2019-06-19T09:34:03.641Z
  Event: Error(exception=net.corda.core.flows.UnexpectedFlowEndException: Counter-flow errored)
  Actions: 
    RollbackTransaction
    ScheduleEvent(event=DoRemainingWork)
  Continuation: ProcessEvents
  Diff between previous and next state:
checkpoint.errorState: 
    Clean
    Errored(errors=[FlowError(errorId=8846550760029296164, exception=net.corda.core.flows.UnexpectedFlowEndException: Counter-flow errored)], propagatedIndex=0, propagating=false)
isFlowResumed: 
    true
    false


 --- Transition of flow [1b33f154-c5f1-431a-9dad-9805af157ad1] ---
  Timestamp: 2019-06-19T09:34:03.641Z
  Event: DoRemainingWork
  Actions: 
    
  Continuation: ProcessEvents
  Diff between previous and next state:
null

 --- Transition of flow [1b33f154-c5f1-431a-9dad-9805af157ad1] ---
  Timestamp: 2019-06-19T09:34:03.641Z
  Event: StartErrorPropagation
  Actions: 
    ScheduleEvent(event=DoRemainingWork)
  Continuation: ProcessEvents
  Diff between previous and next state:
checkpoint.errorState.propagating: 
    false
    true
 {actor_id=Only For Testing, actor_owning_identity=O=Alice Corp, L=Madrid, C=ES, actor_store_id=TEST, fiber-id=10000016, flow-id=1b33f154-c5f1-431a-9dad-9805af157ad1, invocation_id=80c8904a-69ab-4881-ae2f-97108d6a5293, invocation_timestamp=2019-06-19T09:34:03.478Z, origin=Only For Testing, session_id=80c8904a-69ab-4881-ae2f-97108d6a5293, session_timestamp=2019-06-19T09:34:03.478Z, thread-id=925}
?[m?[31m[WARN] 10:34:03,647 [Mock node 1 thread] interceptors.DumpHistoryOnErrorInterceptor.executeTransition - Flow [1b33f154-c5f1-431a-9dad-9805af157ad1] error [errorCode=112u0jo, moreInformationAt=https://errors.corda.net/OS/5.0-SNAPSHOT-WILLH/112u0jo] {actor_id=Only For Testing, actor_owning_identity=O=Alice Corp, L=Madrid, C=ES, actor_store_id=TEST, fiber-id=10000016, flow-id=1b33f154-c5f1-431a-9dad-9805af157ad1, invocation_id=80c8904a-69ab-4881-ae2f-97108d6a5293, invocation_timestamp=2019-06-19T09:34:03.478Z, origin=Only For Testing, session_id=80c8904a-69ab-4881-ae2f-97108d6a5293, session_timestamp=2019-06-19T09:34:03.478Z, thread-id=925}
?[m net.corda.core.flows.UnexpectedFlowEndException: Counter-flow errored
	at Received unexpected counter-flow exception from peer O=Bob Plc, L=Rome, C=IT.() ~[?:?]
	at net.corda.node.services.statemachine.FlowStateMachineImpl.fillInLocalStackTrace(FlowStateMachineImpl.kt:175) ~[corda-node-5.0-SNAPSHOT-WILLH.jar:?]
	at net.corda.node.services.statemachine.FlowStateMachineImpl.processEventsUntilFlowIsResumed(FlowStateMachineImpl.kt:163) ~[corda-node-5.0-SNAPSHOT-WILLH.jar:?]
	at net.corda.node.services.statemachine.FlowStateMachineImpl.suspend(FlowStateMachineImpl.kt:447) ~[corda-node-5.0-SNAPSHOT-WILLH.jar:?]
	at net.corda.node.services.statemachine.FlowSessionImpl.receive(FlowSessionImpl.kt:69) ~[corda-node-5.0-SNAPSHOT-WILLH.jar:?]
	at net.corda.node.services.statemachine.FlowSessionImpl.receive(FlowSessionImpl.kt:73) ~[corda-node-5.0-SNAPSHOT-WILLH.jar:?]
	at net.corda.confidential.identities.SyncKeyMappingInitiator.call(SyncKeyMappingFlowTests.kt:149) ~[test/:?]
	at net.corda.confidential.identities.SyncKeyMappingInitiator.call(SyncKeyMappingFlowTests.kt:117) ~[test/:?]
	at net.corda.node.services.statemachine.FlowStateMachineImpl.run(FlowStateMachineImpl.kt:270) ~[corda-node-5.0-SNAPSHOT-WILLH.jar:?]
	at net.corda.node.services.statemachine.FlowStateMachineImpl.run(FlowStateMachineImpl.kt:46) ~[corda-node-5.0-SNAPSHOT-WILLH.jar:?]
	at co.paralleluniverse.fibers.Fiber.run1(Fiber.java:1092) ~[quasar-core-0.7.10-jdk8.jar:0.7.10]
	at co.paralleluniverse.fibers.Fiber.exec(Fiber.java:788) ~[quasar-core-0.7.10-jdk8.jar:0.7.10]
	at co.paralleluniverse.fibers.RunnableFiberTask.doExec(RunnableFiberTask.java:100) ~[quasar-core-0.7.10-jdk8.jar:0.7.10]
	at co.paralleluniverse.fibers.RunnableFiberTask.run(RunnableFiberTask.java:91) ~[quasar-core-0.7.10-jdk8.jar:0.7.10]
	at java.util.concurrent.Executors$RunnableAdapter.call(Executors.java:511) ~[?:1.8.0_201]
	at java.util.concurrent.FutureTask.run(FutureTask.java:266) ~[?:1.8.0_201]
	at java.util.concurrent.ScheduledThreadPoolExecutor$ScheduledFutureTask.access$201(ScheduledThreadPoolExecutor.java:180) ~[?:1.8.0_201]
	at java.util.concurrent.ScheduledThreadPoolExecutor$ScheduledFutureTask.run(ScheduledThreadPoolExecutor.java:293) ~[?:1.8.0_201]
	at java.util.concurrent.ThreadPoolExecutor.runWorker(ThreadPoolExecutor.java:1149) ~[?:1.8.0_201]
	at java.util.concurrent.ThreadPoolExecutor$Worker.run(ThreadPoolExecutor.java:624) ~[?:1.8.0_201]
	at net.corda.node.utilities.AffinityExecutor$ServiceAffinityExecutor$1$thread$1.run(AffinityExecutor.kt:63) ~[corda-node-5.0-SNAPSHOT-WILLH.jar:?]
]]></system-out>
  <system-err><![CDATA[]]></system-err>
</testsuite>
